[  1%] [34m[1mGenerating C code for ROS interfaces[0m
[  2%] [34m[1mGenerating C++ code for ROS interfaces[0m
[  2%] [32mBuilding CXX object CMakeFiles/test_node.dir/src/test_node.cpp.o[0m
[  2%] Built target ament_cmake_python_copy_leitungssatz
[  3%] [32m[1mLinking CXX executable test_node[0m
[  3%] Built target test_node
running egg_info
creating leitungssatz.egg-info
writing leitungssatz.egg-info/PKG-INFO
writing dependency_links to leitungssatz.egg-info/dependency_links.txt
writing top-level names to leitungssatz.egg-info/top_level.txt
writing manifest file 'leitungssatz.egg-info/SOURCES.txt'
reading manifest file 'leitungssatz.egg-info/SOURCES.txt'
writing manifest file 'leitungssatz.egg-info/SOURCES.txt'
[  3%] Built target ament_cmake_python_build_leitungssatz_egg
[  6%] [32mBuilding C object CMakeFiles/leitungssatz__rosidl_generator_c.dir/rosidl_generator_c/leitungssatz/srv/detail/set_exposure__functions.c.o[0m
[  6%] [32mBuilding C object CMakeFiles/leitungssatz__rosidl_generator_c.dir/rosidl_generator_c/leitungssatz/msg/detail/resolution__functions.c.o[0m
[  6%] [32mBuilding C object CMakeFiles/leitungssatz__rosidl_generator_c.dir/rosidl_generator_c/leitungssatz/msg/detail/vector_resolution__functions.c.o[0m
[  6%] [32mBuilding C object CMakeFiles/leitungssatz__rosidl_generator_c.dir/rosidl_generator_c/leitungssatz/srv/detail/get_board_location__functions.c.o[0m
[  6%] [32mBuilding C object CMakeFiles/leitungssatz__rosidl_generator_c.dir/rosidl_generator_c/leitungssatz/srv/detail/check_components__functions.c.o[0m
[  7%] [32mBuilding C object CMakeFiles/leitungssatz__rosidl_generator_c.dir/rosidl_generator_c/leitungssatz/srv/detail/add_tf2__functions.c.o[0m
[  8%] [32mBuilding C object CMakeFiles/leitungssatz__rosidl_generator_c.dir/rosidl_generator_c/leitungssatz/srv/detail/get_beep__functions.c.o[0m
[  9%] [32mBuilding C object CMakeFiles/leitungssatz__rosidl_generator_c.dir/rosidl_generator_c/leitungssatz/srv/detail/get_red_block__functions.c.o[0m
[ 10%] [32mBuilding C object CMakeFiles/leitungssatz__rosidl_generator_c.dir/rosidl_generator_c/leitungssatz/srv/detail/get_triangles__functions.c.o[0m
[ 11%] [32mBuilding C object CMakeFiles/leitungssatz__rosidl_generator_c.dir/rosidl_generator_c/leitungssatz/srv/detail/get_finished__functions.c.o[0m
[ 13%] [32mBuilding C object CMakeFiles/leitungssatz__rosidl_generator_c.dir/rosidl_generator_c/leitungssatz/srv/detail/select_cam__functions.c.o[0m
[ 13%] [32mBuilding C object CMakeFiles/leitungssatz__rosidl_generator_c.dir/rosidl_generator_c/leitungssatz/srv/detail/set_cable_orientation__functions.c.o[0m
[ 13%] [32mBuilding C object CMakeFiles/leitungssatz__rosidl_generator_c.dir/rosidl_generator_c/leitungssatz/srv/detail/grab_buchse__functions.c.o[0m
[ 13%] Built target leitungssatz__cpp
[ 13%] [34m[1mGenerating C++ type support for eProsima Fast-RTPS[0m
[ 14%] [34m[1mGenerating C++ introspection for ROS interfaces[0m
[ 14%] [34m[1mGenerating C++ type support dispatch for ROS interfaces[0m
[ 15%] [32m[1mLinking C shared library libleitungssatz__rosidl_generator_c.so[0m
[ 15%] Built target leitungssatz__rosidl_generator_c
[ 17%] [34m[1mGenerating C type support dispatch for ROS interfaces[0m
[ 17%] [34m[1mGenerating C introspection for ROS interfaces[0m
[ 17%] [34m[1mGenerating C type support for eProsima Fast-RTPS[0m
[ 18%] [32mBuilding CXX object CMakeFiles/leitungssatz__rosidl_typesupport_cpp.dir/rosidl_typesupport_cpp/leitungssatz/srv/get_beep__type_support.cpp.o[0m
[ 22%] [32mBuilding CXX object CMakeFiles/leitungssatz__rosidl_typesupport_cpp.dir/rosidl_typesupport_cpp/leitungssatz/srv/check_components__type_support.cpp.o[0m
[ 22%] [32mBuilding CXX object CMakeFiles/leitungssatz__rosidl_typesupport_cpp.dir/rosidl_typesupport_cpp/leitungssatz/srv/grab_buchse__type_support.cpp.o[0m
[ 22%] [32mBuilding CXX object CMakeFiles/leitungssatz__rosidl_typesupport_cpp.dir/rosidl_typesupport_cpp/leitungssatz/msg/resolution__type_support.cpp.o[0m
[ 22%] [32mBuilding CXX object CMakeFiles/leitungssatz__rosidl_typesupport_cpp.dir/rosidl_typesupport_cpp/leitungssatz/msg/vector_resolution__type_support.cpp.o[0m
[ 22%] [32mBuilding CXX object CMakeFiles/leitungssatz__rosidl_typesupport_cpp.dir/rosidl_typesupport_cpp/leitungssatz/srv/add_tf2__type_support.cpp.o[0m
[ 24%] [32mBuilding CXX object CMakeFiles/leitungssatz__rosidl_typesupport_cpp.dir/rosidl_typesupport_cpp/leitungssatz/srv/get_board_location__type_support.cpp.o[0m
[ 24%] [32mBuilding CXX object CMakeFiles/leitungssatz__rosidl_typesupport_cpp.dir/rosidl_typesupport_cpp/leitungssatz/srv/get_finished__type_support.cpp.o[0m
[ 24%] [32mBuilding CXX object CMakeFiles/leitungssatz__rosidl_typesupport_cpp.dir/rosidl_typesupport_cpp/leitungssatz/srv/get_triangles__type_support.cpp.o[0m
[ 25%] [32mBuilding CXX object CMakeFiles/leitungssatz__rosidl_typesupport_cpp.dir/rosidl_typesupport_cpp/leitungssatz/srv/get_red_block__type_support.cpp.o[0m
[ 26%] [32mBuilding CXX object CMakeFiles/leitungssatz__rosidl_typesupport_cpp.dir/rosidl_typesupport_cpp/leitungssatz/srv/select_cam__type_support.cpp.o[0m
[ 27%] [32mBuilding CXX object CMakeFiles/leitungssatz__rosidl_typesupport_c.dir/rosidl_typesupport_c/leitungssatz/msg/resolution__type_support.cpp.o[0m
[ 28%] [32mBuilding CXX object CMakeFiles/leitungssatz__rosidl_typesupport_introspection_cpp.dir/rosidl_typesupport_introspection_cpp/leitungssatz/msg/detail/resolution__type_support.cpp.o[0m
[ 29%] [32mBuilding CXX object CMakeFiles/leitungssatz__rosidl_typesupport_fastrtps_cpp.dir/rosidl_typesupport_fastrtps_cpp/leitungssatz/msg/detail/dds_fastrtps/resolution__type_support.cpp.o[0m
[ 30%] [32mBuilding CXX object CMakeFiles/leitungssatz__rosidl_typesupport_cpp.dir/rosidl_typesupport_cpp/leitungssatz/srv/set_cable_orientation__type_support.cpp.o[0m
[ 31%] [32mBuilding CXX object CMakeFiles/leitungssatz__rosidl_typesupport_cpp.dir/rosidl_typesupport_cpp/leitungssatz/srv/set_exposure__type_support.cpp.o[0m
[ 32%] [32mBuilding CXX object CMakeFiles/leitungssatz__rosidl_typesupport_fastrtps_cpp.dir/rosidl_typesupport_fastrtps_cpp/leitungssatz/msg/detail/dds_fastrtps/vector_resolution__type_support.cpp.o[0m
[ 33%] [32mBuilding CXX object CMakeFiles/leitungssatz__rosidl_typesupport_c.dir/rosidl_typesupport_c/leitungssatz/srv/add_tf2__type_support.cpp.o[0m
[ 35%] [32mBuilding CXX object CMakeFiles/leitungssatz__rosidl_typesupport_c.dir/rosidl_typesupport_c/leitungssatz/msg/vector_resolution__type_support.cpp.o[0m
[ 35%] [32mBuilding CXX object CMakeFiles/leitungssatz__rosidl_typesupport_introspection_cpp.dir/rosidl_typesupport_introspection_cpp/leitungssatz/msg/detail/vector_resolution__type_support.cpp.o[0m
[ 35%] [32mBuilding CXX object CMakeFiles/leitungssatz__rosidl_typesupport_c.dir/rosidl_typesupport_c/leitungssatz/srv/check_components__type_support.cpp.o[0m
[ 36%] [32mBuilding CXX object CMakeFiles/leitungssatz__rosidl_typesupport_introspection_cpp.dir/rosidl_typesupport_introspection_cpp/leitungssatz/srv/detail/add_tf2__type_support.cpp.o[0m
[ 37%] [32mBuilding CXX object CMakeFiles/leitungssatz__rosidl_typesupport_c.dir/rosidl_typesupport_c/leitungssatz/srv/get_beep__type_support.cpp.o[0m
[ 37%] [32mBuilding CXX object CMakeFiles/leitungssatz__rosidl_typesupport_fastrtps_cpp.dir/rosidl_typesupport_fastrtps_cpp/leitungssatz/srv/detail/dds_fastrtps/add_tf2__type_support.cpp.o[0m
[ 37%] [32mBuilding CXX object CMakeFiles/leitungssatz__rosidl_typesupport_fastrtps_cpp.dir/rosidl_typesupport_fastrtps_cpp/leitungssatz/srv/detail/dds_fastrtps/check_components__type_support.cpp.o[0m
[ 38%] [32mBuilding CXX object CMakeFiles/leitungssatz__rosidl_typesupport_c.dir/rosidl_typesupport_c/leitungssatz/srv/get_board_location__type_support.cpp.o[0m
[ 39%] [32mBuilding C object CMakeFiles/leitungssatz__rosidl_typesupport_introspection_c.dir/rosidl_typesupport_introspection_c/leitungssatz/msg/detail/resolution__type_support.c.o[0m
[ 39%] [32mBuilding C object CMakeFiles/leitungssatz__rosidl_typesupport_introspection_c.dir/rosidl_typesupport_introspection_c/leitungssatz/msg/detail/vector_resolution__type_support.c.o[0m
[ 42%] [32mBuilding CXX object CMakeFiles/leitungssatz__rosidl_typesupport_fastrtps_c.dir/rosidl_typesupport_fastrtps_c/leitungssatz/msg/detail/resolution__type_support_c.cpp.o[0m
[ 42%] [32mBuilding CXX object CMakeFiles/leitungssatz__rosidl_typesupport_fastrtps_cpp.dir/rosidl_typesupport_fastrtps_cpp/leitungssatz/srv/detail/dds_fastrtps/get_beep__type_support.cpp.o[0m
[ 42%] [32mBuilding C object CMakeFiles/leitungssatz__rosidl_typesupport_introspection_c.dir/rosidl_typesupport_introspection_c/leitungssatz/srv/detail/add_tf2__type_support.c.o[0m
[ 43%] [32mBuilding C object CMakeFiles/leitungssatz__rosidl_typesupport_introspection_c.dir/rosidl_typesupport_introspection_c/leitungssatz/srv/detail/check_components__type_support.c.o[0m
[ 44%] [32mBuilding CXX object CMakeFiles/leitungssatz__rosidl_typesupport_c.dir/rosidl_typesupport_c/leitungssatz/srv/get_finished__type_support.cpp.o[0m
[ 45%] [32mBuilding CXX object CMakeFiles/leitungssatz__rosidl_typesupport_c.dir/rosidl_typesupport_c/leitungssatz/srv/get_red_block__type_support.cpp.o[0m
[ 46%] [32mBuilding CXX object CMakeFiles/leitungssatz__rosidl_typesupport_introspection_cpp.dir/rosidl_typesupport_introspection_cpp/leitungssatz/srv/detail/check_components__type_support.cpp.o[0m
[ 47%] [32mBuilding CXX object CMakeFiles/leitungssatz__rosidl_typesupport_introspection_cpp.dir/rosidl_typesupport_introspection_cpp/leitungssatz/srv/detail/get_beep__type_support.cpp.o[0m
[ 48%] [32mBuilding C object CMakeFiles/leitungssatz__rosidl_typesupport_introspection_c.dir/rosidl_typesupport_introspection_c/leitungssatz/srv/detail/get_beep__type_support.c.o[0m
[ 49%] [32mBuilding CXX object CMakeFiles/leitungssatz__rosidl_typesupport_fastrtps_cpp.dir/rosidl_typesupport_fastrtps_cpp/leitungssatz/srv/detail/dds_fastrtps/get_board_location__type_support.cpp.o[0m
[ 49%] [32mBuilding CXX object CMakeFiles/leitungssatz__rosidl_typesupport_c.dir/rosidl_typesupport_c/leitungssatz/srv/get_triangles__type_support.cpp.o[0m
[ 50%] [32mBuilding CXX object CMakeFiles/leitungssatz__rosidl_typesupport_c.dir/rosidl_typesupport_c/leitungssatz/srv/grab_buchse__type_support.cpp.o[0m
[ 51%] [32mBuilding C object CMakeFiles/leitungssatz__rosidl_typesupport_introspection_c.dir/rosidl_typesupport_introspection_c/leitungssatz/srv/detail/get_board_location__type_support.c.o[0m
[ 52%] [32mBuilding CXX object CMakeFiles/leitungssatz__rosidl_typesupport_c.dir/rosidl_typesupport_c/leitungssatz/srv/select_cam__type_support.cpp.o[0m
[ 53%] [32mBuilding CXX object CMakeFiles/leitungssatz__rosidl_typesupport_fastrtps_c.dir/rosidl_typesupport_fastrtps_c/leitungssatz/msg/detail/vector_resolution__type_support_c.cpp.o[0m
[ 53%] [32mBuilding CXX object CMakeFiles/leitungssatz__rosidl_typesupport_fastrtps_c.dir/rosidl_typesupport_fastrtps_c/leitungssatz/srv/detail/add_tf2__type_support_c.cpp.o[0m
[ 53%] [32mBuilding C object CMakeFiles/leitungssatz__rosidl_typesupport_introspection_c.dir/rosidl_typesupport_introspection_c/leitungssatz/srv/detail/get_finished__type_support.c.o[0m
[ 53%] [32m[1mLinking CXX shared library libleitungssatz__rosidl_typesupport_cpp.so[0m
[ 54%] [32mBuilding CXX object CMakeFiles/leitungssatz__rosidl_typesupport_c.dir/rosidl_typesupport_c/leitungssatz/srv/set_cable_orientation__type_support.cpp.o[0m
[ 55%] [32mBuilding CXX object CMakeFiles/leitungssatz__rosidl_typesupport_fastrtps_c.dir/rosidl_typesupport_fastrtps_c/leitungssatz/srv/detail/check_components__type_support_c.cpp.o[0m
[ 56%] [32mBuilding C object CMakeFiles/leitungssatz__rosidl_typesupport_introspection_c.dir/rosidl_typesupport_introspection_c/leitungssatz/srv/detail/get_red_block__type_support.c.o[0m
[ 56%] [32mBuilding CXX object CMakeFiles/leitungssatz__rosidl_typesupport_c.dir/rosidl_typesupport_c/leitungssatz/srv/set_exposure__type_support.cpp.o[0m
[ 57%] [32mBuilding C object CMakeFiles/leitungssatz__rosidl_typesupport_introspection_c.dir/rosidl_typesupport_introspection_c/leitungssatz/srv/detail/get_triangles__type_support.c.o[0m
[ 59%] [32mBuilding CXX object CMakeFiles/leitungssatz__rosidl_typesupport_fastrtps_cpp.dir/rosidl_typesupport_fastrtps_cpp/leitungssatz/srv/detail/dds_fastrtps/get_finished__type_support.cpp.o[0m
[ 59%] [32mBuilding CXX object CMakeFiles/leitungssatz__rosidl_typesupport_introspection_cpp.dir/rosidl_typesupport_introspection_cpp/leitungssatz/srv/detail/get_board_location__type_support.cpp.o[0m
[ 60%] [32mBuilding C object CMakeFiles/leitungssatz__rosidl_typesupport_introspection_c.dir/rosidl_typesupport_introspection_c/leitungssatz/srv/detail/grab_buchse__type_support.c.o[0m
[ 60%] [32mBuilding C object CMakeFiles/leitungssatz__rosidl_typesupport_introspection_c.dir/rosidl_typesupport_introspection_c/leitungssatz/srv/detail/select_cam__type_support.c.o[0m
[ 61%] [32mBuilding CXX object CMakeFiles/leitungssatz__rosidl_typesupport_introspection_cpp.dir/rosidl_typesupport_introspection_cpp/leitungssatz/srv/detail/get_finished__type_support.cpp.o[0m
[ 61%] [32mBuilding CXX object CMakeFiles/leitungssatz__rosidl_typesupport_introspection_cpp.dir/rosidl_typesupport_introspection_cpp/leitungssatz/srv/detail/get_red_block__type_support.cpp.o[0m
[ 61%] Built target leitungssatz__rosidl_typesupport_cpp
[ 62%] [32m[1mLinking CXX shared library libleitungssatz__rosidl_typesupport_c.so[0m
[ 63%] [32mBuilding C object CMakeFiles/leitungssatz__rosidl_typesupport_introspection_c.dir/rosidl_typesupport_introspection_c/leitungssatz/srv/detail/set_cable_orientation__type_support.c.o[0m
[ 63%] [32mBuilding CXX object CMakeFiles/leitungssatz__rosidl_typesupport_fastrtps_cpp.dir/rosidl_typesupport_fastrtps_cpp/leitungssatz/srv/detail/dds_fastrtps/get_red_block__type_support.cpp.o[0m
[ 64%] [32mBuilding CXX object CMakeFiles/leitungssatz__rosidl_typesupport_fastrtps_c.dir/rosidl_typesupport_fastrtps_c/leitungssatz/srv/detail/get_beep__type_support_c.cpp.o[0m
[ 66%] [32mBuilding CXX object CMakeFiles/leitungssatz__rosidl_typesupport_introspection_cpp.dir/rosidl_typesupport_introspection_cpp/leitungssatz/srv/detail/get_triangles__type_support.cpp.o[0m
[ 66%] [32mBuilding C object CMakeFiles/leitungssatz__rosidl_typesupport_introspection_c.dir/rosidl_typesupport_introspection_c/leitungssatz/srv/detail/set_exposure__type_support.c.o[0m
[ 67%] [32mBuilding CXX object CMakeFiles/leitungssatz__rosidl_typesupport_introspection_cpp.dir/rosidl_typesupport_introspection_cpp/leitungssatz/srv/detail/grab_buchse__type_support.cpp.o[0m
[ 68%] [32mBuilding CXX object CMakeFiles/leitungssatz__rosidl_typesupport_fastrtps_c.dir/rosidl_typesupport_fastrtps_c/leitungssatz/srv/detail/get_board_location__type_support_c.cpp.o[0m
[ 69%] [32mBuilding CXX object CMakeFiles/leitungssatz__rosidl_typesupport_fastrtps_cpp.dir/rosidl_typesupport_fastrtps_cpp/leitungssatz/srv/detail/dds_fastrtps/get_triangles__type_support.cpp.o[0m
[ 70%] [32m[1mLinking C shared library libleitungssatz__rosidl_typesupport_introspection_c.so[0m
[ 71%] [32mBuilding CXX object CMakeFiles/leitungssatz__rosidl_typesupport_fastrtps_cpp.dir/rosidl_typesupport_fastrtps_cpp/leitungssatz/srv/detail/dds_fastrtps/grab_buchse__type_support.cpp.o[0m
[ 71%] Built target leitungssatz__rosidl_typesupport_c
[ 72%] [32mBuilding CXX object CMakeFiles/leitungssatz__rosidl_typesupport_fastrtps_cpp.dir/rosidl_typesupport_fastrtps_cpp/leitungssatz/srv/detail/dds_fastrtps/select_cam__type_support.cpp.o[0m
[ 73%] [32mBuilding CXX object CMakeFiles/leitungssatz__rosidl_typesupport_fastrtps_c.dir/rosidl_typesupport_fastrtps_c/leitungssatz/srv/detail/get_finished__type_support_c.cpp.o[0m
[ 74%] [32mBuilding CXX object CMakeFiles/leitungssatz__rosidl_typesupport_introspection_cpp.dir/rosidl_typesupport_introspection_cpp/leitungssatz/srv/detail/select_cam__type_support.cpp.o[0m
[ 74%] Built target leitungssatz__rosidl_typesupport_introspection_c
[ 74%] [32mBuilding CXX object CMakeFiles/leitungssatz__rosidl_typesupport_introspection_cpp.dir/rosidl_typesupport_introspection_cpp/leitungssatz/srv/detail/set_cable_orientation__type_support.cpp.o[0m
[ 74%] [32mBuilding CXX object CMakeFiles/leitungssatz__rosidl_typesupport_fastrtps_c.dir/rosidl_typesupport_fastrtps_c/leitungssatz/srv/detail/get_red_block__type_support_c.cpp.o[0m
[ 75%] [32mBuilding CXX object CMakeFiles/leitungssatz__rosidl_typesupport_introspection_cpp.dir/rosidl_typesupport_introspection_cpp/leitungssatz/srv/detail/set_exposure__type_support.cpp.o[0m
[ 76%] [32mBuilding CXX object CMakeFiles/leitungssatz__rosidl_typesupport_fastrtps_cpp.dir/rosidl_typesupport_fastrtps_cpp/leitungssatz/srv/detail/dds_fastrtps/set_cable_orientation__type_support.cpp.o[0m
[ 76%] [32mBuilding CXX object CMakeFiles/leitungssatz__rosidl_typesupport_fastrtps_cpp.dir/rosidl_typesupport_fastrtps_cpp/leitungssatz/srv/detail/dds_fastrtps/set_exposure__type_support.cpp.o[0m
[ 77%] [32mBuilding CXX object CMakeFiles/leitungssatz__rosidl_typesupport_fastrtps_c.dir/rosidl_typesupport_fastrtps_c/leitungssatz/srv/detail/get_triangles__type_support_c.cpp.o[0m
[ 78%] [32mBuilding CXX object CMakeFiles/leitungssatz__rosidl_typesupport_fastrtps_c.dir/rosidl_typesupport_fastrtps_c/leitungssatz/srv/detail/grab_buchse__type_support_c.cpp.o[0m
[ 79%] [32mBuilding CXX object CMakeFiles/leitungssatz__rosidl_typesupport_fastrtps_c.dir/rosidl_typesupport_fastrtps_c/leitungssatz/srv/detail/select_cam__type_support_c.cpp.o[0m
[ 79%] [32mBuilding CXX object CMakeFiles/leitungssatz__rosidl_typesupport_fastrtps_c.dir/rosidl_typesupport_fastrtps_c/leitungssatz/srv/detail/set_cable_orientation__type_support_c.cpp.o[0m
[ 80%] [32mBuilding CXX object CMakeFiles/leitungssatz__rosidl_typesupport_fastrtps_c.dir/rosidl_typesupport_fastrtps_c/leitungssatz/srv/detail/set_exposure__type_support_c.cpp.o[0m
[ 81%] [32m[1mLinking CXX shared library libleitungssatz__rosidl_typesupport_introspection_cpp.so[0m
[ 82%] [32m[1mLinking CXX shared library libleitungssatz__rosidl_typesupport_fastrtps_cpp.so[0m
[ 83%] [32m[1mLinking CXX shared library libleitungssatz__rosidl_typesupport_fastrtps_c.so[0m
[ 83%] Built target leitungssatz__rosidl_typesupport_introspection_cpp
[ 83%] Built target leitungssatz__rosidl_typesupport_fastrtps_cpp
[ 83%] Built target leitungssatz__rosidl_typesupport_fastrtps_c
[ 83%] Built target leitungssatz
[ 84%] [34m[1mGenerating Python code for ROS interfaces[0m
[ 84%] Built target leitungssatz__py
[ 86%] [32mBuilding C object CMakeFiles/leitungssatz__rosidl_generator_py.dir/rosidl_generator_py/leitungssatz/srv/_get_board_location_s.c.o[0m
[ 86%] [32mBuilding C object CMakeFiles/leitungssatz__rosidl_generator_py.dir/rosidl_generator_py/leitungssatz/srv/_check_components_s.c.o[0m
[ 86%] [32mBuilding C object CMakeFiles/leitungssatz__rosidl_generator_py.dir/rosidl_generator_py/leitungssatz/srv/_set_cable_orientation_s.c.o[0m
[ 88%] [32mBuilding C object CMakeFiles/leitungssatz__rosidl_generator_py.dir/rosidl_generator_py/leitungssatz/msg/_vector_resolution_s.c.o[0m
[ 88%] [32mBuilding C object CMakeFiles/leitungssatz__rosidl_generator_py.dir/rosidl_generator_py/leitungssatz/msg/_resolution_s.c.o[0m
[ 88%] [32mBuilding C object CMakeFiles/leitungssatz__rosidl_generator_py.dir/rosidl_generator_py/leitungssatz/srv/_add_tf2_s.c.o[0m
[ 89%] [32mBuilding C object CMakeFiles/leitungssatz__rosidl_generator_py.dir/rosidl_generator_py/leitungssatz/srv/_get_red_block_s.c.o[0m
[ 90%] [32mBuilding C object CMakeFiles/leitungssatz__rosidl_generator_py.dir/rosidl_generator_py/leitungssatz/srv/_get_beep_s.c.o[0m
[ 91%] [32mBuilding C object CMakeFiles/leitungssatz__rosidl_generator_py.dir/rosidl_generator_py/leitungssatz/srv/_get_finished_s.c.o[0m
[ 92%] [32mBuilding C object CMakeFiles/leitungssatz__rosidl_generator_py.dir/rosidl_generator_py/leitungssatz/srv/_get_triangles_s.c.o[0m
[ 92%] [32mBuilding C object CMakeFiles/leitungssatz__rosidl_generator_py.dir/rosidl_generator_py/leitungssatz/srv/_grab_buchse_s.c.o[0m
[ 94%] [32mBuilding C object CMakeFiles/leitungssatz__rosidl_generator_py.dir/rosidl_generator_py/leitungssatz/srv/_select_cam_s.c.o[0m
[ 94%] [32mBuilding C object CMakeFiles/leitungssatz__rosidl_generator_py.dir/rosidl_generator_py/leitungssatz/srv/_set_exposure_s.c.o[0m
[ 95%] [32m[1mLinking C shared library rosidl_generator_py/leitungssatz/libleitungssatz__rosidl_generator_py.so[0m
[ 95%] Built target leitungssatz__rosidl_generator_py
[ 98%] [32mBuilding C object CMakeFiles/leitungssatz__rosidl_typesupport_fastrtps_c__pyext.dir/rosidl_generator_py/leitungssatz/_leitungssatz_s.ep.rosidl_typesupport_fastrtps_c.c.o[0m
[ 98%] [32mBuilding C object CMakeFiles/leitungssatz__rosidl_typesupport_c__pyext.dir/rosidl_generator_py/leitungssatz/_leitungssatz_s.ep.rosidl_typesupport_c.c.o[0m
[ 98%] [32mBuilding C object CMakeFiles/leitungssatz__rosidl_typesupport_introspection_c__pyext.dir/rosidl_generator_py/leitungssatz/_leitungssatz_s.ep.rosidl_typesupport_introspection_c.c.o[0m
[ 99%] [32m[1mLinking C shared library rosidl_generator_py/leitungssatz/leitungssatz_s__rosidl_typesupport_c.cpython-310-x86_64-linux-gnu.so[0m
[100%] [32m[1mLinking C shared library rosidl_generator_py/leitungssatz/leitungssatz_s__rosidl_typesupport_fastrtps_c.cpython-310-x86_64-linux-gnu.so[0m
[100%] [32m[1mLinking C shared library rosidl_generator_py/leitungssatz/leitungssatz_s__rosidl_typesupport_introspection_c.cpython-310-x86_64-linux-gnu.so[0m
[100%] Built target leitungssatz__rosidl_typesupport_introspection_c__pyext
[100%] Built target leitungssatz__rosidl_typesupport_c__pyext
[100%] Built target leitungssatz__rosidl_typesupport_fastrtps_c__pyext
-- Install configuration: ""
-- Installing: /home/bt/Desktop/leitunssatz-ROS2-conversion/ls_ros2_ws/install/leitungssatz/share/ament_index/resource_index/rosidl_interfaces/leitungssatz
-- Installing: /home/bt/Desktop/leitunssatz-ROS2-conversion/ls_ros2_ws/install/leitungssatz/include/leitungssatz/leitungssatz
-- Installing: /home/bt/Desktop/leitunssatz-ROS2-conversion/ls_ros2_ws/install/leitungssatz/include/leitungssatz/leitungssatz/srv
-- Installing: /home/bt/Desktop/leitunssatz-ROS2-conversion/ls_ros2_ws/install/leitungssatz/include/leitungssatz/leitungssatz/srv/select_cam.h
-- Installing: /home/bt/Desktop/leitunssatz-ROS2-conversion/ls_ros2_ws/install/leitungssatz/include/leitungssatz/leitungssatz/srv/set_cable_orientation.h
-- Installing: /home/bt/Desktop/leitunssatz-ROS2-conversion/ls_ros2_ws/install/leitungssatz/include/leitungssatz/leitungssatz/srv/detail
-- Installing: /home/bt/Desktop/leitunssatz-ROS2-conversion/ls_ros2_ws/install/leitungssatz/include/leitungssatz/leitungssatz/srv/detail/get_finished__type_support.h
-- Installing: /home/bt/Desktop/leitunssatz-ROS2-conversion/ls_ros2_ws/install/leitungssatz/include/leitungssatz/leitungssatz/srv/detail/get_finished__struct.h
-- Installing: /home/bt/Desktop/leitunssatz-ROS2-conversion/ls_ros2_ws/install/leitungssatz/include/leitungssatz/leitungssatz/srv/detail/add_tf2__type_support.h
-- Installing: /home/bt/Desktop/leitunssatz-ROS2-conversion/ls_ros2_ws/install/leitungssatz/include/leitungssatz/leitungssatz/srv/detail/grab_buchse__functions.c
-- Installing: /home/bt/Desktop/leitunssatz-ROS2-conversion/ls_ros2_ws/install/leitungssatz/include/leitungssatz/leitungssatz/srv/detail/add_tf2__functions.h
-- Installing: /home/bt/Desktop/leitunssatz-ROS2-conversion/ls_ros2_ws/install/leitungssatz/include/leitungssatz/leitungssatz/srv/detail/check_components__type_support.h
-- Installing: /home/bt/Desktop/leitunssatz-ROS2-conversion/ls_ros2_ws/install/leitungssatz/include/leitungssatz/leitungssatz/srv/detail/get_triangles__functions.c
-- Installing: /home/bt/Desktop/leitunssatz-ROS2-conversion/ls_ros2_ws/install/leitungssatz/include/leitungssatz/leitungssatz/srv/detail/grab_buchse__functions.h
-- Installing: /home/bt/Desktop/leitunssatz-ROS2-conversion/ls_ros2_ws/install/leitungssatz/include/leitungssatz/leitungssatz/srv/detail/get_triangles__type_support.h
-- Installing: /home/bt/Desktop/leitunssatz-ROS2-conversion/ls_ros2_ws/install/leitungssatz/include/leitungssatz/leitungssatz/srv/detail/set_cable_orientation__functions.h
-- Installing: /home/bt/Desktop/leitunssatz-ROS2-conversion/ls_ros2_ws/install/leitungssatz/include/leitungssatz/leitungssatz/srv/detail/set_cable_orientation__type_support.h
-- Installing: /home/bt/Desktop/leitunssatz-ROS2-conversion/ls_ros2_ws/install/leitungssatz/include/leitungssatz/leitungssatz/srv/detail/get_board_location__struct.h
-- Installing: /home/bt/Desktop/leitunssatz-ROS2-conversion/ls_ros2_ws/install/leitungssatz/include/leitungssatz/leitungssatz/srv/detail/add_tf2__struct.h
-- Installing: /home/bt/Desktop/leitunssatz-ROS2-conversion/ls_ros2_ws/install/leitungssatz/include/leitungssatz/leitungssatz/srv/detail/grab_buchse__struct.h
-- Installing: /home/bt/Desktop/leitunssatz-ROS2-conversion/ls_ros2_ws/install/leitungssatz/include/leitungssatz/leitungssatz/srv/detail/check_components__struct.h
-- Installing: /home/bt/Desktop/leitunssatz-ROS2-conversion/ls_ros2_ws/install/leitungssatz/include/leitungssatz/leitungssatz/srv/detail/check_components__functions.h
-- Installing: /home/bt/Desktop/leitunssatz-ROS2-conversion/ls_ros2_ws/install/leitungssatz/include/leitungssatz/leitungssatz/srv/detail/check_components__functions.c
-- Installing: /home/bt/Desktop/leitunssatz-ROS2-conversion/ls_ros2_ws/install/leitungssatz/include/leitungssatz/leitungssatz/srv/detail/get_red_block__functions.c
-- Installing: /home/bt/Desktop/leitunssatz-ROS2-conversion/ls_ros2_ws/install/leitungssatz/include/leitungssatz/leitungssatz/srv/detail/select_cam__functions.h
-- Installing: /home/bt/Desktop/leitunssatz-ROS2-conversion/ls_ros2_ws/install/leitungssatz/include/leitungssatz/leitungssatz/srv/detail/set_cable_orientation__struct.h
-- Installing: /home/bt/Desktop/leitunssatz-ROS2-conversion/ls_ros2_ws/install/leitungssatz/include/leitungssatz/leitungssatz/srv/detail/add_tf2__functions.c
-- Installing: /home/bt/Desktop/leitunssatz-ROS2-conversion/ls_ros2_ws/install/leitungssatz/include/leitungssatz/leitungssatz/srv/detail/set_exposure__functions.c
-- Installing: /home/bt/Desktop/leitunssatz-ROS2-conversion/ls_ros2_ws/install/leitungssatz/include/leitungssatz/leitungssatz/srv/detail/get_beep__struct.h
-- Installing: /home/bt/Desktop/leitunssatz-ROS2-conversion/ls_ros2_ws/install/leitungssatz/include/leitungssatz/leitungssatz/srv/detail/get_red_block__struct.h
-- Installing: /home/bt/Desktop/leitunssatz-ROS2-conversion/ls_ros2_ws/install/leitungssatz/include/leitungssatz/leitungssatz/srv/detail/select_cam__struct.h
-- Installing: /home/bt/Desktop/leitunssatz-ROS2-conversion/ls_ros2_ws/install/leitungssatz/include/leitungssatz/leitungssatz/srv/detail/get_beep__functions.h
-- Installing: /home/bt/Desktop/leitunssatz-ROS2-conversion/ls_ros2_ws/install/leitungssatz/include/leitungssatz/leitungssatz/srv/detail/get_beep__type_support.h
-- Installing: /home/bt/Desktop/leitunssatz-ROS2-conversion/ls_ros2_ws/install/leitungssatz/include/leitungssatz/leitungssatz/srv/detail/get_board_location__functions.h
-- Installing: /home/bt/Desktop/leitunssatz-ROS2-conversion/ls_ros2_ws/install/leitungssatz/include/leitungssatz/leitungssatz/srv/detail/set_cable_orientation__functions.c
-- Installing: /home/bt/Desktop/leitunssatz-ROS2-conversion/ls_ros2_ws/install/leitungssatz/include/leitungssatz/leitungssatz/srv/detail/select_cam__functions.c
-- Installing: /home/bt/Desktop/leitunssatz-ROS2-conversion/ls_ros2_ws/install/leitungssatz/include/leitungssatz/leitungssatz/srv/detail/set_exposure__functions.h
-- Installing: /home/bt/Desktop/leitunssatz-ROS2-conversion/ls_ros2_ws/install/leitungssatz/include/leitungssatz/leitungssatz/srv/detail/get_red_block__type_support.h
-- Installing: /home/bt/Desktop/leitunssatz-ROS2-conversion/ls_ros2_ws/install/leitungssatz/include/leitungssatz/leitungssatz/srv/detail/get_finished__functions.c
-- Installing: /home/bt/Desktop/leitunssatz-ROS2-conversion/ls_ros2_ws/install/leitungssatz/include/leitungssatz/leitungssatz/srv/detail/set_exposure__type_support.h
-- Installing: /home/bt/Desktop/leitunssatz-ROS2-conversion/ls_ros2_ws/install/leitungssatz/include/leitungssatz/leitungssatz/srv/detail/get_triangles__struct.h
-- Installing: /home/bt/Desktop/leitunssatz-ROS2-conversion/ls_ros2_ws/install/leitungssatz/include/leitungssatz/leitungssatz/srv/detail/get_beep__functions.c
-- Installing: /home/bt/Desktop/leitunssatz-ROS2-conversion/ls_ros2_ws/install/leitungssatz/include/leitungssatz/leitungssatz/srv/detail/get_triangles__functions.h
-- Installing: /home/bt/Desktop/leitunssatz-ROS2-conversion/ls_ros2_ws/install/leitungssatz/include/leitungssatz/leitungssatz/srv/detail/get_board_location__functions.c
-- Installing: /home/bt/Desktop/leitunssatz-ROS2-conversion/ls_ros2_ws/install/leitungssatz/include/leitungssatz/leitungssatz/srv/detail/grab_buchse__type_support.h
-- Installing: /home/bt/Desktop/leitunssatz-ROS2-conversion/ls_ros2_ws/install/leitungssatz/include/leitungssatz/leitungssatz/srv/detail/set_exposure__struct.h
-- Installing: /home/bt/Desktop/leitunssatz-ROS2-conversion/ls_ros2_ws/install/leitungssatz/include/leitungssatz/leitungssatz/srv/detail/get_board_location__type_support.h
-- Installing: /home/bt/Desktop/leitunssatz-ROS2-conversion/ls_ros2_ws/install/leitungssatz/include/leitungssatz/leitungssatz/srv/detail/get_red_block__functions.h
-- Installing: /home/bt/Desktop/leitunssatz-ROS2-conversion/ls_ros2_ws/install/leitungssatz/include/leitungssatz/leitungssatz/srv/detail/get_finished__functions.h
-- Installing: /home/bt/Desktop/leitunssatz-ROS2-conversion/ls_ros2_ws/install/leitungssatz/include/leitungssatz/leitungssatz/srv/detail/select_cam__type_support.h
-- Installing: /home/bt/Desktop/leitunssatz-ROS2-conversion/ls_ros2_ws/install/leitungssatz/include/leitungssatz/leitungssatz/srv/set_exposure.h
-- Installing: /home/bt/Desktop/leitunssatz-ROS2-conversion/ls_ros2_ws/install/leitungssatz/include/leitungssatz/leitungssatz/srv/get_finished.h
-- Installing: /home/bt/Desktop/leitunssatz-ROS2-conversion/ls_ros2_ws/install/leitungssatz/include/leitungssatz/leitungssatz/srv/grab_buchse.h
-- Installing: /home/bt/Desktop/leitunssatz-ROS2-conversion/ls_ros2_ws/install/leitungssatz/include/leitungssatz/leitungssatz/srv/get_board_location.h
-- Installing: /home/bt/Desktop/leitunssatz-ROS2-conversion/ls_ros2_ws/install/leitungssatz/include/leitungssatz/leitungssatz/srv/add_tf2.h
-- Installing: /home/bt/Desktop/leitunssatz-ROS2-conversion/ls_ros2_ws/install/leitungssatz/include/leitungssatz/leitungssatz/srv/check_components.h
-- Installing: /home/bt/Desktop/leitunssatz-ROS2-conversion/ls_ros2_ws/install/leitungssatz/include/leitungssatz/leitungssatz/srv/get_triangles.h
-- Installing: /home/bt/Desktop/leitunssatz-ROS2-conversion/ls_ros2_ws/install/leitungssatz/include/leitungssatz/leitungssatz/srv/get_red_block.h
-- Installing: /home/bt/Desktop/leitunssatz-ROS2-conversion/ls_ros2_ws/install/leitungssatz/include/leitungssatz/leitungssatz/srv/get_beep.h
-- Installing: /home/bt/Desktop/leitunssatz-ROS2-conversion/ls_ros2_ws/install/leitungssatz/include/leitungssatz/leitungssatz/msg
-- Installing: /home/bt/Desktop/leitunssatz-ROS2-conversion/ls_ros2_ws/install/leitungssatz/include/leitungssatz/leitungssatz/msg/detail
-- Installing: /home/bt/Desktop/leitunssatz-ROS2-conversion/ls_ros2_ws/install/leitungssatz/include/leitungssatz/leitungssatz/msg/detail/resolution__struct.h
-- Installing: /home/bt/Desktop/leitunssatz-ROS2-conversion/ls_ros2_ws/install/leitungssatz/include/leitungssatz/leitungssatz/msg/detail/resolution__functions.c
-- Installing: /home/bt/Desktop/leitunssatz-ROS2-conversion/ls_ros2_ws/install/leitungssatz/include/leitungssatz/leitungssatz/msg/detail/vector_resolution__functions.h
-- Installing: /home/bt/Desktop/leitunssatz-ROS2-conversion/ls_ros2_ws/install/leitungssatz/include/leitungssatz/leitungssatz/msg/detail/vector_resolution__functions.c
-- Installing: /home/bt/Desktop/leitunssatz-ROS2-conversion/ls_ros2_ws/install/leitungssatz/include/leitungssatz/leitungssatz/msg/detail/resolution__type_support.h
-- Installing: /home/bt/Desktop/leitunssatz-ROS2-conversion/ls_ros2_ws/install/leitungssatz/include/leitungssatz/leitungssatz/msg/detail/vector_resolution__struct.h
-- Installing: /home/bt/Desktop/leitunssatz-ROS2-conversion/ls_ros2_ws/install/leitungssatz/include/leitungssatz/leitungssatz/msg/detail/vector_resolution__type_support.h
-- Installing: /home/bt/Desktop/leitunssatz-ROS2-conversion/ls_ros2_ws/install/leitungssatz/include/leitungssatz/leitungssatz/msg/detail/resolution__functions.h
-- Installing: /home/bt/Desktop/leitunssatz-ROS2-conversion/ls_ros2_ws/install/leitungssatz/include/leitungssatz/leitungssatz/msg/vector_resolution.h
-- Installing: /home/bt/Desktop/leitunssatz-ROS2-conversion/ls_ros2_ws/install/leitungssatz/include/leitungssatz/leitungssatz/msg/rosidl_generator_c__visibility_control.h
-- Installing: /home/bt/Desktop/leitunssatz-ROS2-conversion/ls_ros2_ws/install/leitungssatz/include/leitungssatz/leitungssatz/msg/resolution.h
-- Installing: /home/bt/Desktop/leitunssatz-ROS2-conversion/ls_ros2_ws/install/leitungssatz/share/leitungssatz/environment/library_path.sh
-- Installing: /home/bt/Desktop/leitunssatz-ROS2-conversion/ls_ros2_ws/install/leitungssatz/share/leitungssatz/environment/library_path.dsv
-- Installing: /home/bt/Desktop/leitunssatz-ROS2-conversion/ls_ros2_ws/install/leitungssatz/lib/libleitungssatz__rosidl_generator_c.so
-- Set runtime path of "/home/bt/Desktop/leitunssatz-ROS2-conversion/ls_ros2_ws/install/leitungssatz/lib/libleitungssatz__rosidl_generator_c.so" to ""
-- Up-to-date: /home/bt/Desktop/leitunssatz-ROS2-conversion/ls_ros2_ws/install/leitungssatz/include/leitungssatz/leitungssatz
-- Up-to-date: /home/bt/Desktop/leitunssatz-ROS2-conversion/ls_ros2_ws/install/leitungssatz/include/leitungssatz/leitungssatz/srv
-- Up-to-date: /home/bt/Desktop/leitunssatz-ROS2-conversion/ls_ros2_ws/install/leitungssatz/include/leitungssatz/leitungssatz/srv/detail
-- Installing: /home/bt/Desktop/leitunssatz-ROS2-conversion/ls_ros2_ws/install/leitungssatz/include/leitungssatz/leitungssatz/srv/detail/get_finished__rosidl_typesupport_fastrtps_c.h
-- Installing: /home/bt/Desktop/leitunssatz-ROS2-conversion/ls_ros2_ws/install/leitungssatz/include/leitungssatz/leitungssatz/srv/detail/grab_buchse__rosidl_typesupport_fastrtps_c.h
-- Installing: /home/bt/Desktop/leitunssatz-ROS2-conversion/ls_ros2_ws/install/leitungssatz/include/leitungssatz/leitungssatz/srv/detail/set_cable_orientation__rosidl_typesupport_fastrtps_c.h
-- Installing: /home/bt/Desktop/leitunssatz-ROS2-conversion/ls_ros2_ws/install/leitungssatz/include/leitungssatz/leitungssatz/srv/detail/add_tf2__rosidl_typesupport_fastrtps_c.h
-- Installing: /home/bt/Desktop/leitunssatz-ROS2-conversion/ls_ros2_ws/install/leitungssatz/include/leitungssatz/leitungssatz/srv/detail/check_components__rosidl_typesupport_fastrtps_c.h
-- Installing: /home/bt/Desktop/leitunssatz-ROS2-conversion/ls_ros2_ws/install/leitungssatz/include/leitungssatz/leitungssatz/srv/detail/get_board_location__rosidl_typesupport_fastrtps_c.h
-- Installing: /home/bt/Desktop/leitunssatz-ROS2-conversion/ls_ros2_ws/install/leitungssatz/include/leitungssatz/leitungssatz/srv/detail/get_beep__rosidl_typesupport_fastrtps_c.h
-- Installing: /home/bt/Desktop/leitunssatz-ROS2-conversion/ls_ros2_ws/install/leitungssatz/include/leitungssatz/leitungssatz/srv/detail/get_red_block__rosidl_typesupport_fastrtps_c.h
-- Installing: /home/bt/Desktop/leitunssatz-ROS2-conversion/ls_ros2_ws/install/leitungssatz/include/leitungssatz/leitungssatz/srv/detail/set_exposure__rosidl_typesupport_fastrtps_c.h
-- Installing: /home/bt/Desktop/leitunssatz-ROS2-conversion/ls_ros2_ws/install/leitungssatz/include/leitungssatz/leitungssatz/srv/detail/get_triangles__rosidl_typesupport_fastrtps_c.h
-- Installing: /home/bt/Desktop/leitunssatz-ROS2-conversion/ls_ros2_ws/install/leitungssatz/include/leitungssatz/leitungssatz/srv/detail/select_cam__rosidl_typesupport_fastrtps_c.h
-- Up-to-date: /home/bt/Desktop/leitunssatz-ROS2-conversion/ls_ros2_ws/install/leitungssatz/include/leitungssatz/leitungssatz/msg
-- Up-to-date: /home/bt/Desktop/leitunssatz-ROS2-conversion/ls_ros2_ws/install/leitungssatz/include/leitungssatz/leitungssatz/msg/detail
-- Installing: /home/bt/Desktop/leitunssatz-ROS2-conversion/ls_ros2_ws/install/leitungssatz/include/leitungssatz/leitungssatz/msg/detail/vector_resolution__rosidl_typesupport_fastrtps_c.h
-- Installing: /home/bt/Desktop/leitunssatz-ROS2-conversion/ls_ros2_ws/install/leitungssatz/include/leitungssatz/leitungssatz/msg/detail/resolution__rosidl_typesupport_fastrtps_c.h
-- Installing: /home/bt/Desktop/leitunssatz-ROS2-conversion/ls_ros2_ws/install/leitungssatz/include/leitungssatz/leitungssatz/msg/rosidl_typesupport_fastrtps_c__visibility_control.h
-- Installing: /home/bt/Desktop/leitunssatz-ROS2-conversion/ls_ros2_ws/install/leitungssatz/lib/libleitungssatz__rosidl_typesupport_fastrtps_c.so
-- Set runtime path of "/home/bt/Desktop/leitunssatz-ROS2-conversion/ls_ros2_ws/install/leitungssatz/lib/libleitungssatz__rosidl_typesupport_fastrtps_c.so" to ""
-- Up-to-date: /home/bt/Desktop/leitunssatz-ROS2-conversion/ls_ros2_ws/install/leitungssatz/include/leitungssatz/leitungssatz
-- Up-to-date: /home/bt/Desktop/leitunssatz-ROS2-conversion/ls_ros2_ws/install/leitungssatz/include/leitungssatz/leitungssatz/srv
-- Installing: /home/bt/Desktop/leitunssatz-ROS2-conversion/ls_ros2_ws/install/leitungssatz/include/leitungssatz/leitungssatz/srv/get_triangles.hpp
-- Installing: /home/bt/Desktop/leitunssatz-ROS2-conversion/ls_ros2_ws/install/leitungssatz/include/leitungssatz/leitungssatz/srv/get_red_block.hpp
-- Installing: /home/bt/Desktop/leitunssatz-ROS2-conversion/ls_ros2_ws/install/leitungssatz/include/leitungssatz/leitungssatz/srv/get_beep.hpp
-- Installing: /home/bt/Desktop/leitunssatz-ROS2-conversion/ls_ros2_ws/install/leitungssatz/include/leitungssatz/leitungssatz/srv/set_cable_orientation.hpp
-- Up-to-date: /home/bt/Desktop/leitunssatz-ROS2-conversion/ls_ros2_ws/install/leitungssatz/include/leitungssatz/leitungssatz/srv/detail
-- Installing: /home/bt/Desktop/leitunssatz-ROS2-conversion/ls_ros2_ws/install/leitungssatz/include/leitungssatz/leitungssatz/srv/detail/get_beep__struct.hpp
-- Installing: /home/bt/Desktop/leitunssatz-ROS2-conversion/ls_ros2_ws/install/leitungssatz/include/leitungssatz/leitungssatz/srv/detail/check_components__type_support.hpp
-- Installing: /home/bt/Desktop/leitunssatz-ROS2-conversion/ls_ros2_ws/install/leitungssatz/include/leitungssatz/leitungssatz/srv/detail/select_cam__type_support.hpp
-- Installing: /home/bt/Desktop/leitunssatz-ROS2-conversion/ls_ros2_ws/install/leitungssatz/include/leitungssatz/leitungssatz/srv/detail/get_beep__traits.hpp
-- Installing: /home/bt/Desktop/leitunssatz-ROS2-conversion/ls_ros2_ws/install/leitungssatz/include/leitungssatz/leitungssatz/srv/detail/get_finished__builder.hpp
-- Installing: /home/bt/Desktop/leitunssatz-ROS2-conversion/ls_ros2_ws/install/leitungssatz/include/leitungssatz/leitungssatz/srv/detail/get_red_block__traits.hpp
-- Installing: /home/bt/Desktop/leitunssatz-ROS2-conversion/ls_ros2_ws/install/leitungssatz/include/leitungssatz/leitungssatz/srv/detail/set_exposure__struct.hpp
-- Installing: /home/bt/Desktop/leitunssatz-ROS2-conversion/ls_ros2_ws/install/leitungssatz/include/leitungssatz/leitungssatz/srv/detail/add_tf2__struct.hpp
-- Installing: /home/bt/Desktop/leitunssatz-ROS2-conversion/ls_ros2_ws/install/leitungssatz/include/leitungssatz/leitungssatz/srv/detail/get_red_block__builder.hpp
-- Installing: /home/bt/Desktop/leitunssatz-ROS2-conversion/ls_ros2_ws/install/leitungssatz/include/leitungssatz/leitungssatz/srv/detail/get_triangles__traits.hpp
-- Installing: /home/bt/Desktop/leitunssatz-ROS2-conversion/ls_ros2_ws/install/leitungssatz/include/leitungssatz/leitungssatz/srv/detail/add_tf2__traits.hpp
-- Installing: /home/bt/Desktop/leitunssatz-ROS2-conversion/ls_ros2_ws/install/leitungssatz/include/leitungssatz/leitungssatz/srv/detail/grab_buchse__struct.hpp
-- Installing: /home/bt/Desktop/leitunssatz-ROS2-conversion/ls_ros2_ws/install/leitungssatz/include/leitungssatz/leitungssatz/srv/detail/get_finished__struct.hpp
-- Installing: /home/bt/Desktop/leitunssatz-ROS2-conversion/ls_ros2_ws/install/leitungssatz/include/leitungssatz/leitungssatz/srv/detail/get_board_location__builder.hpp
-- Installing: /home/bt/Desktop/leitunssatz-ROS2-conversion/ls_ros2_ws/install/leitungssatz/include/leitungssatz/leitungssatz/srv/detail/add_tf2__builder.hpp
-- Installing: /home/bt/Desktop/leitunssatz-ROS2-conversion/ls_ros2_ws/install/leitungssatz/include/leitungssatz/leitungssatz/srv/detail/set_cable_orientation__struct.hpp
-- Installing: /home/bt/Desktop/leitunssatz-ROS2-conversion/ls_ros2_ws/install/leitungssatz/include/leitungssatz/leitungssatz/srv/detail/get_beep__type_support.hpp
-- Installing: /home/bt/Desktop/leitunssatz-ROS2-conversion/ls_ros2_ws/install/leitungssatz/include/leitungssatz/leitungssatz/srv/detail/set_exposure__type_support.hpp
-- Installing: /home/bt/Desktop/leitunssatz-ROS2-conversion/ls_ros2_ws/install/leitungssatz/include/leitungssatz/leitungssatz/srv/detail/get_red_block__type_support.hpp
-- Installing: /home/bt/Desktop/leitunssatz-ROS2-conversion/ls_ros2_ws/install/leitungssatz/include/leitungssatz/leitungssatz/srv/detail/get_red_block__struct.hpp
-- Installing: /home/bt/Desktop/leitunssatz-ROS2-conversion/ls_ros2_ws/install/leitungssatz/include/leitungssatz/leitungssatz/srv/detail/set_cable_orientation__builder.hpp
-- Installing: /home/bt/Desktop/leitunssatz-ROS2-conversion/ls_ros2_ws/install/leitungssatz/include/leitungssatz/leitungssatz/srv/detail/check_components__traits.hpp
-- Installing: /home/bt/Desktop/leitunssatz-ROS2-conversion/ls_ros2_ws/install/leitungssatz/include/leitungssatz/leitungssatz/srv/detail/get_triangles__builder.hpp
-- Installing: /home/bt/Desktop/leitunssatz-ROS2-conversion/ls_ros2_ws/install/leitungssatz/include/leitungssatz/leitungssatz/srv/detail/get_board_location__struct.hpp
-- Installing: /home/bt/Desktop/leitunssatz-ROS2-conversion/ls_ros2_ws/install/leitungssatz/include/leitungssatz/leitungssatz/srv/detail/grab_buchse__traits.hpp
-- Installing: /home/bt/Desktop/leitunssatz-ROS2-conversion/ls_ros2_ws/install/leitungssatz/include/leitungssatz/leitungssatz/srv/detail/get_board_location__type_support.hpp
-- Installing: /home/bt/Desktop/leitunssatz-ROS2-conversion/ls_ros2_ws/install/leitungssatz/include/leitungssatz/leitungssatz/srv/detail/set_exposure__builder.hpp
-- Installing: /home/bt/Desktop/leitunssatz-ROS2-conversion/ls_ros2_ws/install/leitungssatz/include/leitungssatz/leitungssatz/srv/detail/get_triangles__type_support.hpp
-- Installing: /home/bt/Desktop/leitunssatz-ROS2-conversion/ls_ros2_ws/install/leitungssatz/include/leitungssatz/leitungssatz/srv/detail/get_beep__builder.hpp
-- Installing: /home/bt/Desktop/leitunssatz-ROS2-conversion/ls_ros2_ws/install/leitungssatz/include/leitungssatz/leitungssatz/srv/detail/add_tf2__type_support.hpp
-- Installing: /home/bt/Desktop/leitunssatz-ROS2-conversion/ls_ros2_ws/install/leitungssatz/include/leitungssatz/leitungssatz/srv/detail/check_components__struct.hpp
-- Installing: /home/bt/Desktop/leitunssatz-ROS2-conversion/ls_ros2_ws/install/leitungssatz/include/leitungssatz/leitungssatz/srv/detail/get_triangles__struct.hpp
-- Installing: /home/bt/Desktop/leitunssatz-ROS2-conversion/ls_ros2_ws/install/leitungssatz/include/leitungssatz/leitungssatz/srv/detail/get_board_location__traits.hpp
-- Installing: /home/bt/Desktop/leitunssatz-ROS2-conversion/ls_ros2_ws/install/leitungssatz/include/leitungssatz/leitungssatz/srv/detail/check_components__builder.hpp
-- Installing: /home/bt/Desktop/leitunssatz-ROS2-conversion/ls_ros2_ws/install/leitungssatz/include/leitungssatz/leitungssatz/srv/detail/get_finished__type_support.hpp
-- Installing: /home/bt/Desktop/leitunssatz-ROS2-conversion/ls_ros2_ws/install/leitungssatz/include/leitungssatz/leitungssatz/srv/detail/grab_buchse__type_support.hpp
-- Installing: /home/bt/Desktop/leitunssatz-ROS2-conversion/ls_ros2_ws/install/leitungssatz/include/leitungssatz/leitungssatz/srv/detail/select_cam__builder.hpp
-- Installing: /home/bt/Desktop/leitunssatz-ROS2-conversion/ls_ros2_ws/install/leitungssatz/include/leitungssatz/leitungssatz/srv/detail/select_cam__traits.hpp
-- Installing: /home/bt/Desktop/leitunssatz-ROS2-conversion/ls_ros2_ws/install/leitungssatz/include/leitungssatz/leitungssatz/srv/detail/grab_buchse__builder.hpp
-- Installing: /home/bt/Desktop/leitunssatz-ROS2-conversion/ls_ros2_ws/install/leitungssatz/include/leitungssatz/leitungssatz/srv/detail/set_cable_orientation__traits.hpp
-- Installing: /home/bt/Desktop/leitunssatz-ROS2-conversion/ls_ros2_ws/install/leitungssatz/include/leitungssatz/leitungssatz/srv/detail/set_cable_orientation__type_support.hpp
-- Installing: /home/bt/Desktop/leitunssatz-ROS2-conversion/ls_ros2_ws/install/leitungssatz/include/leitungssatz/leitungssatz/srv/detail/get_finished__traits.hpp
-- Installing: /home/bt/Desktop/leitunssatz-ROS2-conversion/ls_ros2_ws/install/leitungssatz/include/leitungssatz/leitungssatz/srv/detail/select_cam__struct.hpp
-- Installing: /home/bt/Desktop/leitunssatz-ROS2-conversion/ls_ros2_ws/install/leitungssatz/include/leitungssatz/leitungssatz/srv/detail/set_exposure__traits.hpp
-- Installing: /home/bt/Desktop/leitunssatz-ROS2-conversion/ls_ros2_ws/install/leitungssatz/include/leitungssatz/leitungssatz/srv/get_finished.hpp
-- Installing: /home/bt/Desktop/leitunssatz-ROS2-conversion/ls_ros2_ws/install/leitungssatz/include/leitungssatz/leitungssatz/srv/check_components.hpp
-- Installing: /home/bt/Desktop/leitunssatz-ROS2-conversion/ls_ros2_ws/install/leitungssatz/include/leitungssatz/leitungssatz/srv/add_tf2.hpp
-- Installing: /home/bt/Desktop/leitunssatz-ROS2-conversion/ls_ros2_ws/install/leitungssatz/include/leitungssatz/leitungssatz/srv/select_cam.hpp
-- Installing: /home/bt/Desktop/leitunssatz-ROS2-conversion/ls_ros2_ws/install/leitungssatz/include/leitungssatz/leitungssatz/srv/get_board_location.hpp
-- Installing: /home/bt/Desktop/leitunssatz-ROS2-conversion/ls_ros2_ws/install/leitungssatz/include/leitungssatz/leitungssatz/srv/set_exposure.hpp
-- Installing: /home/bt/Desktop/leitunssatz-ROS2-conversion/ls_ros2_ws/install/leitungssatz/include/leitungssatz/leitungssatz/srv/grab_buchse.hpp
-- Up-to-date: /home/bt/Desktop/leitunssatz-ROS2-conversion/ls_ros2_ws/install/leitungssatz/include/leitungssatz/leitungssatz/msg
-- Up-to-date: /home/bt/Desktop/leitunssatz-ROS2-conversion/ls_ros2_ws/install/leitungssatz/include/leitungssatz/leitungssatz/msg/detail
-- Installing: /home/bt/Desktop/leitunssatz-ROS2-conversion/ls_ros2_ws/install/leitungssatz/include/leitungssatz/leitungssatz/msg/detail/vector_resolution__traits.hpp
-- Installing: /home/bt/Desktop/leitunssatz-ROS2-conversion/ls_ros2_ws/install/leitungssatz/include/leitungssatz/leitungssatz/msg/detail/resolution__traits.hpp
-- Installing: /home/bt/Desktop/leitunssatz-ROS2-conversion/ls_ros2_ws/install/leitungssatz/include/leitungssatz/leitungssatz/msg/detail/resolution__struct.hpp
-- Installing: /home/bt/Desktop/leitunssatz-ROS2-conversion/ls_ros2_ws/install/leitungssatz/include/leitungssatz/leitungssatz/msg/detail/vector_resolution__struct.hpp
-- Installing: /home/bt/Desktop/leitunssatz-ROS2-conversion/ls_ros2_ws/install/leitungssatz/include/leitungssatz/leitungssatz/msg/detail/resolution__type_support.hpp
-- Installing: /home/bt/Desktop/leitunssatz-ROS2-conversion/ls_ros2_ws/install/leitungssatz/include/leitungssatz/leitungssatz/msg/detail/resolution__builder.hpp
-- Installing: /home/bt/Desktop/leitunssatz-ROS2-conversion/ls_ros2_ws/install/leitungssatz/include/leitungssatz/leitungssatz/msg/detail/vector_resolution__builder.hpp
-- Installing: /home/bt/Desktop/leitunssatz-ROS2-conversion/ls_ros2_ws/install/leitungssatz/include/leitungssatz/leitungssatz/msg/detail/vector_resolution__type_support.hpp
-- Installing: /home/bt/Desktop/leitunssatz-ROS2-conversion/ls_ros2_ws/install/leitungssatz/include/leitungssatz/leitungssatz/msg/vector_resolution.hpp
-- Installing: /home/bt/Desktop/leitunssatz-ROS2-conversion/ls_ros2_ws/install/leitungssatz/include/leitungssatz/leitungssatz/msg/rosidl_generator_cpp__visibility_control.hpp
-- Installing: /home/bt/Desktop/leitunssatz-ROS2-conversion/ls_ros2_ws/install/leitungssatz/include/leitungssatz/leitungssatz/msg/resolution.hpp
-- Up-to-date: /home/bt/Desktop/leitunssatz-ROS2-conversion/ls_ros2_ws/install/leitungssatz/include/leitungssatz/leitungssatz
-- Up-to-date: /home/bt/Desktop/leitunssatz-ROS2-conversion/ls_ros2_ws/install/leitungssatz/include/leitungssatz/leitungssatz/srv
-- Up-to-date: /home/bt/Desktop/leitunssatz-ROS2-conversion/ls_ros2_ws/install/leitungssatz/include/leitungssatz/leitungssatz/srv/detail
-- Installing: /home/bt/Desktop/leitunssatz-ROS2-conversion/ls_ros2_ws/install/leitungssatz/include/leitungssatz/leitungssatz/srv/detail/set_exposure__rosidl_typesupport_fastrtps_cpp.hpp
-- Installing: /home/bt/Desktop/leitunssatz-ROS2-conversion/ls_ros2_ws/install/leitungssatz/include/leitungssatz/leitungssatz/srv/detail/get_board_location__rosidl_typesupport_fastrtps_cpp.hpp
-- Installing: /home/bt/Desktop/leitunssatz-ROS2-conversion/ls_ros2_ws/install/leitungssatz/include/leitungssatz/leitungssatz/srv/detail/grab_buchse__rosidl_typesupport_fastrtps_cpp.hpp
-- Installing: /home/bt/Desktop/leitunssatz-ROS2-conversion/ls_ros2_ws/install/leitungssatz/include/leitungssatz/leitungssatz/srv/detail/select_cam__rosidl_typesupport_fastrtps_cpp.hpp
-- Installing: /home/bt/Desktop/leitunssatz-ROS2-conversion/ls_ros2_ws/install/leitungssatz/include/leitungssatz/leitungssatz/srv/detail/add_tf2__rosidl_typesupport_fastrtps_cpp.hpp
-- Installing: /home/bt/Desktop/leitunssatz-ROS2-conversion/ls_ros2_ws/install/leitungssatz/include/leitungssatz/leitungssatz/srv/detail/get_red_block__rosidl_typesupport_fastrtps_cpp.hpp
-- Installing: /home/bt/Desktop/leitunssatz-ROS2-conversion/ls_ros2_ws/install/leitungssatz/include/leitungssatz/leitungssatz/srv/detail/get_triangles__rosidl_typesupport_fastrtps_cpp.hpp
-- Installing: /home/bt/Desktop/leitunssatz-ROS2-conversion/ls_ros2_ws/install/leitungssatz/include/leitungssatz/leitungssatz/srv/detail/get_beep__rosidl_typesupport_fastrtps_cpp.hpp
-- Installing: /home/bt/Desktop/leitunssatz-ROS2-conversion/ls_ros2_ws/install/leitungssatz/include/leitungssatz/leitungssatz/srv/detail/get_finished__rosidl_typesupport_fastrtps_cpp.hpp
-- Installing: /home/bt/Desktop/leitunssatz-ROS2-conversion/ls_ros2_ws/install/leitungssatz/include/leitungssatz/leitungssatz/srv/detail/dds_fastrtps
-- Installing: /home/bt/Desktop/leitunssatz-ROS2-conversion/ls_ros2_ws/install/leitungssatz/include/leitungssatz/leitungssatz/srv/detail/set_cable_orientation__rosidl_typesupport_fastrtps_cpp.hpp
-- Installing: /home/bt/Desktop/leitunssatz-ROS2-conversion/ls_ros2_ws/install/leitungssatz/include/leitungssatz/leitungssatz/srv/detail/check_components__rosidl_typesupport_fastrtps_cpp.hpp
-- Up-to-date: /home/bt/Desktop/leitunssatz-ROS2-conversion/ls_ros2_ws/install/leitungssatz/include/leitungssatz/leitungssatz/msg
-- Up-to-date: /home/bt/Desktop/leitunssatz-ROS2-conversion/ls_ros2_ws/install/leitungssatz/include/leitungssatz/leitungssatz/msg/detail
-- Installing: /home/bt/Desktop/leitunssatz-ROS2-conversion/ls_ros2_ws/install/leitungssatz/include/leitungssatz/leitungssatz/msg/detail/resolution__rosidl_typesupport_fastrtps_cpp.hpp
-- Installing: /home/bt/Desktop/leitunssatz-ROS2-conversion/ls_ros2_ws/install/leitungssatz/include/leitungssatz/leitungssatz/msg/detail/vector_resolution__rosidl_typesupport_fastrtps_cpp.hpp
-- Installing: /home/bt/Desktop/leitunssatz-ROS2-conversion/ls_ros2_ws/install/leitungssatz/include/leitungssatz/leitungssatz/msg/detail/dds_fastrtps
-- Installing: /home/bt/Desktop/leitunssatz-ROS2-conversion/ls_ros2_ws/install/leitungssatz/include/leitungssatz/leitungssatz/msg/rosidl_typesupport_fastrtps_cpp__visibility_control.h
-- Installing: /home/bt/Desktop/leitunssatz-ROS2-conversion/ls_ros2_ws/install/leitungssatz/lib/libleitungssatz__rosidl_typesupport_fastrtps_cpp.so
-- Set runtime path of "/home/bt/Desktop/leitunssatz-ROS2-conversion/ls_ros2_ws/install/leitungssatz/lib/libleitungssatz__rosidl_typesupport_fastrtps_cpp.so" to ""
-- Up-to-date: /home/bt/Desktop/leitunssatz-ROS2-conversion/ls_ros2_ws/install/leitungssatz/include/leitungssatz/leitungssatz
-- Up-to-date: /home/bt/Desktop/leitunssatz-ROS2-conversion/ls_ros2_ws/install/leitungssatz/include/leitungssatz/leitungssatz/srv
-- Up-to-date: /home/bt/Desktop/leitunssatz-ROS2-conversion/ls_ros2_ws/install/leitungssatz/include/leitungssatz/leitungssatz/srv/detail
-- Installing: /home/bt/Desktop/leitunssatz-ROS2-conversion/ls_ros2_ws/install/leitungssatz/include/leitungssatz/leitungssatz/srv/detail/get_finished__rosidl_typesupport_introspection_c.h
-- Installing: /home/bt/Desktop/leitunssatz-ROS2-conversion/ls_ros2_ws/install/leitungssatz/include/leitungssatz/leitungssatz/srv/detail/set_cable_orientation__rosidl_typesupport_introspection_c.h
-- Installing: /home/bt/Desktop/leitunssatz-ROS2-conversion/ls_ros2_ws/install/leitungssatz/include/leitungssatz/leitungssatz/srv/detail/set_cable_orientation__type_support.c
-- Installing: /home/bt/Desktop/leitunssatz-ROS2-conversion/ls_ros2_ws/install/leitungssatz/include/leitungssatz/leitungssatz/srv/detail/get_beep__rosidl_typesupport_introspection_c.h
-- Installing: /home/bt/Desktop/leitunssatz-ROS2-conversion/ls_ros2_ws/install/leitungssatz/include/leitungssatz/leitungssatz/srv/detail/get_board_location__rosidl_typesupport_introspection_c.h
-- Installing: /home/bt/Desktop/leitunssatz-ROS2-conversion/ls_ros2_ws/install/leitungssatz/include/leitungssatz/leitungssatz/srv/detail/get_beep__type_support.c
-- Installing: /home/bt/Desktop/leitunssatz-ROS2-conversion/ls_ros2_ws/install/leitungssatz/include/leitungssatz/leitungssatz/srv/detail/grab_buchse__type_support.c
-- Installing: /home/bt/Desktop/leitunssatz-ROS2-conversion/ls_ros2_ws/install/leitungssatz/include/leitungssatz/leitungssatz/srv/detail/get_board_location__type_support.c
-- Installing: /home/bt/Desktop/leitunssatz-ROS2-conversion/ls_ros2_ws/install/leitungssatz/include/leitungssatz/leitungssatz/srv/detail/select_cam__type_support.c
-- Installing: /home/bt/Desktop/leitunssatz-ROS2-conversion/ls_ros2_ws/install/leitungssatz/include/leitungssatz/leitungssatz/srv/detail/get_red_block__rosidl_typesupport_introspection_c.h
-- Installing: /home/bt/Desktop/leitunssatz-ROS2-conversion/ls_ros2_ws/install/leitungssatz/include/leitungssatz/leitungssatz/srv/detail/get_triangles__type_support.c
-- Installing: /home/bt/Desktop/leitunssatz-ROS2-conversion/ls_ros2_ws/install/leitungssatz/include/leitungssatz/leitungssatz/srv/detail/add_tf2__rosidl_typesupport_introspection_c.h
-- Installing: /home/bt/Desktop/leitunssatz-ROS2-conversion/ls_ros2_ws/install/leitungssatz/include/leitungssatz/leitungssatz/srv/detail/get_triangles__rosidl_typesupport_introspection_c.h
-- Installing: /home/bt/Desktop/leitunssatz-ROS2-conversion/ls_ros2_ws/install/leitungssatz/include/leitungssatz/leitungssatz/srv/detail/check_components__type_support.c
-- Installing: /home/bt/Desktop/leitunssatz-ROS2-conversion/ls_ros2_ws/install/leitungssatz/include/leitungssatz/leitungssatz/srv/detail/set_exposure__type_support.c
-- Installing: /home/bt/Desktop/leitunssatz-ROS2-conversion/ls_ros2_ws/install/leitungssatz/include/leitungssatz/leitungssatz/srv/detail/add_tf2__type_support.c
-- Installing: /home/bt/Desktop/leitunssatz-ROS2-conversion/ls_ros2_ws/install/leitungssatz/include/leitungssatz/leitungssatz/srv/detail/grab_buchse__rosidl_typesupport_introspection_c.h
-- Installing: /home/bt/Desktop/leitunssatz-ROS2-conversion/ls_ros2_ws/install/leitungssatz/include/leitungssatz/leitungssatz/srv/detail/select_cam__rosidl_typesupport_introspection_c.h
-- Installing: /home/bt/Desktop/leitunssatz-ROS2-conversion/ls_ros2_ws/install/leitungssatz/include/leitungssatz/leitungssatz/srv/detail/get_finished__type_support.c
-- Installing: /home/bt/Desktop/leitunssatz-ROS2-conversion/ls_ros2_ws/install/leitungssatz/include/leitungssatz/leitungssatz/srv/detail/set_exposure__rosidl_typesupport_introspection_c.h
-- Installing: /home/bt/Desktop/leitunssatz-ROS2-conversion/ls_ros2_ws/install/leitungssatz/include/leitungssatz/leitungssatz/srv/detail/check_components__rosidl_typesupport_introspection_c.h
-- Installing: /home/bt/Desktop/leitunssatz-ROS2-conversion/ls_ros2_ws/install/leitungssatz/include/leitungssatz/leitungssatz/srv/detail/get_red_block__type_support.c
-- Up-to-date: /home/bt/Desktop/leitunssatz-ROS2-conversion/ls_ros2_ws/install/leitungssatz/include/leitungssatz/leitungssatz/msg
-- Installing: /home/bt/Desktop/leitunssatz-ROS2-conversion/ls_ros2_ws/install/leitungssatz/include/leitungssatz/leitungssatz/msg/rosidl_typesupport_introspection_c__visibility_control.h
-- Up-to-date: /home/bt/Desktop/leitunssatz-ROS2-conversion/ls_ros2_ws/install/leitungssatz/include/leitungssatz/leitungssatz/msg/detail
-- Installing: /home/bt/Desktop/leitunssatz-ROS2-conversion/ls_ros2_ws/install/leitungssatz/include/leitungssatz/leitungssatz/msg/detail/vector_resolution__type_support.c
-- Installing: /home/bt/Desktop/leitunssatz-ROS2-conversion/ls_ros2_ws/install/leitungssatz/include/leitungssatz/leitungssatz/msg/detail/resolution__type_support.c
-- Installing: /home/bt/Desktop/leitunssatz-ROS2-conversion/ls_ros2_ws/install/leitungssatz/include/leitungssatz/leitungssatz/msg/detail/vector_resolution__rosidl_typesupport_introspection_c.h
-- Installing: /home/bt/Desktop/leitunssatz-ROS2-conversion/ls_ros2_ws/install/leitungssatz/include/leitungssatz/leitungssatz/msg/detail/resolution__rosidl_typesupport_introspection_c.h
-- Installing: /home/bt/Desktop/leitunssatz-ROS2-conversion/ls_ros2_ws/install/leitungssatz/lib/libleitungssatz__rosidl_typesupport_introspection_c.so
-- Set runtime path of "/home/bt/Desktop/leitunssatz-ROS2-conversion/ls_ros2_ws/install/leitungssatz/lib/libleitungssatz__rosidl_typesupport_introspection_c.so" to ""
-- Installing: /home/bt/Desktop/leitunssatz-ROS2-conversion/ls_ros2_ws/install/leitungssatz/lib/libleitungssatz__rosidl_typesupport_c.so
-- Set runtime path of "/home/bt/Desktop/leitunssatz-ROS2-conversion/ls_ros2_ws/install/leitungssatz/lib/libleitungssatz__rosidl_typesupport_c.so" to ""
-- Up-to-date: /home/bt/Desktop/leitunssatz-ROS2-conversion/ls_ros2_ws/install/leitungssatz/include/leitungssatz/leitungssatz
-- Up-to-date: /home/bt/Desktop/leitunssatz-ROS2-conversion/ls_ros2_ws/install/leitungssatz/include/leitungssatz/leitungssatz/srv
-- Up-to-date: /home/bt/Desktop/leitunssatz-ROS2-conversion/ls_ros2_ws/install/leitungssatz/include/leitungssatz/leitungssatz/srv/detail
-- Installing: /home/bt/Desktop/leitunssatz-ROS2-conversion/ls_ros2_ws/install/leitungssatz/include/leitungssatz/leitungssatz/srv/detail/select_cam__type_support.cpp
-- Installing: /home/bt/Desktop/leitunssatz-ROS2-conversion/ls_ros2_ws/install/leitungssatz/include/leitungssatz/leitungssatz/srv/detail/add_tf2__rosidl_typesupport_introspection_cpp.hpp
-- Installing: /home/bt/Desktop/leitunssatz-ROS2-conversion/ls_ros2_ws/install/leitungssatz/include/leitungssatz/leitungssatz/srv/detail/get_finished__type_support.cpp
-- Installing: /home/bt/Desktop/leitunssatz-ROS2-conversion/ls_ros2_ws/install/leitungssatz/include/leitungssatz/leitungssatz/srv/detail/get_triangles__rosidl_typesupport_introspection_cpp.hpp
-- Installing: /home/bt/Desktop/leitunssatz-ROS2-conversion/ls_ros2_ws/install/leitungssatz/include/leitungssatz/leitungssatz/srv/detail/get_red_block__rosidl_typesupport_introspection_cpp.hpp
-- Installing: /home/bt/Desktop/leitunssatz-ROS2-conversion/ls_ros2_ws/install/leitungssatz/include/leitungssatz/leitungssatz/srv/detail/set_cable_orientation__type_support.cpp
-- Installing: /home/bt/Desktop/leitunssatz-ROS2-conversion/ls_ros2_ws/install/leitungssatz/include/leitungssatz/leitungssatz/srv/detail/grab_buchse__rosidl_typesupport_introspection_cpp.hpp
-- Installing: /home/bt/Desktop/leitunssatz-ROS2-conversion/ls_ros2_ws/install/leitungssatz/include/leitungssatz/leitungssatz/srv/detail/grab_buchse__type_support.cpp
-- Installing: /home/bt/Desktop/leitunssatz-ROS2-conversion/ls_ros2_ws/install/leitungssatz/include/leitungssatz/leitungssatz/srv/detail/check_components__type_support.cpp
-- Installing: /home/bt/Desktop/leitunssatz-ROS2-conversion/ls_ros2_ws/install/leitungssatz/include/leitungssatz/leitungssatz/srv/detail/get_finished__rosidl_typesupport_introspection_cpp.hpp
-- Installing: /home/bt/Desktop/leitunssatz-ROS2-conversion/ls_ros2_ws/install/leitungssatz/include/leitungssatz/leitungssatz/srv/detail/get_triangles__type_support.cpp
-- Installing: /home/bt/Desktop/leitunssatz-ROS2-conversion/ls_ros2_ws/install/leitungssatz/include/leitungssatz/leitungssatz/srv/detail/get_beep__type_support.cpp
-- Installing: /home/bt/Desktop/leitunssatz-ROS2-conversion/ls_ros2_ws/install/leitungssatz/include/leitungssatz/leitungssatz/srv/detail/get_beep__rosidl_typesupport_introspection_cpp.hpp
-- Installing: /home/bt/Desktop/leitunssatz-ROS2-conversion/ls_ros2_ws/install/leitungssatz/include/leitungssatz/leitungssatz/srv/detail/get_board_location__rosidl_typesupport_introspection_cpp.hpp
-- Installing: /home/bt/Desktop/leitunssatz-ROS2-conversion/ls_ros2_ws/install/leitungssatz/include/leitungssatz/leitungssatz/srv/detail/select_cam__rosidl_typesupport_introspection_cpp.hpp
-- Installing: /home/bt/Desktop/leitunssatz-ROS2-conversion/ls_ros2_ws/install/leitungssatz/include/leitungssatz/leitungssatz/srv/detail/set_exposure__type_support.cpp
-- Installing: /home/bt/Desktop/leitunssatz-ROS2-conversion/ls_ros2_ws/install/leitungssatz/include/leitungssatz/leitungssatz/srv/detail/get_red_block__type_support.cpp
-- Installing: /home/bt/Desktop/leitunssatz-ROS2-conversion/ls_ros2_ws/install/leitungssatz/include/leitungssatz/leitungssatz/srv/detail/check_components__rosidl_typesupport_introspection_cpp.hpp
-- Installing: /home/bt/Desktop/leitunssatz-ROS2-conversion/ls_ros2_ws/install/leitungssatz/include/leitungssatz/leitungssatz/srv/detail/add_tf2__type_support.cpp
-- Installing: /home/bt/Desktop/leitunssatz-ROS2-conversion/ls_ros2_ws/install/leitungssatz/include/leitungssatz/leitungssatz/srv/detail/set_cable_orientation__rosidl_typesupport_introspection_cpp.hpp
-- Installing: /home/bt/Desktop/leitunssatz-ROS2-conversion/ls_ros2_ws/install/leitungssatz/include/leitungssatz/leitungssatz/srv/detail/get_board_location__type_support.cpp
-- Installing: /home/bt/Desktop/leitunssatz-ROS2-conversion/ls_ros2_ws/install/leitungssatz/include/leitungssatz/leitungssatz/srv/detail/set_exposure__rosidl_typesupport_introspection_cpp.hpp
-- Up-to-date: /home/bt/Desktop/leitunssatz-ROS2-conversion/ls_ros2_ws/install/leitungssatz/include/leitungssatz/leitungssatz/msg
-- Up-to-date: /home/bt/Desktop/leitunssatz-ROS2-conversion/ls_ros2_ws/install/leitungssatz/include/leitungssatz/leitungssatz/msg/detail
-- Installing: /home/bt/Desktop/leitunssatz-ROS2-conversion/ls_ros2_ws/install/leitungssatz/include/leitungssatz/leitungssatz/msg/detail/resolution__rosidl_typesupport_introspection_cpp.hpp
-- Installing: /home/bt/Desktop/leitunssatz-ROS2-conversion/ls_ros2_ws/install/leitungssatz/include/leitungssatz/leitungssatz/msg/detail/vector_resolution__rosidl_typesupport_introspection_cpp.hpp
-- Installing: /home/bt/Desktop/leitunssatz-ROS2-conversion/ls_ros2_ws/install/leitungssatz/include/leitungssatz/leitungssatz/msg/detail/vector_resolution__type_support.cpp
-- Installing: /home/bt/Desktop/leitunssatz-ROS2-conversion/ls_ros2_ws/install/leitungssatz/include/leitungssatz/leitungssatz/msg/detail/resolution__type_support.cpp
-- Installing: /home/bt/Desktop/leitunssatz-ROS2-conversion/ls_ros2_ws/install/leitungssatz/lib/libleitungssatz__rosidl_typesupport_introspection_cpp.so
-- Set runtime path of "/home/bt/Desktop/leitunssatz-ROS2-conversion/ls_ros2_ws/install/leitungssatz/lib/libleitungssatz__rosidl_typesupport_introspection_cpp.so" to ""
-- Installing: /home/bt/Desktop/leitunssatz-ROS2-conversion/ls_ros2_ws/install/leitungssatz/lib/libleitungssatz__rosidl_typesupport_cpp.so
-- Set runtime path of "/home/bt/Desktop/leitunssatz-ROS2-conversion/ls_ros2_ws/install/leitungssatz/lib/libleitungssatz__rosidl_typesupport_cpp.so" to ""
-- Installing: /home/bt/Desktop/leitunssatz-ROS2-conversion/ls_ros2_ws/install/leitungssatz/share/leitungssatz/environment/pythonpath.sh
-- Installing: /home/bt/Desktop/leitunssatz-ROS2-conversion/ls_ros2_ws/install/leitungssatz/share/leitungssatz/environment/pythonpath.dsv
-- Installing: /home/bt/Desktop/leitunssatz-ROS2-conversion/ls_ros2_ws/install/leitungssatz/local/lib/python3.10/dist-packages/leitungssatz-0.0.0-py3.10.egg-info
-- Installing: /home/bt/Desktop/leitunssatz-ROS2-conversion/ls_ros2_ws/install/leitungssatz/local/lib/python3.10/dist-packages/leitungssatz-0.0.0-py3.10.egg-info/top_level.txt
-- Installing: /home/bt/Desktop/leitunssatz-ROS2-conversion/ls_ros2_ws/install/leitungssatz/local/lib/python3.10/dist-packages/leitungssatz-0.0.0-py3.10.egg-info/PKG-INFO
-- Installing: /home/bt/Desktop/leitunssatz-ROS2-conversion/ls_ros2_ws/install/leitungssatz/local/lib/python3.10/dist-packages/leitungssatz-0.0.0-py3.10.egg-info/dependency_links.txt
-- Installing: /home/bt/Desktop/leitunssatz-ROS2-conversion/ls_ros2_ws/install/leitungssatz/local/lib/python3.10/dist-packages/leitungssatz-0.0.0-py3.10.egg-info/SOURCES.txt
-- Installing: /home/bt/Desktop/leitunssatz-ROS2-conversion/ls_ros2_ws/install/leitungssatz/local/lib/python3.10/dist-packages/leitungssatz
-- Installing: /home/bt/Desktop/leitunssatz-ROS2-conversion/ls_ros2_ws/install/leitungssatz/local/lib/python3.10/dist-packages/leitungssatz/leitungssatz_s__rosidl_typesupport_fastrtps_c.cpython-310-x86_64-linux-gnu.so
-- Installing: /home/bt/Desktop/leitunssatz-ROS2-conversion/ls_ros2_ws/install/leitungssatz/local/lib/python3.10/dist-packages/leitungssatz/srv
-- Installing: /home/bt/Desktop/leitunssatz-ROS2-conversion/ls_ros2_ws/install/leitungssatz/local/lib/python3.10/dist-packages/leitungssatz/srv/_check_components.py
-- Installing: /home/bt/Desktop/leitunssatz-ROS2-conversion/ls_ros2_ws/install/leitungssatz/local/lib/python3.10/dist-packages/leitungssatz/srv/_get_red_block_s.c
-- Installing: /home/bt/Desktop/leitunssatz-ROS2-conversion/ls_ros2_ws/install/leitungssatz/local/lib/python3.10/dist-packages/leitungssatz/srv/_get_board_location.py
-- Installing: /home/bt/Desktop/leitunssatz-ROS2-conversion/ls_ros2_ws/install/leitungssatz/local/lib/python3.10/dist-packages/leitungssatz/srv/_grab_buchse.py
-- Installing: /home/bt/Desktop/leitunssatz-ROS2-conversion/ls_ros2_ws/install/leitungssatz/local/lib/python3.10/dist-packages/leitungssatz/srv/_check_components_s.c
-- Installing: /home/bt/Desktop/leitunssatz-ROS2-conversion/ls_ros2_ws/install/leitungssatz/local/lib/python3.10/dist-packages/leitungssatz/srv/_set_cable_orientation_s.c
-- Installing: /home/bt/Desktop/leitunssatz-ROS2-conversion/ls_ros2_ws/install/leitungssatz/local/lib/python3.10/dist-packages/leitungssatz/srv/_get_beep.py
-- Installing: /home/bt/Desktop/leitunssatz-ROS2-conversion/ls_ros2_ws/install/leitungssatz/local/lib/python3.10/dist-packages/leitungssatz/srv/_set_cable_orientation.py
-- Installing: /home/bt/Desktop/leitunssatz-ROS2-conversion/ls_ros2_ws/install/leitungssatz/local/lib/python3.10/dist-packages/leitungssatz/srv/__init__.py
-- Installing: /home/bt/Desktop/leitunssatz-ROS2-conversion/ls_ros2_ws/install/leitungssatz/local/lib/python3.10/dist-packages/leitungssatz/srv/_grab_buchse_s.c
-- Installing: /home/bt/Desktop/leitunssatz-ROS2-conversion/ls_ros2_ws/install/leitungssatz/local/lib/python3.10/dist-packages/leitungssatz/srv/_get_beep_s.c
-- Installing: /home/bt/Desktop/leitunssatz-ROS2-conversion/ls_ros2_ws/install/leitungssatz/local/lib/python3.10/dist-packages/leitungssatz/srv/_get_finished_s.c
-- Installing: /home/bt/Desktop/leitunssatz-ROS2-conversion/ls_ros2_ws/install/leitungssatz/local/lib/python3.10/dist-packages/leitungssatz/srv/_get_board_location_s.c
-- Installing: /home/bt/Desktop/leitunssatz-ROS2-conversion/ls_ros2_ws/install/leitungssatz/local/lib/python3.10/dist-packages/leitungssatz/srv/_select_cam.py
-- Installing: /home/bt/Desktop/leitunssatz-ROS2-conversion/ls_ros2_ws/install/leitungssatz/local/lib/python3.10/dist-packages/leitungssatz/srv/_get_red_block.py
-- Installing: /home/bt/Desktop/leitunssatz-ROS2-conversion/ls_ros2_ws/install/leitungssatz/local/lib/python3.10/dist-packages/leitungssatz/srv/_add_tf2.py
-- Installing: /home/bt/Desktop/leitunssatz-ROS2-conversion/ls_ros2_ws/install/leitungssatz/local/lib/python3.10/dist-packages/leitungssatz/srv/_select_cam_s.c
-- Installing: /home/bt/Desktop/leitunssatz-ROS2-conversion/ls_ros2_ws/install/leitungssatz/local/lib/python3.10/dist-packages/leitungssatz/srv/_set_exposure_s.c
-- Installing: /home/bt/Desktop/leitunssatz-ROS2-conversion/ls_ros2_ws/install/leitungssatz/local/lib/python3.10/dist-packages/leitungssatz/srv/_get_finished.py
-- Installing: /home/bt/Desktop/leitunssatz-ROS2-conversion/ls_ros2_ws/install/leitungssatz/local/lib/python3.10/dist-packages/leitungssatz/srv/_add_tf2_s.c
-- Installing: /home/bt/Desktop/leitunssatz-ROS2-conversion/ls_ros2_ws/install/leitungssatz/local/lib/python3.10/dist-packages/leitungssatz/srv/_get_triangles_s.c
-- Installing: /home/bt/Desktop/leitunssatz-ROS2-conversion/ls_ros2_ws/install/leitungssatz/local/lib/python3.10/dist-packages/leitungssatz/srv/_get_triangles.py
-- Installing: /home/bt/Desktop/leitunssatz-ROS2-conversion/ls_ros2_ws/install/leitungssatz/local/lib/python3.10/dist-packages/leitungssatz/srv/_set_exposure.py
-- Installing: /home/bt/Desktop/leitunssatz-ROS2-conversion/ls_ros2_ws/install/leitungssatz/local/lib/python3.10/dist-packages/leitungssatz/libleitungssatz__rosidl_generator_py.so
-- Installing: /home/bt/Desktop/leitunssatz-ROS2-conversion/ls_ros2_ws/install/leitungssatz/local/lib/python3.10/dist-packages/leitungssatz/__init__.py
-- Installing: /home/bt/Desktop/leitunssatz-ROS2-conversion/ls_ros2_ws/install/leitungssatz/local/lib/python3.10/dist-packages/leitungssatz/_leitungssatz_s.ep.rosidl_typesupport_c.c
-- Installing: /home/bt/Desktop/leitunssatz-ROS2-conversion/ls_ros2_ws/install/leitungssatz/local/lib/python3.10/dist-packages/leitungssatz/leitungssatz_s__rosidl_typesupport_introspection_c.cpython-310-x86_64-linux-gnu.so
-- Installing: /home/bt/Desktop/leitunssatz-ROS2-conversion/ls_ros2_ws/install/leitungssatz/local/lib/python3.10/dist-packages/leitungssatz/_leitungssatz_s.ep.rosidl_typesupport_fastrtps_c.c
-- Installing: /home/bt/Desktop/leitunssatz-ROS2-conversion/ls_ros2_ws/install/leitungssatz/local/lib/python3.10/dist-packages/leitungssatz/_leitungssatz_s.ep.rosidl_typesupport_introspection_c.c
-- Installing: /home/bt/Desktop/leitunssatz-ROS2-conversion/ls_ros2_ws/install/leitungssatz/local/lib/python3.10/dist-packages/leitungssatz/msg
-- Installing: /home/bt/Desktop/leitunssatz-ROS2-conversion/ls_ros2_ws/install/leitungssatz/local/lib/python3.10/dist-packages/leitungssatz/msg/_vector_resolution.py
-- Installing: /home/bt/Desktop/leitunssatz-ROS2-conversion/ls_ros2_ws/install/leitungssatz/local/lib/python3.10/dist-packages/leitungssatz/msg/_resolution.py
-- Installing: /home/bt/Desktop/leitunssatz-ROS2-conversion/ls_ros2_ws/install/leitungssatz/local/lib/python3.10/dist-packages/leitungssatz/msg/__init__.py
-- Installing: /home/bt/Desktop/leitunssatz-ROS2-conversion/ls_ros2_ws/install/leitungssatz/local/lib/python3.10/dist-packages/leitungssatz/msg/_resolution_s.c
-- Installing: /home/bt/Desktop/leitunssatz-ROS2-conversion/ls_ros2_ws/install/leitungssatz/local/lib/python3.10/dist-packages/leitungssatz/msg/_vector_resolution_s.c
-- Installing: /home/bt/Desktop/leitunssatz-ROS2-conversion/ls_ros2_ws/install/leitungssatz/local/lib/python3.10/dist-packages/leitungssatz/leitungssatz_s__rosidl_typesupport_c.cpython-310-x86_64-linux-gnu.so
Listing '/home/bt/Desktop/leitunssatz-ROS2-conversion/ls_ros2_ws/install/leitungssatz/local/lib/python3.10/dist-packages/leitungssatz'...
Compiling '/home/bt/Desktop/leitunssatz-ROS2-conversion/ls_ros2_ws/install/leitungssatz/local/lib/python3.10/dist-packages/leitungssatz/__init__.py'...
Listing '/home/bt/Desktop/leitunssatz-ROS2-conversion/ls_ros2_ws/install/leitungssatz/local/lib/python3.10/dist-packages/leitungssatz/msg'...
Compiling '/home/bt/Desktop/leitunssatz-ROS2-conversion/ls_ros2_ws/install/leitungssatz/local/lib/python3.10/dist-packages/leitungssatz/msg/__init__.py'...
Compiling '/home/bt/Desktop/leitunssatz-ROS2-conversion/ls_ros2_ws/install/leitungssatz/local/lib/python3.10/dist-packages/leitungssatz/msg/_resolution.py'...
Compiling '/home/bt/Desktop/leitunssatz-ROS2-conversion/ls_ros2_ws/install/leitungssatz/local/lib/python3.10/dist-packages/leitungssatz/msg/_vector_resolution.py'...
Listing '/home/bt/Desktop/leitunssatz-ROS2-conversion/ls_ros2_ws/install/leitungssatz/local/lib/python3.10/dist-packages/leitungssatz/srv'...
Compiling '/home/bt/Desktop/leitunssatz-ROS2-conversion/ls_ros2_ws/install/leitungssatz/local/lib/python3.10/dist-packages/leitungssatz/srv/__init__.py'...
Compiling '/home/bt/Desktop/leitunssatz-ROS2-conversion/ls_ros2_ws/install/leitungssatz/local/lib/python3.10/dist-packages/leitungssatz/srv/_add_tf2.py'...
Compiling '/home/bt/Desktop/leitunssatz-ROS2-conversion/ls_ros2_ws/install/leitungssatz/local/lib/python3.10/dist-packages/leitungssatz/srv/_check_components.py'...
Compiling '/home/bt/Desktop/leitunssatz-ROS2-conversion/ls_ros2_ws/install/leitungssatz/local/lib/python3.10/dist-packages/leitungssatz/srv/_get_beep.py'...
Compiling '/home/bt/Desktop/leitunssatz-ROS2-conversion/ls_ros2_ws/install/leitungssatz/local/lib/python3.10/dist-packages/leitungssatz/srv/_get_board_location.py'...
Compiling '/home/bt/Desktop/leitunssatz-ROS2-conversion/ls_ros2_ws/install/leitungssatz/local/lib/python3.10/dist-packages/leitungssatz/srv/_get_finished.py'...
Compiling '/home/bt/Desktop/leitunssatz-ROS2-conversion/ls_ros2_ws/install/leitungssatz/local/lib/python3.10/dist-packages/leitungssatz/srv/_get_red_block.py'...
Compiling '/home/bt/Desktop/leitunssatz-ROS2-conversion/ls_ros2_ws/install/leitungssatz/local/lib/python3.10/dist-packages/leitungssatz/srv/_get_triangles.py'...
Compiling '/home/bt/Desktop/leitunssatz-ROS2-conversion/ls_ros2_ws/install/leitungssatz/local/lib/python3.10/dist-packages/leitungssatz/srv/_grab_buchse.py'...
Compiling '/home/bt/Desktop/leitunssatz-ROS2-conversion/ls_ros2_ws/install/leitungssatz/local/lib/python3.10/dist-packages/leitungssatz/srv/_select_cam.py'...
Compiling '/home/bt/Desktop/leitunssatz-ROS2-conversion/ls_ros2_ws/install/leitungssatz/local/lib/python3.10/dist-packages/leitungssatz/srv/_set_cable_orientation.py'...
Compiling '/home/bt/Desktop/leitunssatz-ROS2-conversion/ls_ros2_ws/install/leitungssatz/local/lib/python3.10/dist-packages/leitungssatz/srv/_set_exposure.py'...
-- Installing: /home/bt/Desktop/leitunssatz-ROS2-conversion/ls_ros2_ws/install/leitungssatz/local/lib/python3.10/dist-packages/leitungssatz/leitungssatz_s__rosidl_typesupport_fastrtps_c.cpython-310-x86_64-linux-gnu.so
-- Set runtime path of "/home/bt/Desktop/leitunssatz-ROS2-conversion/ls_ros2_ws/install/leitungssatz/local/lib/python3.10/dist-packages/leitungssatz/leitungssatz_s__rosidl_typesupport_fastrtps_c.cpython-310-x86_64-linux-gnu.so" to ""
-- Installing: /home/bt/Desktop/leitunssatz-ROS2-conversion/ls_ros2_ws/install/leitungssatz/local/lib/python3.10/dist-packages/leitungssatz/leitungssatz_s__rosidl_typesupport_introspection_c.cpython-310-x86_64-linux-gnu.so
-- Set runtime path of "/home/bt/Desktop/leitunssatz-ROS2-conversion/ls_ros2_ws/install/leitungssatz/local/lib/python3.10/dist-packages/leitungssatz/leitungssatz_s__rosidl_typesupport_introspection_c.cpython-310-x86_64-linux-gnu.so" to ""
-- Installing: /home/bt/Desktop/leitunssatz-ROS2-conversion/ls_ros2_ws/install/leitungssatz/local/lib/python3.10/dist-packages/leitungssatz/leitungssatz_s__rosidl_typesupport_c.cpython-310-x86_64-linux-gnu.so
-- Set runtime path of "/home/bt/Desktop/leitunssatz-ROS2-conversion/ls_ros2_ws/install/leitungssatz/local/lib/python3.10/dist-packages/leitungssatz/leitungssatz_s__rosidl_typesupport_c.cpython-310-x86_64-linux-gnu.so" to ""
-- Installing: /home/bt/Desktop/leitunssatz-ROS2-conversion/ls_ros2_ws/install/leitungssatz/lib/libleitungssatz__rosidl_generator_py.so
-- Set runtime path of "/home/bt/Desktop/leitunssatz-ROS2-conversion/ls_ros2_ws/install/leitungssatz/lib/libleitungssatz__rosidl_generator_py.so" to ""
-- Installing: /home/bt/Desktop/leitunssatz-ROS2-conversion/ls_ros2_ws/install/leitungssatz/share/leitungssatz/msg/Resolution.idl
-- Installing: /home/bt/Desktop/leitunssatz-ROS2-conversion/ls_ros2_ws/install/leitungssatz/share/leitungssatz/msg/VectorResolution.idl
-- Installing: /home/bt/Desktop/leitunssatz-ROS2-conversion/ls_ros2_ws/install/leitungssatz/share/leitungssatz/srv/AddTf2.idl
-- Installing: /home/bt/Desktop/leitunssatz-ROS2-conversion/ls_ros2_ws/install/leitungssatz/share/leitungssatz/srv/CheckComponents.idl
-- Installing: /home/bt/Desktop/leitunssatz-ROS2-conversion/ls_ros2_ws/install/leitungssatz/share/leitungssatz/srv/GetBeep.idl
-- Installing: /home/bt/Desktop/leitunssatz-ROS2-conversion/ls_ros2_ws/install/leitungssatz/share/leitungssatz/srv/GetBoardLocation.idl
-- Installing: /home/bt/Desktop/leitunssatz-ROS2-conversion/ls_ros2_ws/install/leitungssatz/share/leitungssatz/srv/GetFinished.idl
-- Installing: /home/bt/Desktop/leitunssatz-ROS2-conversion/ls_ros2_ws/install/leitungssatz/share/leitungssatz/srv/GetRedBlock.idl
-- Installing: /home/bt/Desktop/leitunssatz-ROS2-conversion/ls_ros2_ws/install/leitungssatz/share/leitungssatz/srv/GetTriangles.idl
-- Installing: /home/bt/Desktop/leitunssatz-ROS2-conversion/ls_ros2_ws/install/leitungssatz/share/leitungssatz/srv/GrabBuchse.idl
-- Installing: /home/bt/Desktop/leitunssatz-ROS2-conversion/ls_ros2_ws/install/leitungssatz/share/leitungssatz/srv/SelectCam.idl
-- Installing: /home/bt/Desktop/leitunssatz-ROS2-conversion/ls_ros2_ws/install/leitungssatz/share/leitungssatz/srv/SetCableOrientation.idl
-- Installing: /home/bt/Desktop/leitunssatz-ROS2-conversion/ls_ros2_ws/install/leitungssatz/share/leitungssatz/srv/SetExposure.idl
-- Installing: /home/bt/Desktop/leitunssatz-ROS2-conversion/ls_ros2_ws/install/leitungssatz/share/leitungssatz/msg/Resolution.msg
-- Installing: /home/bt/Desktop/leitunssatz-ROS2-conversion/ls_ros2_ws/install/leitungssatz/share/leitungssatz/msg/VectorResolution.msg
-- Installing: /home/bt/Desktop/leitunssatz-ROS2-conversion/ls_ros2_ws/install/leitungssatz/share/leitungssatz/srv/AddTf2.srv
-- Installing: /home/bt/Desktop/leitunssatz-ROS2-conversion/ls_ros2_ws/install/leitungssatz/share/leitungssatz/srv/AddTf2_Request.msg
-- Installing: /home/bt/Desktop/leitunssatz-ROS2-conversion/ls_ros2_ws/install/leitungssatz/share/leitungssatz/srv/AddTf2_Response.msg
-- Installing: /home/bt/Desktop/leitunssatz-ROS2-conversion/ls_ros2_ws/install/leitungssatz/share/leitungssatz/srv/CheckComponents.srv
-- Installing: /home/bt/Desktop/leitunssatz-ROS2-conversion/ls_ros2_ws/install/leitungssatz/share/leitungssatz/srv/CheckComponents_Request.msg
-- Installing: /home/bt/Desktop/leitunssatz-ROS2-conversion/ls_ros2_ws/install/leitungssatz/share/leitungssatz/srv/CheckComponents_Response.msg
-- Installing: /home/bt/Desktop/leitunssatz-ROS2-conversion/ls_ros2_ws/install/leitungssatz/share/leitungssatz/srv/GetBeep.srv
-- Installing: /home/bt/Desktop/leitunssatz-ROS2-conversion/ls_ros2_ws/install/leitungssatz/share/leitungssatz/srv/GetBeep_Request.msg
-- Installing: /home/bt/Desktop/leitunssatz-ROS2-conversion/ls_ros2_ws/install/leitungssatz/share/leitungssatz/srv/GetBeep_Response.msg
-- Installing: /home/bt/Desktop/leitunssatz-ROS2-conversion/ls_ros2_ws/install/leitungssatz/share/leitungssatz/srv/GetBoardLocation.srv
-- Installing: /home/bt/Desktop/leitunssatz-ROS2-conversion/ls_ros2_ws/install/leitungssatz/share/leitungssatz/srv/GetBoardLocation_Request.msg
-- Installing: /home/bt/Desktop/leitunssatz-ROS2-conversion/ls_ros2_ws/install/leitungssatz/share/leitungssatz/srv/GetBoardLocation_Response.msg
-- Installing: /home/bt/Desktop/leitunssatz-ROS2-conversion/ls_ros2_ws/install/leitungssatz/share/leitungssatz/srv/GetFinished.srv
-- Installing: /home/bt/Desktop/leitunssatz-ROS2-conversion/ls_ros2_ws/install/leitungssatz/share/leitungssatz/srv/GetFinished_Request.msg
-- Installing: /home/bt/Desktop/leitunssatz-ROS2-conversion/ls_ros2_ws/install/leitungssatz/share/leitungssatz/srv/GetFinished_Response.msg
-- Installing: /home/bt/Desktop/leitunssatz-ROS2-conversion/ls_ros2_ws/install/leitungssatz/share/leitungssatz/srv/GetRedBlock.srv
-- Installing: /home/bt/Desktop/leitunssatz-ROS2-conversion/ls_ros2_ws/install/leitungssatz/share/leitungssatz/srv/GetRedBlock_Request.msg
-- Installing: /home/bt/Desktop/leitunssatz-ROS2-conversion/ls_ros2_ws/install/leitungssatz/share/leitungssatz/srv/GetRedBlock_Response.msg
-- Installing: /home/bt/Desktop/leitunssatz-ROS2-conversion/ls_ros2_ws/install/leitungssatz/share/leitungssatz/srv/GetTriangles.srv
-- Installing: /home/bt/Desktop/leitunssatz-ROS2-conversion/ls_ros2_ws/install/leitungssatz/share/leitungssatz/srv/GetTriangles_Request.msg
-- Installing: /home/bt/Desktop/leitunssatz-ROS2-conversion/ls_ros2_ws/install/leitungssatz/share/leitungssatz/srv/GetTriangles_Response.msg
-- Installing: /home/bt/Desktop/leitunssatz-ROS2-conversion/ls_ros2_ws/install/leitungssatz/share/leitungssatz/srv/GrabBuchse.srv
-- Installing: /home/bt/Desktop/leitunssatz-ROS2-conversion/ls_ros2_ws/install/leitungssatz/share/leitungssatz/srv/GrabBuchse_Request.msg
-- Installing: /home/bt/Desktop/leitunssatz-ROS2-conversion/ls_ros2_ws/install/leitungssatz/share/leitungssatz/srv/GrabBuchse_Response.msg
-- Installing: /home/bt/Desktop/leitunssatz-ROS2-conversion/ls_ros2_ws/install/leitungssatz/share/leitungssatz/srv/SelectCam.srv
-- Installing: /home/bt/Desktop/leitunssatz-ROS2-conversion/ls_ros2_ws/install/leitungssatz/share/leitungssatz/srv/SelectCam_Request.msg
-- Installing: /home/bt/Desktop/leitunssatz-ROS2-conversion/ls_ros2_ws/install/leitungssatz/share/leitungssatz/srv/SelectCam_Response.msg
-- Installing: /home/bt/Desktop/leitunssatz-ROS2-conversion/ls_ros2_ws/install/leitungssatz/share/leitungssatz/srv/SetCableOrientation.srv
-- Installing: /home/bt/Desktop/leitunssatz-ROS2-conversion/ls_ros2_ws/install/leitungssatz/share/leitungssatz/srv/SetCableOrientation_Request.msg
-- Installing: /home/bt/Desktop/leitunssatz-ROS2-conversion/ls_ros2_ws/install/leitungssatz/share/leitungssatz/srv/SetCableOrientation_Response.msg
-- Installing: /home/bt/Desktop/leitunssatz-ROS2-conversion/ls_ros2_ws/install/leitungssatz/share/leitungssatz/srv/SetExposure.srv
-- Installing: /home/bt/Desktop/leitunssatz-ROS2-conversion/ls_ros2_ws/install/leitungssatz/share/leitungssatz/srv/SetExposure_Request.msg
-- Installing: /home/bt/Desktop/leitunssatz-ROS2-conversion/ls_ros2_ws/install/leitungssatz/share/leitungssatz/srv/SetExposure_Response.msg
-- Installing: /home/bt/Desktop/leitunssatz-ROS2-conversion/ls_ros2_ws/install/leitungssatz/lib/leitungssatz/test_node
-- Set runtime path of "/home/bt/Desktop/leitunssatz-ROS2-conversion/ls_ros2_ws/install/leitungssatz/lib/leitungssatz/test_node" to ""
-- Installing: /home/bt/Desktop/leitunssatz-ROS2-conversion/ls_ros2_ws/install/leitungssatz/share/ament_index/resource_index/package_run_dependencies/leitungssatz
-- Installing: /home/bt/Desktop/leitunssatz-ROS2-conversion/ls_ros2_ws/install/leitungssatz/share/ament_index/resource_index/parent_prefix_path/leitungssatz
-- Installing: /home/bt/Desktop/leitunssatz-ROS2-conversion/ls_ros2_ws/install/leitungssatz/share/leitungssatz/environment/ament_prefix_path.sh
-- Installing: /home/bt/Desktop/leitunssatz-ROS2-conversion/ls_ros2_ws/install/leitungssatz/share/leitungssatz/environment/ament_prefix_path.dsv
-- Installing: /home/bt/Desktop/leitunssatz-ROS2-conversion/ls_ros2_ws/install/leitungssatz/share/leitungssatz/environment/path.sh
-- Installing: /home/bt/Desktop/leitunssatz-ROS2-conversion/ls_ros2_ws/install/leitungssatz/share/leitungssatz/environment/path.dsv
-- Installing: /home/bt/Desktop/leitunssatz-ROS2-conversion/ls_ros2_ws/install/leitungssatz/share/leitungssatz/local_setup.bash
-- Installing: /home/bt/Desktop/leitunssatz-ROS2-conversion/ls_ros2_ws/install/leitungssatz/share/leitungssatz/local_setup.sh
-- Installing: /home/bt/Desktop/leitunssatz-ROS2-conversion/ls_ros2_ws/install/leitungssatz/share/leitungssatz/local_setup.zsh
-- Installing: /home/bt/Desktop/leitunssatz-ROS2-conversion/ls_ros2_ws/install/leitungssatz/share/leitungssatz/local_setup.dsv
-- Installing: /home/bt/Desktop/leitunssatz-ROS2-conversion/ls_ros2_ws/install/leitungssatz/share/leitungssatz/package.dsv
-- Installing: /home/bt/Desktop/leitunssatz-ROS2-conversion/ls_ros2_ws/install/leitungssatz/share/ament_index/resource_index/packages/leitungssatz
-- Installing: /home/bt/Desktop/leitunssatz-ROS2-conversion/ls_ros2_ws/install/leitungssatz/share/leitungssatz/cmake/export_leitungssatz__rosidl_generator_cExport.cmake
-- Installing: /home/bt/Desktop/leitunssatz-ROS2-conversion/ls_ros2_ws/install/leitungssatz/share/leitungssatz/cmake/export_leitungssatz__rosidl_generator_cExport-noconfig.cmake
-- Installing: /home/bt/Desktop/leitunssatz-ROS2-conversion/ls_ros2_ws/install/leitungssatz/share/leitungssatz/cmake/export_leitungssatz__rosidl_typesupport_fastrtps_cExport.cmake
-- Installing: /home/bt/Desktop/leitunssatz-ROS2-conversion/ls_ros2_ws/install/leitungssatz/share/leitungssatz/cmake/export_leitungssatz__rosidl_typesupport_fastrtps_cExport-noconfig.cmake
-- Installing: /home/bt/Desktop/leitunssatz-ROS2-conversion/ls_ros2_ws/install/leitungssatz/share/leitungssatz/cmake/export_leitungssatz__rosidl_generator_cppExport.cmake
-- Installing: /home/bt/Desktop/leitunssatz-ROS2-conversion/ls_ros2_ws/install/leitungssatz/share/leitungssatz/cmake/export_leitungssatz__rosidl_typesupport_fastrtps_cppExport.cmake
-- Installing: /home/bt/Desktop/leitunssatz-ROS2-conversion/ls_ros2_ws/install/leitungssatz/share/leitungssatz/cmake/export_leitungssatz__rosidl_typesupport_fastrtps_cppExport-noconfig.cmake
-- Installing: /home/bt/Desktop/leitunssatz-ROS2-conversion/ls_ros2_ws/install/leitungssatz/share/leitungssatz/cmake/leitungssatz__rosidl_typesupport_introspection_cExport.cmake
-- Installing: /home/bt/Desktop/leitunssatz-ROS2-conversion/ls_ros2_ws/install/leitungssatz/share/leitungssatz/cmake/leitungssatz__rosidl_typesupport_introspection_cExport-noconfig.cmake
-- Installing: /home/bt/Desktop/leitunssatz-ROS2-conversion/ls_ros2_ws/install/leitungssatz/share/leitungssatz/cmake/leitungssatz__rosidl_typesupport_cExport.cmake
-- Installing: /home/bt/Desktop/leitunssatz-ROS2-conversion/ls_ros2_ws/install/leitungssatz/share/leitungssatz/cmake/leitungssatz__rosidl_typesupport_cExport-noconfig.cmake
-- Installing: /home/bt/Desktop/leitunssatz-ROS2-conversion/ls_ros2_ws/install/leitungssatz/share/leitungssatz/cmake/leitungssatz__rosidl_typesupport_introspection_cppExport.cmake
-- Installing: /home/bt/Desktop/leitunssatz-ROS2-conversion/ls_ros2_ws/install/leitungssatz/share/leitungssatz/cmake/leitungssatz__rosidl_typesupport_introspection_cppExport-noconfig.cmake
-- Installing: /home/bt/Desktop/leitunssatz-ROS2-conversion/ls_ros2_ws/install/leitungssatz/share/leitungssatz/cmake/leitungssatz__rosidl_typesupport_cppExport.cmake
-- Installing: /home/bt/Desktop/leitunssatz-ROS2-conversion/ls_ros2_ws/install/leitungssatz/share/leitungssatz/cmake/leitungssatz__rosidl_typesupport_cppExport-noconfig.cmake
-- Installing: /home/bt/Desktop/leitunssatz-ROS2-conversion/ls_ros2_ws/install/leitungssatz/share/leitungssatz/cmake/export_leitungssatz__rosidl_generator_pyExport.cmake
-- Installing: /home/bt/Desktop/leitunssatz-ROS2-conversion/ls_ros2_ws/install/leitungssatz/share/leitungssatz/cmake/export_leitungssatz__rosidl_generator_pyExport-noconfig.cmake
-- Installing: /home/bt/Desktop/leitunssatz-ROS2-conversion/ls_ros2_ws/install/leitungssatz/share/leitungssatz/cmake/rosidl_cmake-extras.cmake
-- Installing: /home/bt/Desktop/leitunssatz-ROS2-conversion/ls_ros2_ws/install/leitungssatz/share/leitungssatz/cmake/ament_cmake_export_dependencies-extras.cmake
-- Installing: /home/bt/Desktop/leitunssatz-ROS2-conversion/ls_ros2_ws/install/leitungssatz/share/leitungssatz/cmake/ament_cmake_export_include_directories-extras.cmake
-- Installing: /home/bt/Desktop/leitunssatz-ROS2-conversion/ls_ros2_ws/install/leitungssatz/share/leitungssatz/cmake/ament_cmake_export_libraries-extras.cmake
-- Installing: /home/bt/Desktop/leitunssatz-ROS2-conversion/ls_ros2_ws/install/leitungssatz/share/leitungssatz/cmake/ament_cmake_export_targets-extras.cmake
-- Installing: /home/bt/Desktop/leitunssatz-ROS2-conversion/ls_ros2_ws/install/leitungssatz/share/leitungssatz/cmake/rosidl_cmake_export_typesupport_targets-extras.cmake
-- Installing: /home/bt/Desktop/leitunssatz-ROS2-conversion/ls_ros2_ws/install/leitungssatz/share/leitungssatz/cmake/rosidl_cmake_export_typesupport_libraries-extras.cmake
-- Installing: /home/bt/Desktop/leitunssatz-ROS2-conversion/ls_ros2_ws/install/leitungssatz/share/leitungssatz/cmake/leitungssatzConfig.cmake
-- Installing: /home/bt/Desktop/leitunssatz-ROS2-conversion/ls_ros2_ws/install/leitungssatz/share/leitungssatz/cmake/leitungssatzConfig-version.cmake
-- Installing: /home/bt/Desktop/leitunssatz-ROS2-conversion/ls_ros2_ws/install/leitungssatz/share/leitungssatz/package.xml
