[0.019s] Invoking command in '/home/bt/Desktop/leitunssatz-ROS2-conversion/ls_ros2_ws/build/leitungssatz': CMAKE_PREFIX_PATH=${CMAKE_PREFIX_PATH}:/home/bt/workspace/install/rqt_joint_trajectory_controller:/home/bt/workspace/install/rqt_controller_manager:/home/bt/workspace/install/ros2controlcli:/home/bt/workspace/install/ros2_controllers_test_nodes:/home/bt/workspace/ros_ur_driver/install/rqt_joint_trajectory_controller:/home/bt/workspace/ros_ur_driver/install/rqt_controller_manager:/home/bt/workspace/ros_ur_driver/install/ros2controlcli:/home/bt/workspace/ros_ur_driver/install/ros2_controllers_test_nodes:/opt/ros/humble /usr/bin/cmake --build /home/bt/Desktop/leitunssatz-ROS2-conversion/ls_ros2_ws/build/leitungssatz -- -j16 -l16
[0.098s] [  1%] [34m[1mGenerating C code for ROS interfaces[0m
[0.117s] [  2%] [34m[1mGenerating C++ code for ROS interfaces[0m
[0.117s] [  2%] [32mBuilding CXX object CMakeFiles/test_node.dir/src/test_node.cpp.o[0m
[0.134s] [  2%] Built target ament_cmake_python_copy_leitungssatz
[0.162s] [  3%] [32m[1mLinking CXX executable test_node[0m
[0.239s] [  3%] Built target test_node
[0.312s] running egg_info
[0.312s] creating leitungssatz.egg-info
[0.312s] writing leitungssatz.egg-info/PKG-INFO
[0.312s] writing dependency_links to leitungssatz.egg-info/dependency_links.txt
[0.312s] writing top-level names to leitungssatz.egg-info/top_level.txt
[0.312s] writing manifest file 'leitungssatz.egg-info/SOURCES.txt'
[0.314s] reading manifest file 'leitungssatz.egg-info/SOURCES.txt'
[0.314s] writing manifest file 'leitungssatz.egg-info/SOURCES.txt'
[0.344s] [  3%] Built target ament_cmake_python_build_leitungssatz_egg
[0.902s] [  6%] [32mBuilding C object CMakeFiles/leitungssatz__rosidl_generator_c.dir/rosidl_generator_c/leitungssatz/srv/detail/set_exposure__functions.c.o[0m
[0.902s] [  6%] [32mBuilding C object CMakeFiles/leitungssatz__rosidl_generator_c.dir/rosidl_generator_c/leitungssatz/msg/detail/resolution__functions.c.o[0m
[0.903s] [  6%] [32mBuilding C object CMakeFiles/leitungssatz__rosidl_generator_c.dir/rosidl_generator_c/leitungssatz/msg/detail/vector_resolution__functions.c.o[0m
[0.903s] [  6%] [32mBuilding C object CMakeFiles/leitungssatz__rosidl_generator_c.dir/rosidl_generator_c/leitungssatz/srv/detail/get_board_location__functions.c.o[0m
[0.903s] [  6%] [32mBuilding C object CMakeFiles/leitungssatz__rosidl_generator_c.dir/rosidl_generator_c/leitungssatz/srv/detail/check_components__functions.c.o[0m
[0.903s] [  7%] [32mBuilding C object CMakeFiles/leitungssatz__rosidl_generator_c.dir/rosidl_generator_c/leitungssatz/srv/detail/add_tf2__functions.c.o[0m
[0.903s] [  8%] [32mBuilding C object CMakeFiles/leitungssatz__rosidl_generator_c.dir/rosidl_generator_c/leitungssatz/srv/detail/get_beep__functions.c.o[0m
[0.904s] [  9%] [32mBuilding C object CMakeFiles/leitungssatz__rosidl_generator_c.dir/rosidl_generator_c/leitungssatz/srv/detail/get_red_block__functions.c.o[0m
[0.904s] [ 10%] [32mBuilding C object CMakeFiles/leitungssatz__rosidl_generator_c.dir/rosidl_generator_c/leitungssatz/srv/detail/get_triangles__functions.c.o[0m
[0.904s] [ 11%] [32mBuilding C object CMakeFiles/leitungssatz__rosidl_generator_c.dir/rosidl_generator_c/leitungssatz/srv/detail/get_finished__functions.c.o[0m
[0.905s] [ 13%] [32mBuilding C object CMakeFiles/leitungssatz__rosidl_generator_c.dir/rosidl_generator_c/leitungssatz/srv/detail/select_cam__functions.c.o[0m
[0.905s] [ 13%] [32mBuilding C object CMakeFiles/leitungssatz__rosidl_generator_c.dir/rosidl_generator_c/leitungssatz/srv/detail/set_cable_orientation__functions.c.o[0m
[0.905s] [ 13%] [32mBuilding C object CMakeFiles/leitungssatz__rosidl_generator_c.dir/rosidl_generator_c/leitungssatz/srv/detail/grab_buchse__functions.c.o[0m
[0.911s] [ 13%] Built target leitungssatz__cpp
[0.942s] [ 13%] [34m[1mGenerating C++ type support for eProsima Fast-RTPS[0m
[0.943s] [ 14%] [34m[1mGenerating C++ introspection for ROS interfaces[0m
[0.949s] [ 14%] [34m[1mGenerating C++ type support dispatch for ROS interfaces[0m
[0.986s] [ 15%] [32m[1mLinking C shared library libleitungssatz__rosidl_generator_c.so[0m
[1.055s] [ 15%] Built target leitungssatz__rosidl_generator_c
[1.076s] [ 17%] [34m[1mGenerating C type support dispatch for ROS interfaces[0m
[1.076s] [ 17%] [34m[1mGenerating C introspection for ROS interfaces[0m
[1.076s] [ 17%] [34m[1mGenerating C type support for eProsima Fast-RTPS[0m
[1.428s] [ 18%] [32mBuilding CXX object CMakeFiles/leitungssatz__rosidl_typesupport_cpp.dir/rosidl_typesupport_cpp/leitungssatz/srv/get_beep__type_support.cpp.o[0m
[1.428s] [ 22%] [32mBuilding CXX object CMakeFiles/leitungssatz__rosidl_typesupport_cpp.dir/rosidl_typesupport_cpp/leitungssatz/srv/check_components__type_support.cpp.o[0m
[1.428s] [ 22%] [32mBuilding CXX object CMakeFiles/leitungssatz__rosidl_typesupport_cpp.dir/rosidl_typesupport_cpp/leitungssatz/srv/grab_buchse__type_support.cpp.o[0m
[1.428s] [ 22%] [32mBuilding CXX object CMakeFiles/leitungssatz__rosidl_typesupport_cpp.dir/rosidl_typesupport_cpp/leitungssatz/msg/resolution__type_support.cpp.o[0m
[1.428s] [ 22%] [32mBuilding CXX object CMakeFiles/leitungssatz__rosidl_typesupport_cpp.dir/rosidl_typesupport_cpp/leitungssatz/msg/vector_resolution__type_support.cpp.o[0m
[1.428s] [ 22%] [32mBuilding CXX object CMakeFiles/leitungssatz__rosidl_typesupport_cpp.dir/rosidl_typesupport_cpp/leitungssatz/srv/add_tf2__type_support.cpp.o[0m
[1.428s] [ 24%] [32mBuilding CXX object CMakeFiles/leitungssatz__rosidl_typesupport_cpp.dir/rosidl_typesupport_cpp/leitungssatz/srv/get_board_location__type_support.cpp.o[0m
[1.428s] [ 24%] [32mBuilding CXX object CMakeFiles/leitungssatz__rosidl_typesupport_cpp.dir/rosidl_typesupport_cpp/leitungssatz/srv/get_finished__type_support.cpp.o[0m
[1.428s] [ 24%] [32mBuilding CXX object CMakeFiles/leitungssatz__rosidl_typesupport_cpp.dir/rosidl_typesupport_cpp/leitungssatz/srv/get_triangles__type_support.cpp.o[0m
[1.428s] [ 25%] [32mBuilding CXX object CMakeFiles/leitungssatz__rosidl_typesupport_cpp.dir/rosidl_typesupport_cpp/leitungssatz/srv/get_red_block__type_support.cpp.o[0m
[1.437s] [ 26%] [32mBuilding CXX object CMakeFiles/leitungssatz__rosidl_typesupport_cpp.dir/rosidl_typesupport_cpp/leitungssatz/srv/select_cam__type_support.cpp.o[0m
[1.760s] [ 27%] [32mBuilding CXX object CMakeFiles/leitungssatz__rosidl_typesupport_c.dir/rosidl_typesupport_c/leitungssatz/msg/resolution__type_support.cpp.o[0m
[1.917s] [ 28%] [32mBuilding CXX object CMakeFiles/leitungssatz__rosidl_typesupport_introspection_cpp.dir/rosidl_typesupport_introspection_cpp/leitungssatz/msg/detail/resolution__type_support.cpp.o[0m
[1.994s] [ 29%] [32mBuilding CXX object CMakeFiles/leitungssatz__rosidl_typesupport_fastrtps_cpp.dir/rosidl_typesupport_fastrtps_cpp/leitungssatz/msg/detail/dds_fastrtps/resolution__type_support.cpp.o[0m
[2.046s] [ 30%] [32mBuilding CXX object CMakeFiles/leitungssatz__rosidl_typesupport_cpp.dir/rosidl_typesupport_cpp/leitungssatz/srv/set_cable_orientation__type_support.cpp.o[0m
[2.047s] [ 31%] [32mBuilding CXX object CMakeFiles/leitungssatz__rosidl_typesupport_cpp.dir/rosidl_typesupport_cpp/leitungssatz/srv/set_exposure__type_support.cpp.o[0m
[2.053s] [ 32%] [32mBuilding CXX object CMakeFiles/leitungssatz__rosidl_typesupport_fastrtps_cpp.dir/rosidl_typesupport_fastrtps_cpp/leitungssatz/msg/detail/dds_fastrtps/vector_resolution__type_support.cpp.o[0m
[2.053s] [ 33%] [32mBuilding CXX object CMakeFiles/leitungssatz__rosidl_typesupport_c.dir/rosidl_typesupport_c/leitungssatz/srv/add_tf2__type_support.cpp.o[0m
[2.053s] [ 35%] [32mBuilding CXX object CMakeFiles/leitungssatz__rosidl_typesupport_c.dir/rosidl_typesupport_c/leitungssatz/msg/vector_resolution__type_support.cpp.o[0m
[2.053s] [ 35%] [32mBuilding CXX object CMakeFiles/leitungssatz__rosidl_typesupport_introspection_cpp.dir/rosidl_typesupport_introspection_cpp/leitungssatz/msg/detail/vector_resolution__type_support.cpp.o[0m
[2.054s] [ 35%] [32mBuilding CXX object CMakeFiles/leitungssatz__rosidl_typesupport_c.dir/rosidl_typesupport_c/leitungssatz/srv/check_components__type_support.cpp.o[0m
[2.059s] [ 36%] [32mBuilding CXX object CMakeFiles/leitungssatz__rosidl_typesupport_introspection_cpp.dir/rosidl_typesupport_introspection_cpp/leitungssatz/srv/detail/add_tf2__type_support.cpp.o[0m
[2.059s] [ 37%] [32mBuilding CXX object CMakeFiles/leitungssatz__rosidl_typesupport_c.dir/rosidl_typesupport_c/leitungssatz/srv/get_beep__type_support.cpp.o[0m
[2.059s] [ 37%] [32mBuilding CXX object CMakeFiles/leitungssatz__rosidl_typesupport_fastrtps_cpp.dir/rosidl_typesupport_fastrtps_cpp/leitungssatz/srv/detail/dds_fastrtps/add_tf2__type_support.cpp.o[0m
[2.069s] [ 37%] [32mBuilding CXX object CMakeFiles/leitungssatz__rosidl_typesupport_fastrtps_cpp.dir/rosidl_typesupport_fastrtps_cpp/leitungssatz/srv/detail/dds_fastrtps/check_components__type_support.cpp.o[0m
[2.073s] [ 38%] [32mBuilding CXX object CMakeFiles/leitungssatz__rosidl_typesupport_c.dir/rosidl_typesupport_c/leitungssatz/srv/get_board_location__type_support.cpp.o[0m
[2.102s] [ 39%] [32mBuilding C object CMakeFiles/leitungssatz__rosidl_typesupport_introspection_c.dir/rosidl_typesupport_introspection_c/leitungssatz/msg/detail/resolution__type_support.c.o[0m
[2.110s] [ 39%] [32mBuilding C object CMakeFiles/leitungssatz__rosidl_typesupport_introspection_c.dir/rosidl_typesupport_introspection_c/leitungssatz/msg/detail/vector_resolution__type_support.c.o[0m
[2.119s] [ 42%] [32mBuilding CXX object CMakeFiles/leitungssatz__rosidl_typesupport_fastrtps_c.dir/rosidl_typesupport_fastrtps_c/leitungssatz/msg/detail/resolution__type_support_c.cpp.o[0m
[2.119s] [ 42%] [32mBuilding CXX object CMakeFiles/leitungssatz__rosidl_typesupport_fastrtps_cpp.dir/rosidl_typesupport_fastrtps_cpp/leitungssatz/srv/detail/dds_fastrtps/get_beep__type_support.cpp.o[0m
[2.119s] [ 42%] [32mBuilding C object CMakeFiles/leitungssatz__rosidl_typesupport_introspection_c.dir/rosidl_typesupport_introspection_c/leitungssatz/srv/detail/add_tf2__type_support.c.o[0m
[2.119s] [ 43%] [32mBuilding C object CMakeFiles/leitungssatz__rosidl_typesupport_introspection_c.dir/rosidl_typesupport_introspection_c/leitungssatz/srv/detail/check_components__type_support.c.o[0m
[2.134s] [ 44%] [32mBuilding CXX object CMakeFiles/leitungssatz__rosidl_typesupport_c.dir/rosidl_typesupport_c/leitungssatz/srv/get_finished__type_support.cpp.o[0m
[2.173s] [ 45%] [32mBuilding CXX object CMakeFiles/leitungssatz__rosidl_typesupport_c.dir/rosidl_typesupport_c/leitungssatz/srv/get_red_block__type_support.cpp.o[0m
[2.180s] [ 46%] [32mBuilding CXX object CMakeFiles/leitungssatz__rosidl_typesupport_introspection_cpp.dir/rosidl_typesupport_introspection_cpp/leitungssatz/srv/detail/check_components__type_support.cpp.o[0m
[2.190s] [ 47%] [32mBuilding CXX object CMakeFiles/leitungssatz__rosidl_typesupport_introspection_cpp.dir/rosidl_typesupport_introspection_cpp/leitungssatz/srv/detail/get_beep__type_support.cpp.o[0m
[2.193s] [ 48%] [32mBuilding C object CMakeFiles/leitungssatz__rosidl_typesupport_introspection_c.dir/rosidl_typesupport_introspection_c/leitungssatz/srv/detail/get_beep__type_support.c.o[0m
[2.202s] [ 49%] [32mBuilding CXX object CMakeFiles/leitungssatz__rosidl_typesupport_fastrtps_cpp.dir/rosidl_typesupport_fastrtps_cpp/leitungssatz/srv/detail/dds_fastrtps/get_board_location__type_support.cpp.o[0m
[2.254s] [ 49%] [32mBuilding CXX object CMakeFiles/leitungssatz__rosidl_typesupport_c.dir/rosidl_typesupport_c/leitungssatz/srv/get_triangles__type_support.cpp.o[0m
[2.255s] [ 50%] [32mBuilding CXX object CMakeFiles/leitungssatz__rosidl_typesupport_c.dir/rosidl_typesupport_c/leitungssatz/srv/grab_buchse__type_support.cpp.o[0m
[2.280s] [ 51%] [32mBuilding C object CMakeFiles/leitungssatz__rosidl_typesupport_introspection_c.dir/rosidl_typesupport_introspection_c/leitungssatz/srv/detail/get_board_location__type_support.c.o[0m
[2.318s] [ 52%] [32mBuilding CXX object CMakeFiles/leitungssatz__rosidl_typesupport_c.dir/rosidl_typesupport_c/leitungssatz/srv/select_cam__type_support.cpp.o[0m
[2.322s] [ 53%] [32mBuilding CXX object CMakeFiles/leitungssatz__rosidl_typesupport_fastrtps_c.dir/rosidl_typesupport_fastrtps_c/leitungssatz/msg/detail/vector_resolution__type_support_c.cpp.o[0m
[2.333s] [ 53%] [32mBuilding CXX object CMakeFiles/leitungssatz__rosidl_typesupport_fastrtps_c.dir/rosidl_typesupport_fastrtps_c/leitungssatz/srv/detail/add_tf2__type_support_c.cpp.o[0m
[2.350s] [ 53%] [32mBuilding C object CMakeFiles/leitungssatz__rosidl_typesupport_introspection_c.dir/rosidl_typesupport_introspection_c/leitungssatz/srv/detail/get_finished__type_support.c.o[0m
[2.351s] [ 53%] [32m[1mLinking CXX shared library libleitungssatz__rosidl_typesupport_cpp.so[0m
[2.386s] [ 54%] [32mBuilding CXX object CMakeFiles/leitungssatz__rosidl_typesupport_c.dir/rosidl_typesupport_c/leitungssatz/srv/set_cable_orientation__type_support.cpp.o[0m
[2.399s] [ 55%] [32mBuilding CXX object CMakeFiles/leitungssatz__rosidl_typesupport_fastrtps_c.dir/rosidl_typesupport_fastrtps_c/leitungssatz/srv/detail/check_components__type_support_c.cpp.o[0m
[2.419s] [ 56%] [32mBuilding C object CMakeFiles/leitungssatz__rosidl_typesupport_introspection_c.dir/rosidl_typesupport_introspection_c/leitungssatz/srv/detail/get_red_block__type_support.c.o[0m
[2.460s] [ 56%] [32mBuilding CXX object CMakeFiles/leitungssatz__rosidl_typesupport_c.dir/rosidl_typesupport_c/leitungssatz/srv/set_exposure__type_support.cpp.o[0m
[2.462s] [ 57%] [32mBuilding C object CMakeFiles/leitungssatz__rosidl_typesupport_introspection_c.dir/rosidl_typesupport_introspection_c/leitungssatz/srv/detail/get_triangles__type_support.c.o[0m
[2.463s] [ 59%] [32mBuilding CXX object CMakeFiles/leitungssatz__rosidl_typesupport_fastrtps_cpp.dir/rosidl_typesupport_fastrtps_cpp/leitungssatz/srv/detail/dds_fastrtps/get_finished__type_support.cpp.o[0m
[2.464s] [ 59%] [32mBuilding CXX object CMakeFiles/leitungssatz__rosidl_typesupport_introspection_cpp.dir/rosidl_typesupport_introspection_cpp/leitungssatz/srv/detail/get_board_location__type_support.cpp.o[0m
[2.480s] [ 60%] [32mBuilding C object CMakeFiles/leitungssatz__rosidl_typesupport_introspection_c.dir/rosidl_typesupport_introspection_c/leitungssatz/srv/detail/grab_buchse__type_support.c.o[0m
[2.480s] [ 60%] [32mBuilding C object CMakeFiles/leitungssatz__rosidl_typesupport_introspection_c.dir/rosidl_typesupport_introspection_c/leitungssatz/srv/detail/select_cam__type_support.c.o[0m
[2.490s] [ 61%] [32mBuilding CXX object CMakeFiles/leitungssatz__rosidl_typesupport_introspection_cpp.dir/rosidl_typesupport_introspection_cpp/leitungssatz/srv/detail/get_finished__type_support.cpp.o[0m
[2.496s] [ 61%] [32mBuilding CXX object CMakeFiles/leitungssatz__rosidl_typesupport_introspection_cpp.dir/rosidl_typesupport_introspection_cpp/leitungssatz/srv/detail/get_red_block__type_support.cpp.o[0m
[2.518s] [ 61%] Built target leitungssatz__rosidl_typesupport_cpp
[2.518s] [ 62%] [32m[1mLinking CXX shared library libleitungssatz__rosidl_typesupport_c.so[0m
[2.527s] [ 63%] [32mBuilding C object CMakeFiles/leitungssatz__rosidl_typesupport_introspection_c.dir/rosidl_typesupport_introspection_c/leitungssatz/srv/detail/set_cable_orientation__type_support.c.o[0m
[2.544s] [ 63%] [32mBuilding CXX object CMakeFiles/leitungssatz__rosidl_typesupport_fastrtps_cpp.dir/rosidl_typesupport_fastrtps_cpp/leitungssatz/srv/detail/dds_fastrtps/get_red_block__type_support.cpp.o[0m
[2.557s] [ 64%] [32mBuilding CXX object CMakeFiles/leitungssatz__rosidl_typesupport_fastrtps_c.dir/rosidl_typesupport_fastrtps_c/leitungssatz/srv/detail/get_beep__type_support_c.cpp.o[0m
[2.558s] [ 66%] [32mBuilding CXX object CMakeFiles/leitungssatz__rosidl_typesupport_introspection_cpp.dir/rosidl_typesupport_introspection_cpp/leitungssatz/srv/detail/get_triangles__type_support.cpp.o[0m
[2.558s] [ 66%] [32mBuilding C object CMakeFiles/leitungssatz__rosidl_typesupport_introspection_c.dir/rosidl_typesupport_introspection_c/leitungssatz/srv/detail/set_exposure__type_support.c.o[0m
[2.584s] [ 67%] [32mBuilding CXX object CMakeFiles/leitungssatz__rosidl_typesupport_introspection_cpp.dir/rosidl_typesupport_introspection_cpp/leitungssatz/srv/detail/grab_buchse__type_support.cpp.o[0m
[2.590s] [ 68%] [32mBuilding CXX object CMakeFiles/leitungssatz__rosidl_typesupport_fastrtps_c.dir/rosidl_typesupport_fastrtps_c/leitungssatz/srv/detail/get_board_location__type_support_c.cpp.o[0m
[2.598s] [ 69%] [32mBuilding CXX object CMakeFiles/leitungssatz__rosidl_typesupport_fastrtps_cpp.dir/rosidl_typesupport_fastrtps_cpp/leitungssatz/srv/detail/dds_fastrtps/get_triangles__type_support.cpp.o[0m
[2.620s] [ 70%] [32m[1mLinking C shared library libleitungssatz__rosidl_typesupport_introspection_c.so[0m
[2.621s] [ 71%] [32mBuilding CXX object CMakeFiles/leitungssatz__rosidl_typesupport_fastrtps_cpp.dir/rosidl_typesupport_fastrtps_cpp/leitungssatz/srv/detail/dds_fastrtps/grab_buchse__type_support.cpp.o[0m
[2.626s] [ 71%] Built target leitungssatz__rosidl_typesupport_c
[2.655s] [ 72%] [32mBuilding CXX object CMakeFiles/leitungssatz__rosidl_typesupport_fastrtps_cpp.dir/rosidl_typesupport_fastrtps_cpp/leitungssatz/srv/detail/dds_fastrtps/select_cam__type_support.cpp.o[0m
[2.684s] [ 73%] [32mBuilding CXX object CMakeFiles/leitungssatz__rosidl_typesupport_fastrtps_c.dir/rosidl_typesupport_fastrtps_c/leitungssatz/srv/detail/get_finished__type_support_c.cpp.o[0m
[2.711s] [ 74%] [32mBuilding CXX object CMakeFiles/leitungssatz__rosidl_typesupport_introspection_cpp.dir/rosidl_typesupport_introspection_cpp/leitungssatz/srv/detail/select_cam__type_support.cpp.o[0m
[2.746s] [ 74%] Built target leitungssatz__rosidl_typesupport_introspection_c
[2.794s] [ 74%] [32mBuilding CXX object CMakeFiles/leitungssatz__rosidl_typesupport_introspection_cpp.dir/rosidl_typesupport_introspection_cpp/leitungssatz/srv/detail/set_cable_orientation__type_support.cpp.o[0m
[2.801s] [ 74%] [32mBuilding CXX object CMakeFiles/leitungssatz__rosidl_typesupport_fastrtps_c.dir/rosidl_typesupport_fastrtps_c/leitungssatz/srv/detail/get_red_block__type_support_c.cpp.o[0m
[2.872s] [ 75%] [32mBuilding CXX object CMakeFiles/leitungssatz__rosidl_typesupport_introspection_cpp.dir/rosidl_typesupport_introspection_cpp/leitungssatz/srv/detail/set_exposure__type_support.cpp.o[0m
[2.887s] [ 76%] [32mBuilding CXX object CMakeFiles/leitungssatz__rosidl_typesupport_fastrtps_cpp.dir/rosidl_typesupport_fastrtps_cpp/leitungssatz/srv/detail/dds_fastrtps/set_cable_orientation__type_support.cpp.o[0m
[2.895s] [ 76%] [32mBuilding CXX object CMakeFiles/leitungssatz__rosidl_typesupport_fastrtps_cpp.dir/rosidl_typesupport_fastrtps_cpp/leitungssatz/srv/detail/dds_fastrtps/set_exposure__type_support.cpp.o[0m
[2.896s] [ 77%] [32mBuilding CXX object CMakeFiles/leitungssatz__rosidl_typesupport_fastrtps_c.dir/rosidl_typesupport_fastrtps_c/leitungssatz/srv/detail/get_triangles__type_support_c.cpp.o[0m
[2.924s] [ 78%] [32mBuilding CXX object CMakeFiles/leitungssatz__rosidl_typesupport_fastrtps_c.dir/rosidl_typesupport_fastrtps_c/leitungssatz/srv/detail/grab_buchse__type_support_c.cpp.o[0m
[2.974s] [ 79%] [32mBuilding CXX object CMakeFiles/leitungssatz__rosidl_typesupport_fastrtps_c.dir/rosidl_typesupport_fastrtps_c/leitungssatz/srv/detail/select_cam__type_support_c.cpp.o[0m
[2.974s] [ 79%] [32mBuilding CXX object CMakeFiles/leitungssatz__rosidl_typesupport_fastrtps_c.dir/rosidl_typesupport_fastrtps_c/leitungssatz/srv/detail/set_cable_orientation__type_support_c.cpp.o[0m
[2.983s] [ 80%] [32mBuilding CXX object CMakeFiles/leitungssatz__rosidl_typesupport_fastrtps_c.dir/rosidl_typesupport_fastrtps_c/leitungssatz/srv/detail/set_exposure__type_support_c.cpp.o[0m
[3.258s] [ 81%] [32m[1mLinking CXX shared library libleitungssatz__rosidl_typesupport_introspection_cpp.so[0m
[3.290s] [ 82%] [32m[1mLinking CXX shared library libleitungssatz__rosidl_typesupport_fastrtps_cpp.so[0m
[3.313s] [ 83%] [32m[1mLinking CXX shared library libleitungssatz__rosidl_typesupport_fastrtps_c.so[0m
[3.354s] [ 83%] Built target leitungssatz__rosidl_typesupport_introspection_cpp
[3.381s] [ 83%] Built target leitungssatz__rosidl_typesupport_fastrtps_cpp
[3.402s] [ 83%] Built target leitungssatz__rosidl_typesupport_fastrtps_c
[3.444s] [ 83%] Built target leitungssatz
[3.488s] [ 84%] [34m[1mGenerating Python code for ROS interfaces[0m
[4.679s] [ 84%] Built target leitungssatz__py
[4.723s] [ 86%] [32mBuilding C object CMakeFiles/leitungssatz__rosidl_generator_py.dir/rosidl_generator_py/leitungssatz/srv/_get_board_location_s.c.o[0m
[4.723s] [ 86%] [32mBuilding C object CMakeFiles/leitungssatz__rosidl_generator_py.dir/rosidl_generator_py/leitungssatz/srv/_check_components_s.c.o[0m
[4.723s] [ 86%] [32mBuilding C object CMakeFiles/leitungssatz__rosidl_generator_py.dir/rosidl_generator_py/leitungssatz/srv/_set_cable_orientation_s.c.o[0m
[4.723s] [ 88%] [32mBuilding C object CMakeFiles/leitungssatz__rosidl_generator_py.dir/rosidl_generator_py/leitungssatz/msg/_vector_resolution_s.c.o[0m
[4.723s] [ 88%] [32mBuilding C object CMakeFiles/leitungssatz__rosidl_generator_py.dir/rosidl_generator_py/leitungssatz/msg/_resolution_s.c.o[0m
[4.723s] [ 88%] [32mBuilding C object CMakeFiles/leitungssatz__rosidl_generator_py.dir/rosidl_generator_py/leitungssatz/srv/_add_tf2_s.c.o[0m
[4.723s] [ 89%] [32mBuilding C object CMakeFiles/leitungssatz__rosidl_generator_py.dir/rosidl_generator_py/leitungssatz/srv/_get_red_block_s.c.o[0m
[4.723s] [ 90%] [32mBuilding C object CMakeFiles/leitungssatz__rosidl_generator_py.dir/rosidl_generator_py/leitungssatz/srv/_get_beep_s.c.o[0m
[4.723s] [ 91%] [32mBuilding C object CMakeFiles/leitungssatz__rosidl_generator_py.dir/rosidl_generator_py/leitungssatz/srv/_get_finished_s.c.o[0m
[4.723s] [ 92%] [32mBuilding C object CMakeFiles/leitungssatz__rosidl_generator_py.dir/rosidl_generator_py/leitungssatz/srv/_get_triangles_s.c.o[0m
[4.724s] [ 92%] [32mBuilding C object CMakeFiles/leitungssatz__rosidl_generator_py.dir/rosidl_generator_py/leitungssatz/srv/_grab_buchse_s.c.o[0m
[4.725s] [ 94%] [32mBuilding C object CMakeFiles/leitungssatz__rosidl_generator_py.dir/rosidl_generator_py/leitungssatz/srv/_select_cam_s.c.o[0m
[4.725s] [ 94%] [32mBuilding C object CMakeFiles/leitungssatz__rosidl_generator_py.dir/rosidl_generator_py/leitungssatz/srv/_set_exposure_s.c.o[0m
[4.844s] [ 95%] [32m[1mLinking C shared library rosidl_generator_py/leitungssatz/libleitungssatz__rosidl_generator_py.so[0m
[7.464s] [ 95%] Built target leitungssatz__rosidl_generator_py
[7.509s] [ 98%] [32mBuilding C object CMakeFiles/leitungssatz__rosidl_typesupport_fastrtps_c__pyext.dir/rosidl_generator_py/leitungssatz/_leitungssatz_s.ep.rosidl_typesupport_fastrtps_c.c.o[0m
[7.509s] [ 98%] [32mBuilding C object CMakeFiles/leitungssatz__rosidl_typesupport_c__pyext.dir/rosidl_generator_py/leitungssatz/_leitungssatz_s.ep.rosidl_typesupport_c.c.o[0m
[7.509s] [ 98%] [32mBuilding C object CMakeFiles/leitungssatz__rosidl_typesupport_introspection_c__pyext.dir/rosidl_generator_py/leitungssatz/_leitungssatz_s.ep.rosidl_typesupport_introspection_c.c.o[0m
[8.017s] [ 99%] [32m[1mLinking C shared library rosidl_generator_py/leitungssatz/leitungssatz_s__rosidl_typesupport_c.cpython-310-x86_64-linux-gnu.so[0m
[8.135s] [100%] [32m[1mLinking C shared library rosidl_generator_py/leitungssatz/leitungssatz_s__rosidl_typesupport_fastrtps_c.cpython-310-x86_64-linux-gnu.so[0m
[8.274s] [100%] [32m[1mLinking C shared library rosidl_generator_py/leitungssatz/leitungssatz_s__rosidl_typesupport_introspection_c.cpython-310-x86_64-linux-gnu.so[0m
[8.903s] [100%] Built target leitungssatz__rosidl_typesupport_introspection_c__pyext
[9.161s] [100%] Built target leitungssatz__rosidl_typesupport_c__pyext
[9.294s] [100%] Built target leitungssatz__rosidl_typesupport_fastrtps_c__pyext
[9.426s] Invoked command in '/home/bt/Desktop/leitunssatz-ROS2-conversion/ls_ros2_ws/build/leitungssatz' returned '0': CMAKE_PREFIX_PATH=${CMAKE_PREFIX_PATH}:/home/bt/workspace/install/rqt_joint_trajectory_controller:/home/bt/workspace/install/rqt_controller_manager:/home/bt/workspace/install/ros2controlcli:/home/bt/workspace/install/ros2_controllers_test_nodes:/home/bt/workspace/ros_ur_driver/install/rqt_joint_trajectory_controller:/home/bt/workspace/ros_ur_driver/install/rqt_controller_manager:/home/bt/workspace/ros_ur_driver/install/ros2controlcli:/home/bt/workspace/ros_ur_driver/install/ros2_controllers_test_nodes:/opt/ros/humble /usr/bin/cmake --build /home/bt/Desktop/leitunssatz-ROS2-conversion/ls_ros2_ws/build/leitungssatz -- -j16 -l16
[9.441s] Invoking command in '/home/bt/Desktop/leitunssatz-ROS2-conversion/ls_ros2_ws/build/leitungssatz': CMAKE_PREFIX_PATH=${CMAKE_PREFIX_PATH}:/home/bt/workspace/install/rqt_joint_trajectory_controller:/home/bt/workspace/install/rqt_controller_manager:/home/bt/workspace/install/ros2controlcli:/home/bt/workspace/install/ros2_controllers_test_nodes:/home/bt/workspace/ros_ur_driver/install/rqt_joint_trajectory_controller:/home/bt/workspace/ros_ur_driver/install/rqt_controller_manager:/home/bt/workspace/ros_ur_driver/install/ros2controlcli:/home/bt/workspace/ros_ur_driver/install/ros2_controllers_test_nodes:/opt/ros/humble /usr/bin/cmake --install /home/bt/Desktop/leitunssatz-ROS2-conversion/ls_ros2_ws/build/leitungssatz
[9.455s] -- Install configuration: ""
[9.455s] -- Installing: /home/bt/Desktop/leitunssatz-ROS2-conversion/ls_ros2_ws/install/leitungssatz/share/ament_index/resource_index/rosidl_interfaces/leitungssatz
[9.455s] -- Installing: /home/bt/Desktop/leitunssatz-ROS2-conversion/ls_ros2_ws/install/leitungssatz/include/leitungssatz/leitungssatz
[9.455s] -- Installing: /home/bt/Desktop/leitunssatz-ROS2-conversion/ls_ros2_ws/install/leitungssatz/include/leitungssatz/leitungssatz/srv
[9.456s] -- Installing: /home/bt/Desktop/leitunssatz-ROS2-conversion/ls_ros2_ws/install/leitungssatz/include/leitungssatz/leitungssatz/srv/select_cam.h
[9.456s] -- Installing: /home/bt/Desktop/leitunssatz-ROS2-conversion/ls_ros2_ws/install/leitungssatz/include/leitungssatz/leitungssatz/srv/set_cable_orientation.h
[9.456s] -- Installing: /home/bt/Desktop/leitunssatz-ROS2-conversion/ls_ros2_ws/install/leitungssatz/include/leitungssatz/leitungssatz/srv/detail
[9.456s] -- Installing: /home/bt/Desktop/leitunssatz-ROS2-conversion/ls_ros2_ws/install/leitungssatz/include/leitungssatz/leitungssatz/srv/detail/get_finished__type_support.h
[9.456s] -- Installing: /home/bt/Desktop/leitunssatz-ROS2-conversion/ls_ros2_ws/install/leitungssatz/include/leitungssatz/leitungssatz/srv/detail/get_finished__struct.h
[9.456s] -- Installing: /home/bt/Desktop/leitunssatz-ROS2-conversion/ls_ros2_ws/install/leitungssatz/include/leitungssatz/leitungssatz/srv/detail/add_tf2__type_support.h
[9.456s] -- Installing: /home/bt/Desktop/leitunssatz-ROS2-conversion/ls_ros2_ws/install/leitungssatz/include/leitungssatz/leitungssatz/srv/detail/grab_buchse__functions.c
[9.456s] -- Installing: /home/bt/Desktop/leitunssatz-ROS2-conversion/ls_ros2_ws/install/leitungssatz/include/leitungssatz/leitungssatz/srv/detail/add_tf2__functions.h
[9.457s] -- Installing: /home/bt/Desktop/leitunssatz-ROS2-conversion/ls_ros2_ws/install/leitungssatz/include/leitungssatz/leitungssatz/srv/detail/check_components__type_support.h
[9.457s] -- Installing: /home/bt/Desktop/leitunssatz-ROS2-conversion/ls_ros2_ws/install/leitungssatz/include/leitungssatz/leitungssatz/srv/detail/get_triangles__functions.c
[9.457s] -- Installing: /home/bt/Desktop/leitunssatz-ROS2-conversion/ls_ros2_ws/install/leitungssatz/include/leitungssatz/leitungssatz/srv/detail/grab_buchse__functions.h
[9.457s] -- Installing: /home/bt/Desktop/leitunssatz-ROS2-conversion/ls_ros2_ws/install/leitungssatz/include/leitungssatz/leitungssatz/srv/detail/get_triangles__type_support.h
[9.457s] -- Installing: /home/bt/Desktop/leitunssatz-ROS2-conversion/ls_ros2_ws/install/leitungssatz/include/leitungssatz/leitungssatz/srv/detail/set_cable_orientation__functions.h
[9.457s] -- Installing: /home/bt/Desktop/leitunssatz-ROS2-conversion/ls_ros2_ws/install/leitungssatz/include/leitungssatz/leitungssatz/srv/detail/set_cable_orientation__type_support.h
[9.457s] -- Installing: /home/bt/Desktop/leitunssatz-ROS2-conversion/ls_ros2_ws/install/leitungssatz/include/leitungssatz/leitungssatz/srv/detail/get_board_location__struct.h
[9.458s] -- Installing: /home/bt/Desktop/leitunssatz-ROS2-conversion/ls_ros2_ws/install/leitungssatz/include/leitungssatz/leitungssatz/srv/detail/add_tf2__struct.h
[9.458s] -- Installing: /home/bt/Desktop/leitunssatz-ROS2-conversion/ls_ros2_ws/install/leitungssatz/include/leitungssatz/leitungssatz/srv/detail/grab_buchse__struct.h
[9.458s] -- Installing: /home/bt/Desktop/leitunssatz-ROS2-conversion/ls_ros2_ws/install/leitungssatz/include/leitungssatz/leitungssatz/srv/detail/check_components__struct.h
[9.458s] -- Installing: /home/bt/Desktop/leitunssatz-ROS2-conversion/ls_ros2_ws/install/leitungssatz/include/leitungssatz/leitungssatz/srv/detail/check_components__functions.h
[9.458s] -- Installing: /home/bt/Desktop/leitunssatz-ROS2-conversion/ls_ros2_ws/install/leitungssatz/include/leitungssatz/leitungssatz/srv/detail/check_components__functions.c
[9.458s] -- Installing: /home/bt/Desktop/leitunssatz-ROS2-conversion/ls_ros2_ws/install/leitungssatz/include/leitungssatz/leitungssatz/srv/detail/get_red_block__functions.c
[9.458s] -- Installing: /home/bt/Desktop/leitunssatz-ROS2-conversion/ls_ros2_ws/install/leitungssatz/include/leitungssatz/leitungssatz/srv/detail/select_cam__functions.h
[9.459s] -- Installing: /home/bt/Desktop/leitunssatz-ROS2-conversion/ls_ros2_ws/install/leitungssatz/include/leitungssatz/leitungssatz/srv/detail/set_cable_orientation__struct.h
[9.459s] -- Installing: /home/bt/Desktop/leitunssatz-ROS2-conversion/ls_ros2_ws/install/leitungssatz/include/leitungssatz/leitungssatz/srv/detail/add_tf2__functions.c
[9.459s] -- Installing: /home/bt/Desktop/leitunssatz-ROS2-conversion/ls_ros2_ws/install/leitungssatz/include/leitungssatz/leitungssatz/srv/detail/set_exposure__functions.c
[9.459s] -- Installing: /home/bt/Desktop/leitunssatz-ROS2-conversion/ls_ros2_ws/install/leitungssatz/include/leitungssatz/leitungssatz/srv/detail/get_beep__struct.h
[9.459s] -- Installing: /home/bt/Desktop/leitunssatz-ROS2-conversion/ls_ros2_ws/install/leitungssatz/include/leitungssatz/leitungssatz/srv/detail/get_red_block__struct.h
[9.459s] -- Installing: /home/bt/Desktop/leitunssatz-ROS2-conversion/ls_ros2_ws/install/leitungssatz/include/leitungssatz/leitungssatz/srv/detail/select_cam__struct.h
[9.459s] -- Installing: /home/bt/Desktop/leitunssatz-ROS2-conversion/ls_ros2_ws/install/leitungssatz/include/leitungssatz/leitungssatz/srv/detail/get_beep__functions.h
[9.459s] -- Installing: /home/bt/Desktop/leitunssatz-ROS2-conversion/ls_ros2_ws/install/leitungssatz/include/leitungssatz/leitungssatz/srv/detail/get_beep__type_support.h
[9.460s] -- Installing: /home/bt/Desktop/leitunssatz-ROS2-conversion/ls_ros2_ws/install/leitungssatz/include/leitungssatz/leitungssatz/srv/detail/get_board_location__functions.h
[9.460s] -- Installing: /home/bt/Desktop/leitunssatz-ROS2-conversion/ls_ros2_ws/install/leitungssatz/include/leitungssatz/leitungssatz/srv/detail/set_cable_orientation__functions.c
[9.460s] -- Installing: /home/bt/Desktop/leitunssatz-ROS2-conversion/ls_ros2_ws/install/leitungssatz/include/leitungssatz/leitungssatz/srv/detail/select_cam__functions.c
[9.460s] -- Installing: /home/bt/Desktop/leitunssatz-ROS2-conversion/ls_ros2_ws/install/leitungssatz/include/leitungssatz/leitungssatz/srv/detail/set_exposure__functions.h
[9.460s] -- Installing: /home/bt/Desktop/leitunssatz-ROS2-conversion/ls_ros2_ws/install/leitungssatz/include/leitungssatz/leitungssatz/srv/detail/get_red_block__type_support.h
[9.460s] -- Installing: /home/bt/Desktop/leitunssatz-ROS2-conversion/ls_ros2_ws/install/leitungssatz/include/leitungssatz/leitungssatz/srv/detail/get_finished__functions.c
[9.460s] -- Installing: /home/bt/Desktop/leitunssatz-ROS2-conversion/ls_ros2_ws/install/leitungssatz/include/leitungssatz/leitungssatz/srv/detail/set_exposure__type_support.h
[9.461s] -- Installing: /home/bt/Desktop/leitunssatz-ROS2-conversion/ls_ros2_ws/install/leitungssatz/include/leitungssatz/leitungssatz/srv/detail/get_triangles__struct.h
[9.461s] -- Installing: /home/bt/Desktop/leitunssatz-ROS2-conversion/ls_ros2_ws/install/leitungssatz/include/leitungssatz/leitungssatz/srv/detail/get_beep__functions.c
[9.461s] -- Installing: /home/bt/Desktop/leitunssatz-ROS2-conversion/ls_ros2_ws/install/leitungssatz/include/leitungssatz/leitungssatz/srv/detail/get_triangles__functions.h
[9.461s] -- Installing: /home/bt/Desktop/leitunssatz-ROS2-conversion/ls_ros2_ws/install/leitungssatz/include/leitungssatz/leitungssatz/srv/detail/get_board_location__functions.c
[9.461s] -- Installing: /home/bt/Desktop/leitunssatz-ROS2-conversion/ls_ros2_ws/install/leitungssatz/include/leitungssatz/leitungssatz/srv/detail/grab_buchse__type_support.h
[9.461s] -- Installing: /home/bt/Desktop/leitunssatz-ROS2-conversion/ls_ros2_ws/install/leitungssatz/include/leitungssatz/leitungssatz/srv/detail/set_exposure__struct.h
[9.461s] -- Installing: /home/bt/Desktop/leitunssatz-ROS2-conversion/ls_ros2_ws/install/leitungssatz/include/leitungssatz/leitungssatz/srv/detail/get_board_location__type_support.h
[9.461s] -- Installing: /home/bt/Desktop/leitunssatz-ROS2-conversion/ls_ros2_ws/install/leitungssatz/include/leitungssatz/leitungssatz/srv/detail/get_red_block__functions.h
[9.462s] -- Installing: /home/bt/Desktop/leitunssatz-ROS2-conversion/ls_ros2_ws/install/leitungssatz/include/leitungssatz/leitungssatz/srv/detail/get_finished__functions.h
[9.462s] -- Installing: /home/bt/Desktop/leitunssatz-ROS2-conversion/ls_ros2_ws/install/leitungssatz/include/leitungssatz/leitungssatz/srv/detail/select_cam__type_support.h
[9.462s] -- Installing: /home/bt/Desktop/leitunssatz-ROS2-conversion/ls_ros2_ws/install/leitungssatz/include/leitungssatz/leitungssatz/srv/set_exposure.h
[9.462s] -- Installing: /home/bt/Desktop/leitunssatz-ROS2-conversion/ls_ros2_ws/install/leitungssatz/include/leitungssatz/leitungssatz/srv/get_finished.h
[9.462s] -- Installing: /home/bt/Desktop/leitunssatz-ROS2-conversion/ls_ros2_ws/install/leitungssatz/include/leitungssatz/leitungssatz/srv/grab_buchse.h
[9.462s] -- Installing: /home/bt/Desktop/leitunssatz-ROS2-conversion/ls_ros2_ws/install/leitungssatz/include/leitungssatz/leitungssatz/srv/get_board_location.h
[9.462s] -- Installing: /home/bt/Desktop/leitunssatz-ROS2-conversion/ls_ros2_ws/install/leitungssatz/include/leitungssatz/leitungssatz/srv/add_tf2.h
[9.463s] -- Installing: /home/bt/Desktop/leitunssatz-ROS2-conversion/ls_ros2_ws/install/leitungssatz/include/leitungssatz/leitungssatz/srv/check_components.h
[9.463s] -- Installing: /home/bt/Desktop/leitunssatz-ROS2-conversion/ls_ros2_ws/install/leitungssatz/include/leitungssatz/leitungssatz/srv/get_triangles.h
[9.463s] -- Installing: /home/bt/Desktop/leitunssatz-ROS2-conversion/ls_ros2_ws/install/leitungssatz/include/leitungssatz/leitungssatz/srv/get_red_block.h
[9.463s] -- Installing: /home/bt/Desktop/leitunssatz-ROS2-conversion/ls_ros2_ws/install/leitungssatz/include/leitungssatz/leitungssatz/srv/get_beep.h
[9.463s] -- Installing: /home/bt/Desktop/leitunssatz-ROS2-conversion/ls_ros2_ws/install/leitungssatz/include/leitungssatz/leitungssatz/msg
[9.463s] -- Installing: /home/bt/Desktop/leitunssatz-ROS2-conversion/ls_ros2_ws/install/leitungssatz/include/leitungssatz/leitungssatz/msg/detail
[9.463s] -- Installing: /home/bt/Desktop/leitunssatz-ROS2-conversion/ls_ros2_ws/install/leitungssatz/include/leitungssatz/leitungssatz/msg/detail/resolution__struct.h
[9.464s] -- Installing: /home/bt/Desktop/leitunssatz-ROS2-conversion/ls_ros2_ws/install/leitungssatz/include/leitungssatz/leitungssatz/msg/detail/resolution__functions.c
[9.464s] -- Installing: /home/bt/Desktop/leitunssatz-ROS2-conversion/ls_ros2_ws/install/leitungssatz/include/leitungssatz/leitungssatz/msg/detail/vector_resolution__functions.h
[9.464s] -- Installing: /home/bt/Desktop/leitunssatz-ROS2-conversion/ls_ros2_ws/install/leitungssatz/include/leitungssatz/leitungssatz/msg/detail/vector_resolution__functions.c
[9.464s] -- Installing: /home/bt/Desktop/leitunssatz-ROS2-conversion/ls_ros2_ws/install/leitungssatz/include/leitungssatz/leitungssatz/msg/detail/resolution__type_support.h
[9.464s] -- Installing: /home/bt/Desktop/leitunssatz-ROS2-conversion/ls_ros2_ws/install/leitungssatz/include/leitungssatz/leitungssatz/msg/detail/vector_resolution__struct.h
[9.464s] -- Installing: /home/bt/Desktop/leitunssatz-ROS2-conversion/ls_ros2_ws/install/leitungssatz/include/leitungssatz/leitungssatz/msg/detail/vector_resolution__type_support.h
[9.464s] -- Installing: /home/bt/Desktop/leitunssatz-ROS2-conversion/ls_ros2_ws/install/leitungssatz/include/leitungssatz/leitungssatz/msg/detail/resolution__functions.h
[9.465s] -- Installing: /home/bt/Desktop/leitunssatz-ROS2-conversion/ls_ros2_ws/install/leitungssatz/include/leitungssatz/leitungssatz/msg/vector_resolution.h
[9.465s] -- Installing: /home/bt/Desktop/leitunssatz-ROS2-conversion/ls_ros2_ws/install/leitungssatz/include/leitungssatz/leitungssatz/msg/rosidl_generator_c__visibility_control.h
[9.465s] -- Installing: /home/bt/Desktop/leitunssatz-ROS2-conversion/ls_ros2_ws/install/leitungssatz/include/leitungssatz/leitungssatz/msg/resolution.h
[9.465s] -- Installing: /home/bt/Desktop/leitunssatz-ROS2-conversion/ls_ros2_ws/install/leitungssatz/share/leitungssatz/environment/library_path.sh
[9.465s] -- Installing: /home/bt/Desktop/leitunssatz-ROS2-conversion/ls_ros2_ws/install/leitungssatz/share/leitungssatz/environment/library_path.dsv
[9.465s] -- Installing: /home/bt/Desktop/leitunssatz-ROS2-conversion/ls_ros2_ws/install/leitungssatz/lib/libleitungssatz__rosidl_generator_c.so
[9.465s] -- Set runtime path of "/home/bt/Desktop/leitunssatz-ROS2-conversion/ls_ros2_ws/install/leitungssatz/lib/libleitungssatz__rosidl_generator_c.so" to ""
[9.466s] -- Up-to-date: /home/bt/Desktop/leitunssatz-ROS2-conversion/ls_ros2_ws/install/leitungssatz/include/leitungssatz/leitungssatz
[9.466s] -- Up-to-date: /home/bt/Desktop/leitunssatz-ROS2-conversion/ls_ros2_ws/install/leitungssatz/include/leitungssatz/leitungssatz/srv
[9.466s] -- Up-to-date: /home/bt/Desktop/leitunssatz-ROS2-conversion/ls_ros2_ws/install/leitungssatz/include/leitungssatz/leitungssatz/srv/detail
[9.466s] -- Installing: /home/bt/Desktop/leitunssatz-ROS2-conversion/ls_ros2_ws/install/leitungssatz/include/leitungssatz/leitungssatz/srv/detail/get_finished__rosidl_typesupport_fastrtps_c.h
[9.466s] -- Installing: /home/bt/Desktop/leitunssatz-ROS2-conversion/ls_ros2_ws/install/leitungssatz/include/leitungssatz/leitungssatz/srv/detail/grab_buchse__rosidl_typesupport_fastrtps_c.h
[9.466s] -- Installing: /home/bt/Desktop/leitunssatz-ROS2-conversion/ls_ros2_ws/install/leitungssatz/include/leitungssatz/leitungssatz/srv/detail/set_cable_orientation__rosidl_typesupport_fastrtps_c.h
[9.466s] -- Installing: /home/bt/Desktop/leitunssatz-ROS2-conversion/ls_ros2_ws/install/leitungssatz/include/leitungssatz/leitungssatz/srv/detail/add_tf2__rosidl_typesupport_fastrtps_c.h
[9.466s] -- Installing: /home/bt/Desktop/leitunssatz-ROS2-conversion/ls_ros2_ws/install/leitungssatz/include/leitungssatz/leitungssatz/srv/detail/check_components__rosidl_typesupport_fastrtps_c.h
[9.467s] -- Installing: /home/bt/Desktop/leitunssatz-ROS2-conversion/ls_ros2_ws/install/leitungssatz/include/leitungssatz/leitungssatz/srv/detail/get_board_location__rosidl_typesupport_fastrtps_c.h
[9.467s] -- Installing: /home/bt/Desktop/leitunssatz-ROS2-conversion/ls_ros2_ws/install/leitungssatz/include/leitungssatz/leitungssatz/srv/detail/get_beep__rosidl_typesupport_fastrtps_c.h
[9.467s] -- Installing: /home/bt/Desktop/leitunssatz-ROS2-conversion/ls_ros2_ws/install/leitungssatz/include/leitungssatz/leitungssatz/srv/detail/get_red_block__rosidl_typesupport_fastrtps_c.h
[9.467s] -- Installing: /home/bt/Desktop/leitunssatz-ROS2-conversion/ls_ros2_ws/install/leitungssatz/include/leitungssatz/leitungssatz/srv/detail/set_exposure__rosidl_typesupport_fastrtps_c.h
[9.467s] -- Installing: /home/bt/Desktop/leitunssatz-ROS2-conversion/ls_ros2_ws/install/leitungssatz/include/leitungssatz/leitungssatz/srv/detail/get_triangles__rosidl_typesupport_fastrtps_c.h
[9.467s] -- Installing: /home/bt/Desktop/leitunssatz-ROS2-conversion/ls_ros2_ws/install/leitungssatz/include/leitungssatz/leitungssatz/srv/detail/select_cam__rosidl_typesupport_fastrtps_c.h
[9.467s] -- Up-to-date: /home/bt/Desktop/leitunssatz-ROS2-conversion/ls_ros2_ws/install/leitungssatz/include/leitungssatz/leitungssatz/msg
[9.468s] -- Up-to-date: /home/bt/Desktop/leitunssatz-ROS2-conversion/ls_ros2_ws/install/leitungssatz/include/leitungssatz/leitungssatz/msg/detail
[9.468s] -- Installing: /home/bt/Desktop/leitunssatz-ROS2-conversion/ls_ros2_ws/install/leitungssatz/include/leitungssatz/leitungssatz/msg/detail/vector_resolution__rosidl_typesupport_fastrtps_c.h
[9.468s] -- Installing: /home/bt/Desktop/leitunssatz-ROS2-conversion/ls_ros2_ws/install/leitungssatz/include/leitungssatz/leitungssatz/msg/detail/resolution__rosidl_typesupport_fastrtps_c.h
[9.468s] -- Installing: /home/bt/Desktop/leitunssatz-ROS2-conversion/ls_ros2_ws/install/leitungssatz/include/leitungssatz/leitungssatz/msg/rosidl_typesupport_fastrtps_c__visibility_control.h
[9.468s] -- Installing: /home/bt/Desktop/leitunssatz-ROS2-conversion/ls_ros2_ws/install/leitungssatz/lib/libleitungssatz__rosidl_typesupport_fastrtps_c.so
[9.468s] -- Set runtime path of "/home/bt/Desktop/leitunssatz-ROS2-conversion/ls_ros2_ws/install/leitungssatz/lib/libleitungssatz__rosidl_typesupport_fastrtps_c.so" to ""
[9.468s] -- Up-to-date: /home/bt/Desktop/leitunssatz-ROS2-conversion/ls_ros2_ws/install/leitungssatz/include/leitungssatz/leitungssatz
[9.469s] -- Up-to-date: /home/bt/Desktop/leitunssatz-ROS2-conversion/ls_ros2_ws/install/leitungssatz/include/leitungssatz/leitungssatz/srv
[9.469s] -- Installing: /home/bt/Desktop/leitunssatz-ROS2-conversion/ls_ros2_ws/install/leitungssatz/include/leitungssatz/leitungssatz/srv/get_triangles.hpp
[9.469s] -- Installing: /home/bt/Desktop/leitunssatz-ROS2-conversion/ls_ros2_ws/install/leitungssatz/include/leitungssatz/leitungssatz/srv/get_red_block.hpp
[9.469s] -- Installing: /home/bt/Desktop/leitunssatz-ROS2-conversion/ls_ros2_ws/install/leitungssatz/include/leitungssatz/leitungssatz/srv/get_beep.hpp
[9.469s] -- Installing: /home/bt/Desktop/leitunssatz-ROS2-conversion/ls_ros2_ws/install/leitungssatz/include/leitungssatz/leitungssatz/srv/set_cable_orientation.hpp
[9.469s] -- Up-to-date: /home/bt/Desktop/leitunssatz-ROS2-conversion/ls_ros2_ws/install/leitungssatz/include/leitungssatz/leitungssatz/srv/detail
[9.469s] -- Installing: /home/bt/Desktop/leitunssatz-ROS2-conversion/ls_ros2_ws/install/leitungssatz/include/leitungssatz/leitungssatz/srv/detail/get_beep__struct.hpp
[9.470s] -- Installing: /home/bt/Desktop/leitunssatz-ROS2-conversion/ls_ros2_ws/install/leitungssatz/include/leitungssatz/leitungssatz/srv/detail/check_components__type_support.hpp
[9.470s] -- Installing: /home/bt/Desktop/leitunssatz-ROS2-conversion/ls_ros2_ws/install/leitungssatz/include/leitungssatz/leitungssatz/srv/detail/select_cam__type_support.hpp
[9.470s] -- Installing: /home/bt/Desktop/leitunssatz-ROS2-conversion/ls_ros2_ws/install/leitungssatz/include/leitungssatz/leitungssatz/srv/detail/get_beep__traits.hpp
[9.470s] -- Installing: /home/bt/Desktop/leitunssatz-ROS2-conversion/ls_ros2_ws/install/leitungssatz/include/leitungssatz/leitungssatz/srv/detail/get_finished__builder.hpp
[9.470s] -- Installing: /home/bt/Desktop/leitunssatz-ROS2-conversion/ls_ros2_ws/install/leitungssatz/include/leitungssatz/leitungssatz/srv/detail/get_red_block__traits.hpp
[9.470s] -- Installing: /home/bt/Desktop/leitunssatz-ROS2-conversion/ls_ros2_ws/install/leitungssatz/include/leitungssatz/leitungssatz/srv/detail/set_exposure__struct.hpp
[9.470s] -- Installing: /home/bt/Desktop/leitunssatz-ROS2-conversion/ls_ros2_ws/install/leitungssatz/include/leitungssatz/leitungssatz/srv/detail/add_tf2__struct.hpp
[9.470s] -- Installing: /home/bt/Desktop/leitunssatz-ROS2-conversion/ls_ros2_ws/install/leitungssatz/include/leitungssatz/leitungssatz/srv/detail/get_red_block__builder.hpp
[9.471s] -- Installing: /home/bt/Desktop/leitunssatz-ROS2-conversion/ls_ros2_ws/install/leitungssatz/include/leitungssatz/leitungssatz/srv/detail/get_triangles__traits.hpp
[9.471s] -- Installing: /home/bt/Desktop/leitunssatz-ROS2-conversion/ls_ros2_ws/install/leitungssatz/include/leitungssatz/leitungssatz/srv/detail/add_tf2__traits.hpp
[9.471s] -- Installing: /home/bt/Desktop/leitunssatz-ROS2-conversion/ls_ros2_ws/install/leitungssatz/include/leitungssatz/leitungssatz/srv/detail/grab_buchse__struct.hpp
[9.471s] -- Installing: /home/bt/Desktop/leitunssatz-ROS2-conversion/ls_ros2_ws/install/leitungssatz/include/leitungssatz/leitungssatz/srv/detail/get_finished__struct.hpp
[9.471s] -- Installing: /home/bt/Desktop/leitunssatz-ROS2-conversion/ls_ros2_ws/install/leitungssatz/include/leitungssatz/leitungssatz/srv/detail/get_board_location__builder.hpp
[9.471s] -- Installing: /home/bt/Desktop/leitunssatz-ROS2-conversion/ls_ros2_ws/install/leitungssatz/include/leitungssatz/leitungssatz/srv/detail/add_tf2__builder.hpp
[9.471s] -- Installing: /home/bt/Desktop/leitunssatz-ROS2-conversion/ls_ros2_ws/install/leitungssatz/include/leitungssatz/leitungssatz/srv/detail/set_cable_orientation__struct.hpp
[9.472s] -- Installing: /home/bt/Desktop/leitunssatz-ROS2-conversion/ls_ros2_ws/install/leitungssatz/include/leitungssatz/leitungssatz/srv/detail/get_beep__type_support.hpp
[9.472s] -- Installing: /home/bt/Desktop/leitunssatz-ROS2-conversion/ls_ros2_ws/install/leitungssatz/include/leitungssatz/leitungssatz/srv/detail/set_exposure__type_support.hpp
[9.472s] -- Installing: /home/bt/Desktop/leitunssatz-ROS2-conversion/ls_ros2_ws/install/leitungssatz/include/leitungssatz/leitungssatz/srv/detail/get_red_block__type_support.hpp
[9.472s] -- Installing: /home/bt/Desktop/leitunssatz-ROS2-conversion/ls_ros2_ws/install/leitungssatz/include/leitungssatz/leitungssatz/srv/detail/get_red_block__struct.hpp
[9.472s] -- Installing: /home/bt/Desktop/leitunssatz-ROS2-conversion/ls_ros2_ws/install/leitungssatz/include/leitungssatz/leitungssatz/srv/detail/set_cable_orientation__builder.hpp
[9.472s] -- Installing: /home/bt/Desktop/leitunssatz-ROS2-conversion/ls_ros2_ws/install/leitungssatz/include/leitungssatz/leitungssatz/srv/detail/check_components__traits.hpp
[9.472s] -- Installing: /home/bt/Desktop/leitunssatz-ROS2-conversion/ls_ros2_ws/install/leitungssatz/include/leitungssatz/leitungssatz/srv/detail/get_triangles__builder.hpp
[9.472s] -- Installing: /home/bt/Desktop/leitunssatz-ROS2-conversion/ls_ros2_ws/install/leitungssatz/include/leitungssatz/leitungssatz/srv/detail/get_board_location__struct.hpp
[9.473s] -- Installing: /home/bt/Desktop/leitunssatz-ROS2-conversion/ls_ros2_ws/install/leitungssatz/include/leitungssatz/leitungssatz/srv/detail/grab_buchse__traits.hpp
[9.473s] -- Installing: /home/bt/Desktop/leitunssatz-ROS2-conversion/ls_ros2_ws/install/leitungssatz/include/leitungssatz/leitungssatz/srv/detail/get_board_location__type_support.hpp
[9.473s] -- Installing: /home/bt/Desktop/leitunssatz-ROS2-conversion/ls_ros2_ws/install/leitungssatz/include/leitungssatz/leitungssatz/srv/detail/set_exposure__builder.hpp
[9.473s] -- Installing: /home/bt/Desktop/leitunssatz-ROS2-conversion/ls_ros2_ws/install/leitungssatz/include/leitungssatz/leitungssatz/srv/detail/get_triangles__type_support.hpp
[9.473s] -- Installing: /home/bt/Desktop/leitunssatz-ROS2-conversion/ls_ros2_ws/install/leitungssatz/include/leitungssatz/leitungssatz/srv/detail/get_beep__builder.hpp
[9.473s] -- Installing: /home/bt/Desktop/leitunssatz-ROS2-conversion/ls_ros2_ws/install/leitungssatz/include/leitungssatz/leitungssatz/srv/detail/add_tf2__type_support.hpp
[9.473s] -- Installing: /home/bt/Desktop/leitunssatz-ROS2-conversion/ls_ros2_ws/install/leitungssatz/include/leitungssatz/leitungssatz/srv/detail/check_components__struct.hpp
[9.474s] -- Installing: /home/bt/Desktop/leitunssatz-ROS2-conversion/ls_ros2_ws/install/leitungssatz/include/leitungssatz/leitungssatz/srv/detail/get_triangles__struct.hpp
[9.474s] -- Installing: /home/bt/Desktop/leitunssatz-ROS2-conversion/ls_ros2_ws/install/leitungssatz/include/leitungssatz/leitungssatz/srv/detail/get_board_location__traits.hpp
[9.474s] -- Installing: /home/bt/Desktop/leitunssatz-ROS2-conversion/ls_ros2_ws/install/leitungssatz/include/leitungssatz/leitungssatz/srv/detail/check_components__builder.hpp
[9.474s] -- Installing: /home/bt/Desktop/leitunssatz-ROS2-conversion/ls_ros2_ws/install/leitungssatz/include/leitungssatz/leitungssatz/srv/detail/get_finished__type_support.hpp
[9.474s] -- Installing: /home/bt/Desktop/leitunssatz-ROS2-conversion/ls_ros2_ws/install/leitungssatz/include/leitungssatz/leitungssatz/srv/detail/grab_buchse__type_support.hpp
[9.474s] -- Installing: /home/bt/Desktop/leitunssatz-ROS2-conversion/ls_ros2_ws/install/leitungssatz/include/leitungssatz/leitungssatz/srv/detail/select_cam__builder.hpp
[9.474s] -- Installing: /home/bt/Desktop/leitunssatz-ROS2-conversion/ls_ros2_ws/install/leitungssatz/include/leitungssatz/leitungssatz/srv/detail/select_cam__traits.hpp
[9.475s] -- Installing: /home/bt/Desktop/leitunssatz-ROS2-conversion/ls_ros2_ws/install/leitungssatz/include/leitungssatz/leitungssatz/srv/detail/grab_buchse__builder.hpp
[9.475s] -- Installing: /home/bt/Desktop/leitunssatz-ROS2-conversion/ls_ros2_ws/install/leitungssatz/include/leitungssatz/leitungssatz/srv/detail/set_cable_orientation__traits.hpp
[9.475s] -- Installing: /home/bt/Desktop/leitunssatz-ROS2-conversion/ls_ros2_ws/install/leitungssatz/include/leitungssatz/leitungssatz/srv/detail/set_cable_orientation__type_support.hpp
[9.475s] -- Installing: /home/bt/Desktop/leitunssatz-ROS2-conversion/ls_ros2_ws/install/leitungssatz/include/leitungssatz/leitungssatz/srv/detail/get_finished__traits.hpp
[9.475s] -- Installing: /home/bt/Desktop/leitunssatz-ROS2-conversion/ls_ros2_ws/install/leitungssatz/include/leitungssatz/leitungssatz/srv/detail/select_cam__struct.hpp
[9.475s] -- Installing: /home/bt/Desktop/leitunssatz-ROS2-conversion/ls_ros2_ws/install/leitungssatz/include/leitungssatz/leitungssatz/srv/detail/set_exposure__traits.hpp
[9.475s] -- Installing: /home/bt/Desktop/leitunssatz-ROS2-conversion/ls_ros2_ws/install/leitungssatz/include/leitungssatz/leitungssatz/srv/get_finished.hpp
[9.475s] -- Installing: /home/bt/Desktop/leitunssatz-ROS2-conversion/ls_ros2_ws/install/leitungssatz/include/leitungssatz/leitungssatz/srv/check_components.hpp
[9.476s] -- Installing: /home/bt/Desktop/leitunssatz-ROS2-conversion/ls_ros2_ws/install/leitungssatz/include/leitungssatz/leitungssatz/srv/add_tf2.hpp
[9.476s] -- Installing: /home/bt/Desktop/leitunssatz-ROS2-conversion/ls_ros2_ws/install/leitungssatz/include/leitungssatz/leitungssatz/srv/select_cam.hpp
[9.476s] -- Installing: /home/bt/Desktop/leitunssatz-ROS2-conversion/ls_ros2_ws/install/leitungssatz/include/leitungssatz/leitungssatz/srv/get_board_location.hpp
[9.476s] -- Installing: /home/bt/Desktop/leitunssatz-ROS2-conversion/ls_ros2_ws/install/leitungssatz/include/leitungssatz/leitungssatz/srv/set_exposure.hpp
[9.476s] -- Installing: /home/bt/Desktop/leitunssatz-ROS2-conversion/ls_ros2_ws/install/leitungssatz/include/leitungssatz/leitungssatz/srv/grab_buchse.hpp
[9.476s] -- Up-to-date: /home/bt/Desktop/leitunssatz-ROS2-conversion/ls_ros2_ws/install/leitungssatz/include/leitungssatz/leitungssatz/msg
[9.476s] -- Up-to-date: /home/bt/Desktop/leitunssatz-ROS2-conversion/ls_ros2_ws/install/leitungssatz/include/leitungssatz/leitungssatz/msg/detail
[9.477s] -- Installing: /home/bt/Desktop/leitunssatz-ROS2-conversion/ls_ros2_ws/install/leitungssatz/include/leitungssatz/leitungssatz/msg/detail/vector_resolution__traits.hpp
[9.477s] -- Installing: /home/bt/Desktop/leitunssatz-ROS2-conversion/ls_ros2_ws/install/leitungssatz/include/leitungssatz/leitungssatz/msg/detail/resolution__traits.hpp
[9.477s] -- Installing: /home/bt/Desktop/leitunssatz-ROS2-conversion/ls_ros2_ws/install/leitungssatz/include/leitungssatz/leitungssatz/msg/detail/resolution__struct.hpp
[9.477s] -- Installing: /home/bt/Desktop/leitunssatz-ROS2-conversion/ls_ros2_ws/install/leitungssatz/include/leitungssatz/leitungssatz/msg/detail/vector_resolution__struct.hpp
[9.477s] -- Installing: /home/bt/Desktop/leitunssatz-ROS2-conversion/ls_ros2_ws/install/leitungssatz/include/leitungssatz/leitungssatz/msg/detail/resolution__type_support.hpp
[9.477s] -- Installing: /home/bt/Desktop/leitunssatz-ROS2-conversion/ls_ros2_ws/install/leitungssatz/include/leitungssatz/leitungssatz/msg/detail/resolution__builder.hpp
[9.477s] -- Installing: /home/bt/Desktop/leitunssatz-ROS2-conversion/ls_ros2_ws/install/leitungssatz/include/leitungssatz/leitungssatz/msg/detail/vector_resolution__builder.hpp
[9.477s] -- Installing: /home/bt/Desktop/leitunssatz-ROS2-conversion/ls_ros2_ws/install/leitungssatz/include/leitungssatz/leitungssatz/msg/detail/vector_resolution__type_support.hpp
[9.478s] -- Installing: /home/bt/Desktop/leitunssatz-ROS2-conversion/ls_ros2_ws/install/leitungssatz/include/leitungssatz/leitungssatz/msg/vector_resolution.hpp
[9.478s] -- Installing: /home/bt/Desktop/leitunssatz-ROS2-conversion/ls_ros2_ws/install/leitungssatz/include/leitungssatz/leitungssatz/msg/rosidl_generator_cpp__visibility_control.hpp
[9.478s] -- Installing: /home/bt/Desktop/leitunssatz-ROS2-conversion/ls_ros2_ws/install/leitungssatz/include/leitungssatz/leitungssatz/msg/resolution.hpp
[9.478s] -- Up-to-date: /home/bt/Desktop/leitunssatz-ROS2-conversion/ls_ros2_ws/install/leitungssatz/include/leitungssatz/leitungssatz
[9.478s] -- Up-to-date: /home/bt/Desktop/leitunssatz-ROS2-conversion/ls_ros2_ws/install/leitungssatz/include/leitungssatz/leitungssatz/srv
[9.478s] -- Up-to-date: /home/bt/Desktop/leitunssatz-ROS2-conversion/ls_ros2_ws/install/leitungssatz/include/leitungssatz/leitungssatz/srv/detail
[9.478s] -- Installing: /home/bt/Desktop/leitunssatz-ROS2-conversion/ls_ros2_ws/install/leitungssatz/include/leitungssatz/leitungssatz/srv/detail/set_exposure__rosidl_typesupport_fastrtps_cpp.hpp
[9.479s] -- Installing: /home/bt/Desktop/leitunssatz-ROS2-conversion/ls_ros2_ws/install/leitungssatz/include/leitungssatz/leitungssatz/srv/detail/get_board_location__rosidl_typesupport_fastrtps_cpp.hpp
[9.479s] -- Installing: /home/bt/Desktop/leitunssatz-ROS2-conversion/ls_ros2_ws/install/leitungssatz/include/leitungssatz/leitungssatz/srv/detail/grab_buchse__rosidl_typesupport_fastrtps_cpp.hpp
[9.479s] -- Installing: /home/bt/Desktop/leitunssatz-ROS2-conversion/ls_ros2_ws/install/leitungssatz/include/leitungssatz/leitungssatz/srv/detail/select_cam__rosidl_typesupport_fastrtps_cpp.hpp
[9.479s] -- Installing: /home/bt/Desktop/leitunssatz-ROS2-conversion/ls_ros2_ws/install/leitungssatz/include/leitungssatz/leitungssatz/srv/detail/add_tf2__rosidl_typesupport_fastrtps_cpp.hpp
[9.480s] -- Installing: /home/bt/Desktop/leitunssatz-ROS2-conversion/ls_ros2_ws/install/leitungssatz/include/leitungssatz/leitungssatz/srv/detail/get_red_block__rosidl_typesupport_fastrtps_cpp.hpp
[9.480s] -- Installing: /home/bt/Desktop/leitunssatz-ROS2-conversion/ls_ros2_ws/install/leitungssatz/include/leitungssatz/leitungssatz/srv/detail/get_triangles__rosidl_typesupport_fastrtps_cpp.hpp
[9.480s] -- Installing: /home/bt/Desktop/leitunssatz-ROS2-conversion/ls_ros2_ws/install/leitungssatz/include/leitungssatz/leitungssatz/srv/detail/get_beep__rosidl_typesupport_fastrtps_cpp.hpp
[9.480s] -- Installing: /home/bt/Desktop/leitunssatz-ROS2-conversion/ls_ros2_ws/install/leitungssatz/include/leitungssatz/leitungssatz/srv/detail/get_finished__rosidl_typesupport_fastrtps_cpp.hpp
[9.480s] -- Installing: /home/bt/Desktop/leitunssatz-ROS2-conversion/ls_ros2_ws/install/leitungssatz/include/leitungssatz/leitungssatz/srv/detail/dds_fastrtps
[9.480s] -- Installing: /home/bt/Desktop/leitunssatz-ROS2-conversion/ls_ros2_ws/install/leitungssatz/include/leitungssatz/leitungssatz/srv/detail/set_cable_orientation__rosidl_typesupport_fastrtps_cpp.hpp
[9.480s] -- Installing: /home/bt/Desktop/leitunssatz-ROS2-conversion/ls_ros2_ws/install/leitungssatz/include/leitungssatz/leitungssatz/srv/detail/check_components__rosidl_typesupport_fastrtps_cpp.hpp
[9.480s] -- Up-to-date: /home/bt/Desktop/leitunssatz-ROS2-conversion/ls_ros2_ws/install/leitungssatz/include/leitungssatz/leitungssatz/msg
[9.480s] -- Up-to-date: /home/bt/Desktop/leitunssatz-ROS2-conversion/ls_ros2_ws/install/leitungssatz/include/leitungssatz/leitungssatz/msg/detail
[9.481s] -- Installing: /home/bt/Desktop/leitunssatz-ROS2-conversion/ls_ros2_ws/install/leitungssatz/include/leitungssatz/leitungssatz/msg/detail/resolution__rosidl_typesupport_fastrtps_cpp.hpp
[9.481s] -- Installing: /home/bt/Desktop/leitunssatz-ROS2-conversion/ls_ros2_ws/install/leitungssatz/include/leitungssatz/leitungssatz/msg/detail/vector_resolution__rosidl_typesupport_fastrtps_cpp.hpp
[9.481s] -- Installing: /home/bt/Desktop/leitunssatz-ROS2-conversion/ls_ros2_ws/install/leitungssatz/include/leitungssatz/leitungssatz/msg/detail/dds_fastrtps
[9.481s] -- Installing: /home/bt/Desktop/leitunssatz-ROS2-conversion/ls_ros2_ws/install/leitungssatz/include/leitungssatz/leitungssatz/msg/rosidl_typesupport_fastrtps_cpp__visibility_control.h
[9.481s] -- Installing: /home/bt/Desktop/leitunssatz-ROS2-conversion/ls_ros2_ws/install/leitungssatz/lib/libleitungssatz__rosidl_typesupport_fastrtps_cpp.so
[9.481s] -- Set runtime path of "/home/bt/Desktop/leitunssatz-ROS2-conversion/ls_ros2_ws/install/leitungssatz/lib/libleitungssatz__rosidl_typesupport_fastrtps_cpp.so" to ""
[9.481s] -- Up-to-date: /home/bt/Desktop/leitunssatz-ROS2-conversion/ls_ros2_ws/install/leitungssatz/include/leitungssatz/leitungssatz
[9.481s] -- Up-to-date: /home/bt/Desktop/leitunssatz-ROS2-conversion/ls_ros2_ws/install/leitungssatz/include/leitungssatz/leitungssatz/srv
[9.481s] -- Up-to-date: /home/bt/Desktop/leitunssatz-ROS2-conversion/ls_ros2_ws/install/leitungssatz/include/leitungssatz/leitungssatz/srv/detail
[9.482s] -- Installing: /home/bt/Desktop/leitunssatz-ROS2-conversion/ls_ros2_ws/install/leitungssatz/include/leitungssatz/leitungssatz/srv/detail/get_finished__rosidl_typesupport_introspection_c.h
[9.482s] -- Installing: /home/bt/Desktop/leitunssatz-ROS2-conversion/ls_ros2_ws/install/leitungssatz/include/leitungssatz/leitungssatz/srv/detail/set_cable_orientation__rosidl_typesupport_introspection_c.h
[9.482s] -- Installing: /home/bt/Desktop/leitunssatz-ROS2-conversion/ls_ros2_ws/install/leitungssatz/include/leitungssatz/leitungssatz/srv/detail/set_cable_orientation__type_support.c
[9.482s] -- Installing: /home/bt/Desktop/leitunssatz-ROS2-conversion/ls_ros2_ws/install/leitungssatz/include/leitungssatz/leitungssatz/srv/detail/get_beep__rosidl_typesupport_introspection_c.h
[9.482s] -- Installing: /home/bt/Desktop/leitunssatz-ROS2-conversion/ls_ros2_ws/install/leitungssatz/include/leitungssatz/leitungssatz/srv/detail/get_board_location__rosidl_typesupport_introspection_c.h
[9.482s] -- Installing: /home/bt/Desktop/leitunssatz-ROS2-conversion/ls_ros2_ws/install/leitungssatz/include/leitungssatz/leitungssatz/srv/detail/get_beep__type_support.c
[9.482s] -- Installing: /home/bt/Desktop/leitunssatz-ROS2-conversion/ls_ros2_ws/install/leitungssatz/include/leitungssatz/leitungssatz/srv/detail/grab_buchse__type_support.c
[9.483s] -- Installing: /home/bt/Desktop/leitunssatz-ROS2-conversion/ls_ros2_ws/install/leitungssatz/include/leitungssatz/leitungssatz/srv/detail/get_board_location__type_support.c
[9.483s] -- Installing: /home/bt/Desktop/leitunssatz-ROS2-conversion/ls_ros2_ws/install/leitungssatz/include/leitungssatz/leitungssatz/srv/detail/select_cam__type_support.c
[9.483s] -- Installing: /home/bt/Desktop/leitunssatz-ROS2-conversion/ls_ros2_ws/install/leitungssatz/include/leitungssatz/leitungssatz/srv/detail/get_red_block__rosidl_typesupport_introspection_c.h
[9.483s] -- Installing: /home/bt/Desktop/leitunssatz-ROS2-conversion/ls_ros2_ws/install/leitungssatz/include/leitungssatz/leitungssatz/srv/detail/get_triangles__type_support.c
[9.483s] -- Installing: /home/bt/Desktop/leitunssatz-ROS2-conversion/ls_ros2_ws/install/leitungssatz/include/leitungssatz/leitungssatz/srv/detail/add_tf2__rosidl_typesupport_introspection_c.h
[9.483s] -- Installing: /home/bt/Desktop/leitunssatz-ROS2-conversion/ls_ros2_ws/install/leitungssatz/include/leitungssatz/leitungssatz/srv/detail/get_triangles__rosidl_typesupport_introspection_c.h
[9.483s] -- Installing: /home/bt/Desktop/leitunssatz-ROS2-conversion/ls_ros2_ws/install/leitungssatz/include/leitungssatz/leitungssatz/srv/detail/check_components__type_support.c
[9.483s] -- Installing: /home/bt/Desktop/leitunssatz-ROS2-conversion/ls_ros2_ws/install/leitungssatz/include/leitungssatz/leitungssatz/srv/detail/set_exposure__type_support.c
[9.483s] -- Installing: /home/bt/Desktop/leitunssatz-ROS2-conversion/ls_ros2_ws/install/leitungssatz/include/leitungssatz/leitungssatz/srv/detail/add_tf2__type_support.c
[9.484s] -- Installing: /home/bt/Desktop/leitunssatz-ROS2-conversion/ls_ros2_ws/install/leitungssatz/include/leitungssatz/leitungssatz/srv/detail/grab_buchse__rosidl_typesupport_introspection_c.h
[9.484s] -- Installing: /home/bt/Desktop/leitunssatz-ROS2-conversion/ls_ros2_ws/install/leitungssatz/include/leitungssatz/leitungssatz/srv/detail/select_cam__rosidl_typesupport_introspection_c.h
[9.484s] -- Installing: /home/bt/Desktop/leitunssatz-ROS2-conversion/ls_ros2_ws/install/leitungssatz/include/leitungssatz/leitungssatz/srv/detail/get_finished__type_support.c
[9.484s] -- Installing: /home/bt/Desktop/leitunssatz-ROS2-conversion/ls_ros2_ws/install/leitungssatz/include/leitungssatz/leitungssatz/srv/detail/set_exposure__rosidl_typesupport_introspection_c.h
[9.484s] -- Installing: /home/bt/Desktop/leitunssatz-ROS2-conversion/ls_ros2_ws/install/leitungssatz/include/leitungssatz/leitungssatz/srv/detail/check_components__rosidl_typesupport_introspection_c.h
[9.484s] -- Installing: /home/bt/Desktop/leitunssatz-ROS2-conversion/ls_ros2_ws/install/leitungssatz/include/leitungssatz/leitungssatz/srv/detail/get_red_block__type_support.c
[9.484s] -- Up-to-date: /home/bt/Desktop/leitunssatz-ROS2-conversion/ls_ros2_ws/install/leitungssatz/include/leitungssatz/leitungssatz/msg
[9.484s] -- Installing: /home/bt/Desktop/leitunssatz-ROS2-conversion/ls_ros2_ws/install/leitungssatz/include/leitungssatz/leitungssatz/msg/rosidl_typesupport_introspection_c__visibility_control.h
[9.484s] -- Up-to-date: /home/bt/Desktop/leitunssatz-ROS2-conversion/ls_ros2_ws/install/leitungssatz/include/leitungssatz/leitungssatz/msg/detail
[9.485s] -- Installing: /home/bt/Desktop/leitunssatz-ROS2-conversion/ls_ros2_ws/install/leitungssatz/include/leitungssatz/leitungssatz/msg/detail/vector_resolution__type_support.c
[9.485s] -- Installing: /home/bt/Desktop/leitunssatz-ROS2-conversion/ls_ros2_ws/install/leitungssatz/include/leitungssatz/leitungssatz/msg/detail/resolution__type_support.c
[9.485s] -- Installing: /home/bt/Desktop/leitunssatz-ROS2-conversion/ls_ros2_ws/install/leitungssatz/include/leitungssatz/leitungssatz/msg/detail/vector_resolution__rosidl_typesupport_introspection_c.h
[9.485s] -- Installing: /home/bt/Desktop/leitunssatz-ROS2-conversion/ls_ros2_ws/install/leitungssatz/include/leitungssatz/leitungssatz/msg/detail/resolution__rosidl_typesupport_introspection_c.h
[9.485s] -- Installing: /home/bt/Desktop/leitunssatz-ROS2-conversion/ls_ros2_ws/install/leitungssatz/lib/libleitungssatz__rosidl_typesupport_introspection_c.so
[9.485s] -- Set runtime path of "/home/bt/Desktop/leitunssatz-ROS2-conversion/ls_ros2_ws/install/leitungssatz/lib/libleitungssatz__rosidl_typesupport_introspection_c.so" to ""
[9.485s] -- Installing: /home/bt/Desktop/leitunssatz-ROS2-conversion/ls_ros2_ws/install/leitungssatz/lib/libleitungssatz__rosidl_typesupport_c.so
[9.485s] -- Set runtime path of "/home/bt/Desktop/leitunssatz-ROS2-conversion/ls_ros2_ws/install/leitungssatz/lib/libleitungssatz__rosidl_typesupport_c.so" to ""
[9.485s] -- Up-to-date: /home/bt/Desktop/leitunssatz-ROS2-conversion/ls_ros2_ws/install/leitungssatz/include/leitungssatz/leitungssatz
[9.486s] -- Up-to-date: /home/bt/Desktop/leitunssatz-ROS2-conversion/ls_ros2_ws/install/leitungssatz/include/leitungssatz/leitungssatz/srv
[9.486s] -- Up-to-date: /home/bt/Desktop/leitunssatz-ROS2-conversion/ls_ros2_ws/install/leitungssatz/include/leitungssatz/leitungssatz/srv/detail
[9.486s] -- Installing: /home/bt/Desktop/leitunssatz-ROS2-conversion/ls_ros2_ws/install/leitungssatz/include/leitungssatz/leitungssatz/srv/detail/select_cam__type_support.cpp
[9.486s] -- Installing: /home/bt/Desktop/leitunssatz-ROS2-conversion/ls_ros2_ws/install/leitungssatz/include/leitungssatz/leitungssatz/srv/detail/add_tf2__rosidl_typesupport_introspection_cpp.hpp
[9.486s] -- Installing: /home/bt/Desktop/leitunssatz-ROS2-conversion/ls_ros2_ws/install/leitungssatz/include/leitungssatz/leitungssatz/srv/detail/get_finished__type_support.cpp
[9.486s] -- Installing: /home/bt/Desktop/leitunssatz-ROS2-conversion/ls_ros2_ws/install/leitungssatz/include/leitungssatz/leitungssatz/srv/detail/get_triangles__rosidl_typesupport_introspection_cpp.hpp
[9.486s] -- Installing: /home/bt/Desktop/leitunssatz-ROS2-conversion/ls_ros2_ws/install/leitungssatz/include/leitungssatz/leitungssatz/srv/detail/get_red_block__rosidl_typesupport_introspection_cpp.hpp
[9.486s] -- Installing: /home/bt/Desktop/leitunssatz-ROS2-conversion/ls_ros2_ws/install/leitungssatz/include/leitungssatz/leitungssatz/srv/detail/set_cable_orientation__type_support.cpp
[9.486s] -- Installing: /home/bt/Desktop/leitunssatz-ROS2-conversion/ls_ros2_ws/install/leitungssatz/include/leitungssatz/leitungssatz/srv/detail/grab_buchse__rosidl_typesupport_introspection_cpp.hpp
[9.487s] -- Installing: /home/bt/Desktop/leitunssatz-ROS2-conversion/ls_ros2_ws/install/leitungssatz/include/leitungssatz/leitungssatz/srv/detail/grab_buchse__type_support.cpp
[9.487s] -- Installing: /home/bt/Desktop/leitunssatz-ROS2-conversion/ls_ros2_ws/install/leitungssatz/include/leitungssatz/leitungssatz/srv/detail/check_components__type_support.cpp
[9.487s] -- Installing: /home/bt/Desktop/leitunssatz-ROS2-conversion/ls_ros2_ws/install/leitungssatz/include/leitungssatz/leitungssatz/srv/detail/get_finished__rosidl_typesupport_introspection_cpp.hpp
[9.487s] -- Installing: /home/bt/Desktop/leitunssatz-ROS2-conversion/ls_ros2_ws/install/leitungssatz/include/leitungssatz/leitungssatz/srv/detail/get_triangles__type_support.cpp
[9.487s] -- Installing: /home/bt/Desktop/leitunssatz-ROS2-conversion/ls_ros2_ws/install/leitungssatz/include/leitungssatz/leitungssatz/srv/detail/get_beep__type_support.cpp
[9.487s] -- Installing: /home/bt/Desktop/leitunssatz-ROS2-conversion/ls_ros2_ws/install/leitungssatz/include/leitungssatz/leitungssatz/srv/detail/get_beep__rosidl_typesupport_introspection_cpp.hpp
[9.487s] -- Installing: /home/bt/Desktop/leitunssatz-ROS2-conversion/ls_ros2_ws/install/leitungssatz/include/leitungssatz/leitungssatz/srv/detail/get_board_location__rosidl_typesupport_introspection_cpp.hpp
[9.487s] -- Installing: /home/bt/Desktop/leitunssatz-ROS2-conversion/ls_ros2_ws/install/leitungssatz/include/leitungssatz/leitungssatz/srv/detail/select_cam__rosidl_typesupport_introspection_cpp.hpp
[9.487s] -- Installing: /home/bt/Desktop/leitunssatz-ROS2-conversion/ls_ros2_ws/install/leitungssatz/include/leitungssatz/leitungssatz/srv/detail/set_exposure__type_support.cpp
[9.487s] -- Installing: /home/bt/Desktop/leitunssatz-ROS2-conversion/ls_ros2_ws/install/leitungssatz/include/leitungssatz/leitungssatz/srv/detail/get_red_block__type_support.cpp
[9.488s] -- Installing: /home/bt/Desktop/leitunssatz-ROS2-conversion/ls_ros2_ws/install/leitungssatz/include/leitungssatz/leitungssatz/srv/detail/check_components__rosidl_typesupport_introspection_cpp.hpp
[9.488s] -- Installing: /home/bt/Desktop/leitunssatz-ROS2-conversion/ls_ros2_ws/install/leitungssatz/include/leitungssatz/leitungssatz/srv/detail/add_tf2__type_support.cpp
[9.488s] -- Installing: /home/bt/Desktop/leitunssatz-ROS2-conversion/ls_ros2_ws/install/leitungssatz/include/leitungssatz/leitungssatz/srv/detail/set_cable_orientation__rosidl_typesupport_introspection_cpp.hpp
[9.488s] -- Installing: /home/bt/Desktop/leitunssatz-ROS2-conversion/ls_ros2_ws/install/leitungssatz/include/leitungssatz/leitungssatz/srv/detail/get_board_location__type_support.cpp
[9.488s] -- Installing: /home/bt/Desktop/leitunssatz-ROS2-conversion/ls_ros2_ws/install/leitungssatz/include/leitungssatz/leitungssatz/srv/detail/set_exposure__rosidl_typesupport_introspection_cpp.hpp
[9.488s] -- Up-to-date: /home/bt/Desktop/leitunssatz-ROS2-conversion/ls_ros2_ws/install/leitungssatz/include/leitungssatz/leitungssatz/msg
[9.488s] -- Up-to-date: /home/bt/Desktop/leitunssatz-ROS2-conversion/ls_ros2_ws/install/leitungssatz/include/leitungssatz/leitungssatz/msg/detail
[9.488s] -- Installing: /home/bt/Desktop/leitunssatz-ROS2-conversion/ls_ros2_ws/install/leitungssatz/include/leitungssatz/leitungssatz/msg/detail/resolution__rosidl_typesupport_introspection_cpp.hpp
[9.488s] -- Installing: /home/bt/Desktop/leitunssatz-ROS2-conversion/ls_ros2_ws/install/leitungssatz/include/leitungssatz/leitungssatz/msg/detail/vector_resolution__rosidl_typesupport_introspection_cpp.hpp
[9.488s] -- Installing: /home/bt/Desktop/leitunssatz-ROS2-conversion/ls_ros2_ws/install/leitungssatz/include/leitungssatz/leitungssatz/msg/detail/vector_resolution__type_support.cpp
[9.489s] -- Installing: /home/bt/Desktop/leitunssatz-ROS2-conversion/ls_ros2_ws/install/leitungssatz/include/leitungssatz/leitungssatz/msg/detail/resolution__type_support.cpp
[9.489s] -- Installing: /home/bt/Desktop/leitunssatz-ROS2-conversion/ls_ros2_ws/install/leitungssatz/lib/libleitungssatz__rosidl_typesupport_introspection_cpp.so
[9.489s] -- Set runtime path of "/home/bt/Desktop/leitunssatz-ROS2-conversion/ls_ros2_ws/install/leitungssatz/lib/libleitungssatz__rosidl_typesupport_introspection_cpp.so" to ""
[9.489s] -- Installing: /home/bt/Desktop/leitunssatz-ROS2-conversion/ls_ros2_ws/install/leitungssatz/lib/libleitungssatz__rosidl_typesupport_cpp.so
[9.489s] -- Set runtime path of "/home/bt/Desktop/leitunssatz-ROS2-conversion/ls_ros2_ws/install/leitungssatz/lib/libleitungssatz__rosidl_typesupport_cpp.so" to ""
[9.489s] -- Installing: /home/bt/Desktop/leitunssatz-ROS2-conversion/ls_ros2_ws/install/leitungssatz/share/leitungssatz/environment/pythonpath.sh
[9.489s] -- Installing: /home/bt/Desktop/leitunssatz-ROS2-conversion/ls_ros2_ws/install/leitungssatz/share/leitungssatz/environment/pythonpath.dsv
[9.489s] -- Installing: /home/bt/Desktop/leitunssatz-ROS2-conversion/ls_ros2_ws/install/leitungssatz/local/lib/python3.10/dist-packages/leitungssatz-0.0.0-py3.10.egg-info
[9.489s] -- Installing: /home/bt/Desktop/leitunssatz-ROS2-conversion/ls_ros2_ws/install/leitungssatz/local/lib/python3.10/dist-packages/leitungssatz-0.0.0-py3.10.egg-info/top_level.txt
[9.489s] -- Installing: /home/bt/Desktop/leitunssatz-ROS2-conversion/ls_ros2_ws/install/leitungssatz/local/lib/python3.10/dist-packages/leitungssatz-0.0.0-py3.10.egg-info/PKG-INFO
[9.490s] -- Installing: /home/bt/Desktop/leitunssatz-ROS2-conversion/ls_ros2_ws/install/leitungssatz/local/lib/python3.10/dist-packages/leitungssatz-0.0.0-py3.10.egg-info/dependency_links.txt
[9.490s] -- Installing: /home/bt/Desktop/leitunssatz-ROS2-conversion/ls_ros2_ws/install/leitungssatz/local/lib/python3.10/dist-packages/leitungssatz-0.0.0-py3.10.egg-info/SOURCES.txt
[9.550s] -- Installing: /home/bt/Desktop/leitunssatz-ROS2-conversion/ls_ros2_ws/install/leitungssatz/local/lib/python3.10/dist-packages/leitungssatz
[9.550s] -- Installing: /home/bt/Desktop/leitunssatz-ROS2-conversion/ls_ros2_ws/install/leitungssatz/local/lib/python3.10/dist-packages/leitungssatz/leitungssatz_s__rosidl_typesupport_fastrtps_c.cpython-310-x86_64-linux-gnu.so
[9.550s] -- Installing: /home/bt/Desktop/leitunssatz-ROS2-conversion/ls_ros2_ws/install/leitungssatz/local/lib/python3.10/dist-packages/leitungssatz/srv
[9.550s] -- Installing: /home/bt/Desktop/leitunssatz-ROS2-conversion/ls_ros2_ws/install/leitungssatz/local/lib/python3.10/dist-packages/leitungssatz/srv/_check_components.py
[9.550s] -- Installing: /home/bt/Desktop/leitunssatz-ROS2-conversion/ls_ros2_ws/install/leitungssatz/local/lib/python3.10/dist-packages/leitungssatz/srv/_get_red_block_s.c
[9.550s] -- Installing: /home/bt/Desktop/leitunssatz-ROS2-conversion/ls_ros2_ws/install/leitungssatz/local/lib/python3.10/dist-packages/leitungssatz/srv/_get_board_location.py
[9.550s] -- Installing: /home/bt/Desktop/leitunssatz-ROS2-conversion/ls_ros2_ws/install/leitungssatz/local/lib/python3.10/dist-packages/leitungssatz/srv/_grab_buchse.py
[9.550s] -- Installing: /home/bt/Desktop/leitunssatz-ROS2-conversion/ls_ros2_ws/install/leitungssatz/local/lib/python3.10/dist-packages/leitungssatz/srv/_check_components_s.c
[9.550s] -- Installing: /home/bt/Desktop/leitunssatz-ROS2-conversion/ls_ros2_ws/install/leitungssatz/local/lib/python3.10/dist-packages/leitungssatz/srv/_set_cable_orientation_s.c
[9.550s] -- Installing: /home/bt/Desktop/leitunssatz-ROS2-conversion/ls_ros2_ws/install/leitungssatz/local/lib/python3.10/dist-packages/leitungssatz/srv/_get_beep.py
[9.551s] -- Installing: /home/bt/Desktop/leitunssatz-ROS2-conversion/ls_ros2_ws/install/leitungssatz/local/lib/python3.10/dist-packages/leitungssatz/srv/_set_cable_orientation.py
[9.551s] -- Installing: /home/bt/Desktop/leitunssatz-ROS2-conversion/ls_ros2_ws/install/leitungssatz/local/lib/python3.10/dist-packages/leitungssatz/srv/__init__.py
[9.551s] -- Installing: /home/bt/Desktop/leitunssatz-ROS2-conversion/ls_ros2_ws/install/leitungssatz/local/lib/python3.10/dist-packages/leitungssatz/srv/_grab_buchse_s.c
[9.551s] -- Installing: /home/bt/Desktop/leitunssatz-ROS2-conversion/ls_ros2_ws/install/leitungssatz/local/lib/python3.10/dist-packages/leitungssatz/srv/_get_beep_s.c
[9.551s] -- Installing: /home/bt/Desktop/leitunssatz-ROS2-conversion/ls_ros2_ws/install/leitungssatz/local/lib/python3.10/dist-packages/leitungssatz/srv/_get_finished_s.c
[9.551s] -- Installing: /home/bt/Desktop/leitunssatz-ROS2-conversion/ls_ros2_ws/install/leitungssatz/local/lib/python3.10/dist-packages/leitungssatz/srv/_get_board_location_s.c
[9.551s] -- Installing: /home/bt/Desktop/leitunssatz-ROS2-conversion/ls_ros2_ws/install/leitungssatz/local/lib/python3.10/dist-packages/leitungssatz/srv/_select_cam.py
[9.551s] -- Installing: /home/bt/Desktop/leitunssatz-ROS2-conversion/ls_ros2_ws/install/leitungssatz/local/lib/python3.10/dist-packages/leitungssatz/srv/_get_red_block.py
[9.551s] -- Installing: /home/bt/Desktop/leitunssatz-ROS2-conversion/ls_ros2_ws/install/leitungssatz/local/lib/python3.10/dist-packages/leitungssatz/srv/_add_tf2.py
[9.551s] -- Installing: /home/bt/Desktop/leitunssatz-ROS2-conversion/ls_ros2_ws/install/leitungssatz/local/lib/python3.10/dist-packages/leitungssatz/srv/_select_cam_s.c
[9.551s] -- Installing: /home/bt/Desktop/leitunssatz-ROS2-conversion/ls_ros2_ws/install/leitungssatz/local/lib/python3.10/dist-packages/leitungssatz/srv/_set_exposure_s.c
[9.551s] -- Installing: /home/bt/Desktop/leitunssatz-ROS2-conversion/ls_ros2_ws/install/leitungssatz/local/lib/python3.10/dist-packages/leitungssatz/srv/_get_finished.py
[9.551s] -- Installing: /home/bt/Desktop/leitunssatz-ROS2-conversion/ls_ros2_ws/install/leitungssatz/local/lib/python3.10/dist-packages/leitungssatz/srv/_add_tf2_s.c
[9.551s] -- Installing: /home/bt/Desktop/leitunssatz-ROS2-conversion/ls_ros2_ws/install/leitungssatz/local/lib/python3.10/dist-packages/leitungssatz/srv/_get_triangles_s.c
[9.551s] -- Installing: /home/bt/Desktop/leitunssatz-ROS2-conversion/ls_ros2_ws/install/leitungssatz/local/lib/python3.10/dist-packages/leitungssatz/srv/_get_triangles.py
[9.551s] -- Installing: /home/bt/Desktop/leitunssatz-ROS2-conversion/ls_ros2_ws/install/leitungssatz/local/lib/python3.10/dist-packages/leitungssatz/srv/_set_exposure.py
[9.552s] -- Installing: /home/bt/Desktop/leitunssatz-ROS2-conversion/ls_ros2_ws/install/leitungssatz/local/lib/python3.10/dist-packages/leitungssatz/libleitungssatz__rosidl_generator_py.so
[9.552s] -- Installing: /home/bt/Desktop/leitunssatz-ROS2-conversion/ls_ros2_ws/install/leitungssatz/local/lib/python3.10/dist-packages/leitungssatz/__init__.py
[9.552s] -- Installing: /home/bt/Desktop/leitunssatz-ROS2-conversion/ls_ros2_ws/install/leitungssatz/local/lib/python3.10/dist-packages/leitungssatz/_leitungssatz_s.ep.rosidl_typesupport_c.c
[9.552s] -- Installing: /home/bt/Desktop/leitunssatz-ROS2-conversion/ls_ros2_ws/install/leitungssatz/local/lib/python3.10/dist-packages/leitungssatz/leitungssatz_s__rosidl_typesupport_introspection_c.cpython-310-x86_64-linux-gnu.so
[9.552s] -- Installing: /home/bt/Desktop/leitunssatz-ROS2-conversion/ls_ros2_ws/install/leitungssatz/local/lib/python3.10/dist-packages/leitungssatz/_leitungssatz_s.ep.rosidl_typesupport_fastrtps_c.c
[9.552s] -- Installing: /home/bt/Desktop/leitunssatz-ROS2-conversion/ls_ros2_ws/install/leitungssatz/local/lib/python3.10/dist-packages/leitungssatz/_leitungssatz_s.ep.rosidl_typesupport_introspection_c.c
[9.552s] -- Installing: /home/bt/Desktop/leitunssatz-ROS2-conversion/ls_ros2_ws/install/leitungssatz/local/lib/python3.10/dist-packages/leitungssatz/msg
[9.552s] -- Installing: /home/bt/Desktop/leitunssatz-ROS2-conversion/ls_ros2_ws/install/leitungssatz/local/lib/python3.10/dist-packages/leitungssatz/msg/_vector_resolution.py
[9.553s] -- Installing: /home/bt/Desktop/leitunssatz-ROS2-conversion/ls_ros2_ws/install/leitungssatz/local/lib/python3.10/dist-packages/leitungssatz/msg/_resolution.py
[9.553s] -- Installing: /home/bt/Desktop/leitunssatz-ROS2-conversion/ls_ros2_ws/install/leitungssatz/local/lib/python3.10/dist-packages/leitungssatz/msg/__init__.py
[9.553s] -- Installing: /home/bt/Desktop/leitunssatz-ROS2-conversion/ls_ros2_ws/install/leitungssatz/local/lib/python3.10/dist-packages/leitungssatz/msg/_resolution_s.c
[9.553s] -- Installing: /home/bt/Desktop/leitunssatz-ROS2-conversion/ls_ros2_ws/install/leitungssatz/local/lib/python3.10/dist-packages/leitungssatz/msg/_vector_resolution_s.c
[9.553s] -- Installing: /home/bt/Desktop/leitunssatz-ROS2-conversion/ls_ros2_ws/install/leitungssatz/local/lib/python3.10/dist-packages/leitungssatz/leitungssatz_s__rosidl_typesupport_c.cpython-310-x86_64-linux-gnu.so
[9.596s] Listing '/home/bt/Desktop/leitunssatz-ROS2-conversion/ls_ros2_ws/install/leitungssatz/local/lib/python3.10/dist-packages/leitungssatz'...
[9.596s] Compiling '/home/bt/Desktop/leitunssatz-ROS2-conversion/ls_ros2_ws/install/leitungssatz/local/lib/python3.10/dist-packages/leitungssatz/__init__.py'...
[9.596s] Listing '/home/bt/Desktop/leitunssatz-ROS2-conversion/ls_ros2_ws/install/leitungssatz/local/lib/python3.10/dist-packages/leitungssatz/msg'...
[9.596s] Compiling '/home/bt/Desktop/leitunssatz-ROS2-conversion/ls_ros2_ws/install/leitungssatz/local/lib/python3.10/dist-packages/leitungssatz/msg/__init__.py'...
[9.597s] Compiling '/home/bt/Desktop/leitunssatz-ROS2-conversion/ls_ros2_ws/install/leitungssatz/local/lib/python3.10/dist-packages/leitungssatz/msg/_resolution.py'...
[9.597s] Compiling '/home/bt/Desktop/leitunssatz-ROS2-conversion/ls_ros2_ws/install/leitungssatz/local/lib/python3.10/dist-packages/leitungssatz/msg/_vector_resolution.py'...
[9.597s] Listing '/home/bt/Desktop/leitunssatz-ROS2-conversion/ls_ros2_ws/install/leitungssatz/local/lib/python3.10/dist-packages/leitungssatz/srv'...
[9.597s] Compiling '/home/bt/Desktop/leitunssatz-ROS2-conversion/ls_ros2_ws/install/leitungssatz/local/lib/python3.10/dist-packages/leitungssatz/srv/__init__.py'...
[9.597s] Compiling '/home/bt/Desktop/leitunssatz-ROS2-conversion/ls_ros2_ws/install/leitungssatz/local/lib/python3.10/dist-packages/leitungssatz/srv/_add_tf2.py'...
[9.597s] Compiling '/home/bt/Desktop/leitunssatz-ROS2-conversion/ls_ros2_ws/install/leitungssatz/local/lib/python3.10/dist-packages/leitungssatz/srv/_check_components.py'...
[9.597s] Compiling '/home/bt/Desktop/leitunssatz-ROS2-conversion/ls_ros2_ws/install/leitungssatz/local/lib/python3.10/dist-packages/leitungssatz/srv/_get_beep.py'...
[9.597s] Compiling '/home/bt/Desktop/leitunssatz-ROS2-conversion/ls_ros2_ws/install/leitungssatz/local/lib/python3.10/dist-packages/leitungssatz/srv/_get_board_location.py'...
[9.597s] Compiling '/home/bt/Desktop/leitunssatz-ROS2-conversion/ls_ros2_ws/install/leitungssatz/local/lib/python3.10/dist-packages/leitungssatz/srv/_get_finished.py'...
[9.597s] Compiling '/home/bt/Desktop/leitunssatz-ROS2-conversion/ls_ros2_ws/install/leitungssatz/local/lib/python3.10/dist-packages/leitungssatz/srv/_get_red_block.py'...
[9.597s] Compiling '/home/bt/Desktop/leitunssatz-ROS2-conversion/ls_ros2_ws/install/leitungssatz/local/lib/python3.10/dist-packages/leitungssatz/srv/_get_triangles.py'...
[9.597s] Compiling '/home/bt/Desktop/leitunssatz-ROS2-conversion/ls_ros2_ws/install/leitungssatz/local/lib/python3.10/dist-packages/leitungssatz/srv/_grab_buchse.py'...
[9.597s] Compiling '/home/bt/Desktop/leitunssatz-ROS2-conversion/ls_ros2_ws/install/leitungssatz/local/lib/python3.10/dist-packages/leitungssatz/srv/_select_cam.py'...
[9.597s] Compiling '/home/bt/Desktop/leitunssatz-ROS2-conversion/ls_ros2_ws/install/leitungssatz/local/lib/python3.10/dist-packages/leitungssatz/srv/_set_cable_orientation.py'...
[9.597s] Compiling '/home/bt/Desktop/leitunssatz-ROS2-conversion/ls_ros2_ws/install/leitungssatz/local/lib/python3.10/dist-packages/leitungssatz/srv/_set_exposure.py'...
[9.599s] -- Installing: /home/bt/Desktop/leitunssatz-ROS2-conversion/ls_ros2_ws/install/leitungssatz/local/lib/python3.10/dist-packages/leitungssatz/leitungssatz_s__rosidl_typesupport_fastrtps_c.cpython-310-x86_64-linux-gnu.so
[9.600s] -- Set runtime path of "/home/bt/Desktop/leitunssatz-ROS2-conversion/ls_ros2_ws/install/leitungssatz/local/lib/python3.10/dist-packages/leitungssatz/leitungssatz_s__rosidl_typesupport_fastrtps_c.cpython-310-x86_64-linux-gnu.so" to ""
[9.600s] -- Installing: /home/bt/Desktop/leitunssatz-ROS2-conversion/ls_ros2_ws/install/leitungssatz/local/lib/python3.10/dist-packages/leitungssatz/leitungssatz_s__rosidl_typesupport_introspection_c.cpython-310-x86_64-linux-gnu.so
[9.601s] -- Set runtime path of "/home/bt/Desktop/leitunssatz-ROS2-conversion/ls_ros2_ws/install/leitungssatz/local/lib/python3.10/dist-packages/leitungssatz/leitungssatz_s__rosidl_typesupport_introspection_c.cpython-310-x86_64-linux-gnu.so" to ""
[9.601s] -- Installing: /home/bt/Desktop/leitunssatz-ROS2-conversion/ls_ros2_ws/install/leitungssatz/local/lib/python3.10/dist-packages/leitungssatz/leitungssatz_s__rosidl_typesupport_c.cpython-310-x86_64-linux-gnu.so
[9.601s] -- Set runtime path of "/home/bt/Desktop/leitunssatz-ROS2-conversion/ls_ros2_ws/install/leitungssatz/local/lib/python3.10/dist-packages/leitungssatz/leitungssatz_s__rosidl_typesupport_c.cpython-310-x86_64-linux-gnu.so" to ""
[9.601s] -- Installing: /home/bt/Desktop/leitunssatz-ROS2-conversion/ls_ros2_ws/install/leitungssatz/lib/libleitungssatz__rosidl_generator_py.so
[9.601s] -- Set runtime path of "/home/bt/Desktop/leitunssatz-ROS2-conversion/ls_ros2_ws/install/leitungssatz/lib/libleitungssatz__rosidl_generator_py.so" to ""
[9.602s] -- Installing: /home/bt/Desktop/leitunssatz-ROS2-conversion/ls_ros2_ws/install/leitungssatz/share/leitungssatz/msg/Resolution.idl
[9.602s] -- Installing: /home/bt/Desktop/leitunssatz-ROS2-conversion/ls_ros2_ws/install/leitungssatz/share/leitungssatz/msg/VectorResolution.idl
[9.602s] -- Installing: /home/bt/Desktop/leitunssatz-ROS2-conversion/ls_ros2_ws/install/leitungssatz/share/leitungssatz/srv/AddTf2.idl
[9.602s] -- Installing: /home/bt/Desktop/leitunssatz-ROS2-conversion/ls_ros2_ws/install/leitungssatz/share/leitungssatz/srv/CheckComponents.idl
[9.602s] -- Installing: /home/bt/Desktop/leitunssatz-ROS2-conversion/ls_ros2_ws/install/leitungssatz/share/leitungssatz/srv/GetBeep.idl
[9.602s] -- Installing: /home/bt/Desktop/leitunssatz-ROS2-conversion/ls_ros2_ws/install/leitungssatz/share/leitungssatz/srv/GetBoardLocation.idl
[9.602s] -- Installing: /home/bt/Desktop/leitunssatz-ROS2-conversion/ls_ros2_ws/install/leitungssatz/share/leitungssatz/srv/GetFinished.idl
[9.603s] -- Installing: /home/bt/Desktop/leitunssatz-ROS2-conversion/ls_ros2_ws/install/leitungssatz/share/leitungssatz/srv/GetRedBlock.idl
[9.603s] -- Installing: /home/bt/Desktop/leitunssatz-ROS2-conversion/ls_ros2_ws/install/leitungssatz/share/leitungssatz/srv/GetTriangles.idl
[9.603s] -- Installing: /home/bt/Desktop/leitunssatz-ROS2-conversion/ls_ros2_ws/install/leitungssatz/share/leitungssatz/srv/GrabBuchse.idl
[9.603s] -- Installing: /home/bt/Desktop/leitunssatz-ROS2-conversion/ls_ros2_ws/install/leitungssatz/share/leitungssatz/srv/SelectCam.idl
[9.603s] -- Installing: /home/bt/Desktop/leitunssatz-ROS2-conversion/ls_ros2_ws/install/leitungssatz/share/leitungssatz/srv/SetCableOrientation.idl
[9.603s] -- Installing: /home/bt/Desktop/leitunssatz-ROS2-conversion/ls_ros2_ws/install/leitungssatz/share/leitungssatz/srv/SetExposure.idl
[9.603s] -- Installing: /home/bt/Desktop/leitunssatz-ROS2-conversion/ls_ros2_ws/install/leitungssatz/share/leitungssatz/msg/Resolution.msg
[9.603s] -- Installing: /home/bt/Desktop/leitunssatz-ROS2-conversion/ls_ros2_ws/install/leitungssatz/share/leitungssatz/msg/VectorResolution.msg
[9.604s] -- Installing: /home/bt/Desktop/leitunssatz-ROS2-conversion/ls_ros2_ws/install/leitungssatz/share/leitungssatz/srv/AddTf2.srv
[9.604s] -- Installing: /home/bt/Desktop/leitunssatz-ROS2-conversion/ls_ros2_ws/install/leitungssatz/share/leitungssatz/srv/AddTf2_Request.msg
[9.604s] -- Installing: /home/bt/Desktop/leitunssatz-ROS2-conversion/ls_ros2_ws/install/leitungssatz/share/leitungssatz/srv/AddTf2_Response.msg
[9.604s] -- Installing: /home/bt/Desktop/leitunssatz-ROS2-conversion/ls_ros2_ws/install/leitungssatz/share/leitungssatz/srv/CheckComponents.srv
[9.604s] -- Installing: /home/bt/Desktop/leitunssatz-ROS2-conversion/ls_ros2_ws/install/leitungssatz/share/leitungssatz/srv/CheckComponents_Request.msg
[9.604s] -- Installing: /home/bt/Desktop/leitunssatz-ROS2-conversion/ls_ros2_ws/install/leitungssatz/share/leitungssatz/srv/CheckComponents_Response.msg
[9.604s] -- Installing: /home/bt/Desktop/leitunssatz-ROS2-conversion/ls_ros2_ws/install/leitungssatz/share/leitungssatz/srv/GetBeep.srv
[9.604s] -- Installing: /home/bt/Desktop/leitunssatz-ROS2-conversion/ls_ros2_ws/install/leitungssatz/share/leitungssatz/srv/GetBeep_Request.msg
[9.604s] -- Installing: /home/bt/Desktop/leitunssatz-ROS2-conversion/ls_ros2_ws/install/leitungssatz/share/leitungssatz/srv/GetBeep_Response.msg
[9.605s] -- Installing: /home/bt/Desktop/leitunssatz-ROS2-conversion/ls_ros2_ws/install/leitungssatz/share/leitungssatz/srv/GetBoardLocation.srv
[9.605s] -- Installing: /home/bt/Desktop/leitunssatz-ROS2-conversion/ls_ros2_ws/install/leitungssatz/share/leitungssatz/srv/GetBoardLocation_Request.msg
[9.605s] -- Installing: /home/bt/Desktop/leitunssatz-ROS2-conversion/ls_ros2_ws/install/leitungssatz/share/leitungssatz/srv/GetBoardLocation_Response.msg
[9.605s] -- Installing: /home/bt/Desktop/leitunssatz-ROS2-conversion/ls_ros2_ws/install/leitungssatz/share/leitungssatz/srv/GetFinished.srv
[9.605s] -- Installing: /home/bt/Desktop/leitunssatz-ROS2-conversion/ls_ros2_ws/install/leitungssatz/share/leitungssatz/srv/GetFinished_Request.msg
[9.605s] -- Installing: /home/bt/Desktop/leitunssatz-ROS2-conversion/ls_ros2_ws/install/leitungssatz/share/leitungssatz/srv/GetFinished_Response.msg
[9.605s] -- Installing: /home/bt/Desktop/leitunssatz-ROS2-conversion/ls_ros2_ws/install/leitungssatz/share/leitungssatz/srv/GetRedBlock.srv
[9.605s] -- Installing: /home/bt/Desktop/leitunssatz-ROS2-conversion/ls_ros2_ws/install/leitungssatz/share/leitungssatz/srv/GetRedBlock_Request.msg
[9.606s] -- Installing: /home/bt/Desktop/leitunssatz-ROS2-conversion/ls_ros2_ws/install/leitungssatz/share/leitungssatz/srv/GetRedBlock_Response.msg
[9.606s] -- Installing: /home/bt/Desktop/leitunssatz-ROS2-conversion/ls_ros2_ws/install/leitungssatz/share/leitungssatz/srv/GetTriangles.srv
[9.606s] -- Installing: /home/bt/Desktop/leitunssatz-ROS2-conversion/ls_ros2_ws/install/leitungssatz/share/leitungssatz/srv/GetTriangles_Request.msg
[9.606s] -- Installing: /home/bt/Desktop/leitunssatz-ROS2-conversion/ls_ros2_ws/install/leitungssatz/share/leitungssatz/srv/GetTriangles_Response.msg
[9.606s] -- Installing: /home/bt/Desktop/leitunssatz-ROS2-conversion/ls_ros2_ws/install/leitungssatz/share/leitungssatz/srv/GrabBuchse.srv
[9.606s] -- Installing: /home/bt/Desktop/leitunssatz-ROS2-conversion/ls_ros2_ws/install/leitungssatz/share/leitungssatz/srv/GrabBuchse_Request.msg
[9.606s] -- Installing: /home/bt/Desktop/leitunssatz-ROS2-conversion/ls_ros2_ws/install/leitungssatz/share/leitungssatz/srv/GrabBuchse_Response.msg
[9.606s] -- Installing: /home/bt/Desktop/leitunssatz-ROS2-conversion/ls_ros2_ws/install/leitungssatz/share/leitungssatz/srv/SelectCam.srv
[9.607s] -- Installing: /home/bt/Desktop/leitunssatz-ROS2-conversion/ls_ros2_ws/install/leitungssatz/share/leitungssatz/srv/SelectCam_Request.msg
[9.607s] -- Installing: /home/bt/Desktop/leitunssatz-ROS2-conversion/ls_ros2_ws/install/leitungssatz/share/leitungssatz/srv/SelectCam_Response.msg
[9.607s] -- Installing: /home/bt/Desktop/leitunssatz-ROS2-conversion/ls_ros2_ws/install/leitungssatz/share/leitungssatz/srv/SetCableOrientation.srv
[9.607s] -- Installing: /home/bt/Desktop/leitunssatz-ROS2-conversion/ls_ros2_ws/install/leitungssatz/share/leitungssatz/srv/SetCableOrientation_Request.msg
[9.607s] -- Installing: /home/bt/Desktop/leitunssatz-ROS2-conversion/ls_ros2_ws/install/leitungssatz/share/leitungssatz/srv/SetCableOrientation_Response.msg
[9.607s] -- Installing: /home/bt/Desktop/leitunssatz-ROS2-conversion/ls_ros2_ws/install/leitungssatz/share/leitungssatz/srv/SetExposure.srv
[9.607s] -- Installing: /home/bt/Desktop/leitunssatz-ROS2-conversion/ls_ros2_ws/install/leitungssatz/share/leitungssatz/srv/SetExposure_Request.msg
[9.607s] -- Installing: /home/bt/Desktop/leitunssatz-ROS2-conversion/ls_ros2_ws/install/leitungssatz/share/leitungssatz/srv/SetExposure_Response.msg
[9.607s] -- Installing: /home/bt/Desktop/leitunssatz-ROS2-conversion/ls_ros2_ws/install/leitungssatz/lib/leitungssatz/test_node
[9.608s] -- Set runtime path of "/home/bt/Desktop/leitunssatz-ROS2-conversion/ls_ros2_ws/install/leitungssatz/lib/leitungssatz/test_node" to ""
[9.608s] -- Installing: /home/bt/Desktop/leitunssatz-ROS2-conversion/ls_ros2_ws/install/leitungssatz/share/ament_index/resource_index/package_run_dependencies/leitungssatz
[9.608s] -- Installing: /home/bt/Desktop/leitunssatz-ROS2-conversion/ls_ros2_ws/install/leitungssatz/share/ament_index/resource_index/parent_prefix_path/leitungssatz
[9.608s] -- Installing: /home/bt/Desktop/leitunssatz-ROS2-conversion/ls_ros2_ws/install/leitungssatz/share/leitungssatz/environment/ament_prefix_path.sh
[9.608s] -- Installing: /home/bt/Desktop/leitunssatz-ROS2-conversion/ls_ros2_ws/install/leitungssatz/share/leitungssatz/environment/ament_prefix_path.dsv
[9.608s] -- Installing: /home/bt/Desktop/leitunssatz-ROS2-conversion/ls_ros2_ws/install/leitungssatz/share/leitungssatz/environment/path.sh
[9.608s] -- Installing: /home/bt/Desktop/leitunssatz-ROS2-conversion/ls_ros2_ws/install/leitungssatz/share/leitungssatz/environment/path.dsv
[9.608s] -- Installing: /home/bt/Desktop/leitunssatz-ROS2-conversion/ls_ros2_ws/install/leitungssatz/share/leitungssatz/local_setup.bash
[9.609s] -- Installing: /home/bt/Desktop/leitunssatz-ROS2-conversion/ls_ros2_ws/install/leitungssatz/share/leitungssatz/local_setup.sh
[9.609s] -- Installing: /home/bt/Desktop/leitunssatz-ROS2-conversion/ls_ros2_ws/install/leitungssatz/share/leitungssatz/local_setup.zsh
[9.609s] -- Installing: /home/bt/Desktop/leitunssatz-ROS2-conversion/ls_ros2_ws/install/leitungssatz/share/leitungssatz/local_setup.dsv
[9.609s] -- Installing: /home/bt/Desktop/leitunssatz-ROS2-conversion/ls_ros2_ws/install/leitungssatz/share/leitungssatz/package.dsv
[9.609s] -- Installing: /home/bt/Desktop/leitunssatz-ROS2-conversion/ls_ros2_ws/install/leitungssatz/share/ament_index/resource_index/packages/leitungssatz
[9.609s] -- Installing: /home/bt/Desktop/leitunssatz-ROS2-conversion/ls_ros2_ws/install/leitungssatz/share/leitungssatz/cmake/export_leitungssatz__rosidl_generator_cExport.cmake
[9.609s] -- Installing: /home/bt/Desktop/leitunssatz-ROS2-conversion/ls_ros2_ws/install/leitungssatz/share/leitungssatz/cmake/export_leitungssatz__rosidl_generator_cExport-noconfig.cmake
[9.609s] -- Installing: /home/bt/Desktop/leitunssatz-ROS2-conversion/ls_ros2_ws/install/leitungssatz/share/leitungssatz/cmake/export_leitungssatz__rosidl_typesupport_fastrtps_cExport.cmake
[9.609s] -- Installing: /home/bt/Desktop/leitunssatz-ROS2-conversion/ls_ros2_ws/install/leitungssatz/share/leitungssatz/cmake/export_leitungssatz__rosidl_typesupport_fastrtps_cExport-noconfig.cmake
[9.610s] -- Installing: /home/bt/Desktop/leitunssatz-ROS2-conversion/ls_ros2_ws/install/leitungssatz/share/leitungssatz/cmake/export_leitungssatz__rosidl_generator_cppExport.cmake
[9.610s] -- Installing: /home/bt/Desktop/leitunssatz-ROS2-conversion/ls_ros2_ws/install/leitungssatz/share/leitungssatz/cmake/export_leitungssatz__rosidl_typesupport_fastrtps_cppExport.cmake
[9.610s] -- Installing: /home/bt/Desktop/leitunssatz-ROS2-conversion/ls_ros2_ws/install/leitungssatz/share/leitungssatz/cmake/export_leitungssatz__rosidl_typesupport_fastrtps_cppExport-noconfig.cmake
[9.610s] -- Installing: /home/bt/Desktop/leitunssatz-ROS2-conversion/ls_ros2_ws/install/leitungssatz/share/leitungssatz/cmake/leitungssatz__rosidl_typesupport_introspection_cExport.cmake
[9.610s] -- Installing: /home/bt/Desktop/leitunssatz-ROS2-conversion/ls_ros2_ws/install/leitungssatz/share/leitungssatz/cmake/leitungssatz__rosidl_typesupport_introspection_cExport-noconfig.cmake
[9.610s] -- Installing: /home/bt/Desktop/leitunssatz-ROS2-conversion/ls_ros2_ws/install/leitungssatz/share/leitungssatz/cmake/leitungssatz__rosidl_typesupport_cExport.cmake
[9.610s] -- Installing: /home/bt/Desktop/leitunssatz-ROS2-conversion/ls_ros2_ws/install/leitungssatz/share/leitungssatz/cmake/leitungssatz__rosidl_typesupport_cExport-noconfig.cmake
[9.610s] -- Installing: /home/bt/Desktop/leitunssatz-ROS2-conversion/ls_ros2_ws/install/leitungssatz/share/leitungssatz/cmake/leitungssatz__rosidl_typesupport_introspection_cppExport.cmake
[9.610s] -- Installing: /home/bt/Desktop/leitunssatz-ROS2-conversion/ls_ros2_ws/install/leitungssatz/share/leitungssatz/cmake/leitungssatz__rosidl_typesupport_introspection_cppExport-noconfig.cmake
[9.611s] -- Installing: /home/bt/Desktop/leitunssatz-ROS2-conversion/ls_ros2_ws/install/leitungssatz/share/leitungssatz/cmake/leitungssatz__rosidl_typesupport_cppExport.cmake
[9.611s] -- Installing: /home/bt/Desktop/leitunssatz-ROS2-conversion/ls_ros2_ws/install/leitungssatz/share/leitungssatz/cmake/leitungssatz__rosidl_typesupport_cppExport-noconfig.cmake
[9.611s] -- Installing: /home/bt/Desktop/leitunssatz-ROS2-conversion/ls_ros2_ws/install/leitungssatz/share/leitungssatz/cmake/export_leitungssatz__rosidl_generator_pyExport.cmake
[9.611s] -- Installing: /home/bt/Desktop/leitunssatz-ROS2-conversion/ls_ros2_ws/install/leitungssatz/share/leitungssatz/cmake/export_leitungssatz__rosidl_generator_pyExport-noconfig.cmake
[9.611s] -- Installing: /home/bt/Desktop/leitunssatz-ROS2-conversion/ls_ros2_ws/install/leitungssatz/share/leitungssatz/cmake/rosidl_cmake-extras.cmake
[9.611s] -- Installing: /home/bt/Desktop/leitunssatz-ROS2-conversion/ls_ros2_ws/install/leitungssatz/share/leitungssatz/cmake/ament_cmake_export_dependencies-extras.cmake
[9.611s] -- Installing: /home/bt/Desktop/leitunssatz-ROS2-conversion/ls_ros2_ws/install/leitungssatz/share/leitungssatz/cmake/ament_cmake_export_include_directories-extras.cmake
[9.611s] -- Installing: /home/bt/Desktop/leitunssatz-ROS2-conversion/ls_ros2_ws/install/leitungssatz/share/leitungssatz/cmake/ament_cmake_export_libraries-extras.cmake
[9.612s] -- Installing: /home/bt/Desktop/leitunssatz-ROS2-conversion/ls_ros2_ws/install/leitungssatz/share/leitungssatz/cmake/ament_cmake_export_targets-extras.cmake
[9.612s] -- Installing: /home/bt/Desktop/leitunssatz-ROS2-conversion/ls_ros2_ws/install/leitungssatz/share/leitungssatz/cmake/rosidl_cmake_export_typesupport_targets-extras.cmake
[9.612s] -- Installing: /home/bt/Desktop/leitunssatz-ROS2-conversion/ls_ros2_ws/install/leitungssatz/share/leitungssatz/cmake/rosidl_cmake_export_typesupport_libraries-extras.cmake
[9.612s] -- Installing: /home/bt/Desktop/leitunssatz-ROS2-conversion/ls_ros2_ws/install/leitungssatz/share/leitungssatz/cmake/leitungssatzConfig.cmake
[9.612s] -- Installing: /home/bt/Desktop/leitunssatz-ROS2-conversion/ls_ros2_ws/install/leitungssatz/share/leitungssatz/cmake/leitungssatzConfig-version.cmake
[9.612s] -- Installing: /home/bt/Desktop/leitunssatz-ROS2-conversion/ls_ros2_ws/install/leitungssatz/share/leitungssatz/package.xml
[9.617s] Invoked command in '/home/bt/Desktop/leitunssatz-ROS2-conversion/ls_ros2_ws/build/leitungssatz' returned '0': CMAKE_PREFIX_PATH=${CMAKE_PREFIX_PATH}:/home/bt/workspace/install/rqt_joint_trajectory_controller:/home/bt/workspace/install/rqt_controller_manager:/home/bt/workspace/install/ros2controlcli:/home/bt/workspace/install/ros2_controllers_test_nodes:/home/bt/workspace/ros_ur_driver/install/rqt_joint_trajectory_controller:/home/bt/workspace/ros_ur_driver/install/rqt_controller_manager:/home/bt/workspace/ros_ur_driver/install/ros2controlcli:/home/bt/workspace/ros_ur_driver/install/ros2_controllers_test_nodes:/opt/ros/humble /usr/bin/cmake --install /home/bt/Desktop/leitunssatz-ROS2-conversion/ls_ros2_ws/build/leitungssatz
