[0.045s] Invoking command in '/home/bt/Desktop/leitunssatz-ROS2-conversion/ls_ros2_ws/build/ur5e_leitungssatz_sim': CMAKE_PREFIX_PATH=${CMAKE_PREFIX_PATH}:/home/bt/workspace/install/rqt_joint_trajectory_controller:/home/bt/workspace/install/rqt_controller_manager:/home/bt/workspace/install/ros2controlcli:/home/bt/workspace/install/ros2_controllers_test_nodes:/home/bt/workspace/ros_ur_driver/install/rqt_joint_trajectory_controller:/home/bt/workspace/ros_ur_driver/install/rqt_controller_manager:/home/bt/workspace/ros_ur_driver/install/ros2controlcli:/home/bt/workspace/ros_ur_driver/install/ros2_controllers_test_nodes:/opt/ros/humble /usr/bin/cmake /home/bt/Desktop/leitunssatz-ROS2-conversion/ls_ros2_ws/src/ur5e_leitungssatz_sim -DCMAKE_INSTALL_PREFIX=/home/bt/Desktop/leitunssatz-ROS2-conversion/ls_ros2_ws/install/ur5e_leitungssatz_sim
[0.118s] -- The C compiler identification is GNU 11.4.0
[0.192s] -- The CXX compiler identification is GNU 11.4.0
[0.199s] -- Detecting C compiler ABI info
[0.307s] -- Detecting C compiler ABI info - done
[0.312s] -- Check for working C compiler: /usr/bin/cc - skipped
[0.312s] -- Detecting C compile features
[0.312s] -- Detecting C compile features - done
[0.314s] -- Detecting CXX compiler ABI info
[0.422s] -- Detecting CXX compiler ABI info - done
[0.427s] -- Check for working CXX compiler: /usr/bin/c++ - skipped
[0.427s] -- Detecting CXX compile features
[0.427s] -- Detecting CXX compile features - done
[0.437s] -- Found ament_cmake: 1.3.11 (/opt/ros/humble/share/ament_cmake/cmake)
[0.613s] -- Found Python3: /usr/bin/python3 (found version "3.10.12") found components: Interpreter 
[0.820s] -- Found xacro: 2.0.13 (/opt/ros/humble/share/xacro/cmake)
[0.830s] -- Found rclcpp: 16.0.12 (/opt/ros/humble/share/rclcpp/cmake)
[0.949s] -- Found rosidl_generator_c: 3.1.6 (/opt/ros/humble/share/rosidl_generator_c/cmake)
[0.969s] -- Found rosidl_adapter: 3.1.6 (/opt/ros/humble/share/rosidl_adapter/cmake)
[0.991s] -- Found rosidl_generator_cpp: 3.1.6 (/opt/ros/humble/share/rosidl_generator_cpp/cmake)
[1.024s] -- Using all available rosidl_typesupport_c: rosidl_typesupport_fastrtps_c;rosidl_typesupport_introspection_c
[1.058s] -- Using all available rosidl_typesupport_cpp: rosidl_typesupport_fastrtps_cpp;rosidl_typesupport_introspection_cpp
[1.173s] -- Found rmw_implementation_cmake: 6.1.2 (/opt/ros/humble/share/rmw_implementation_cmake/cmake)
[1.186s] -- Found rmw_fastrtps_cpp: 6.2.7 (/opt/ros/humble/share/rmw_fastrtps_cpp/cmake)
[1.365s] -- Found OpenSSL: /usr/lib/x86_64-linux-gnu/libcrypto.so (found version "3.0.2")  
[1.408s] -- Found FastRTPS: /opt/ros/humble/include  
[1.475s] -- Using RMW implementation 'rmw_fastrtps_cpp' as default
[1.510s] -- Looking for pthread.h
[1.610s] -- Looking for pthread.h - found
[1.611s] -- Performing Test CMAKE_HAVE_LIBC_PTHREAD
[1.706s] -- Performing Test CMAKE_HAVE_LIBC_PTHREAD - Success
[1.707s] -- Found Threads: TRUE  
[1.784s] -- Found trajectory_msgs: 4.9.0 (/opt/ros/humble/share/trajectory_msgs/cmake)
[1.820s] -- Found ament_lint_auto: 0.12.12 (/opt/ros/humble/share/ament_lint_auto/cmake)
[1.945s] -- Added test 'flake8' to check Python code syntax and style conventions
[1.947s] -- Added test 'lint_cmake' to check CMake code style
[1.949s] -- Added test 'pep257' to check Python code against some of the docstring style conventions in PEP 257
[1.952s] -- Added test 'xmllint' to check XML markup files
[1.955s] -- Configuring done
[1.959s] -- Generating done
[1.964s] -- Build files have been written to: /home/bt/Desktop/leitunssatz-ROS2-conversion/ls_ros2_ws/build/ur5e_leitungssatz_sim
