[0.072s] DEBUG:colcon:Command line arguments: ['/usr/bin/colcon', 'build', '--packages-select', 'leitungssatz']
[0.072s] DEBUG:colcon:Parsed command line arguments: Namespace(log_base=None, log_level=None, verb_name='build', build_base='build', install_base='install', merge_install=False, symlink_install=False, test_result_base=None, continue_on_error=False, executor='parallel', parallel_workers=16, event_handlers=None, ignore_user_meta=False, metas=['./colcon.meta'], base_paths=['.'], packages_ignore=None, packages_ignore_regex=None, paths=None, packages_up_to=None, packages_up_to_regex=None, packages_above=None, packages_above_and_dependencies=None, packages_above_depth=None, packages_select_by_dep=None, packages_skip_by_dep=None, packages_skip_up_to=None, packages_select_build_failed=False, packages_skip_build_finished=False, packages_select_test_failures=False, packages_skip_test_passed=False, packages_select=['leitungssatz'], packages_skip=None, packages_select_regex=None, packages_skip_regex=None, packages_start=None, packages_end=None, allow_overriding=[], cmake_args=None, cmake_target=None, cmake_target_skip_unavailable=False, cmake_clean_cache=False, cmake_clean_first=False, cmake_force_configure=False, ament_cmake_args=None, catkin_cmake_args=None, catkin_skip_building_tests=False, mixin_files=None, mixin=None, verb_parser=<colcon_mixin.mixin.mixin_argument.MixinArgumentDecorator object at 0x7f753a372b90>, verb_extension=<colcon_core.verb.build.BuildVerb object at 0x7f753a46ba00>, main=<bound method BuildVerb.main of <colcon_core.verb.build.BuildVerb object at 0x7f753a46ba00>>, mixin_verb=('build',))
[0.172s] Level 1:colcon.colcon_core.package_discovery:discover_packages(colcon_meta) check parameters
[0.172s] Level 1:colcon.colcon_core.package_discovery:discover_packages(recursive) check parameters
[0.172s] Level 1:colcon.colcon_core.package_discovery:discover_packages(ignore) check parameters
[0.172s] Level 1:colcon.colcon_core.package_discovery:discover_packages(path) check parameters
[0.172s] Level 1:colcon.colcon_core.package_discovery:discover_packages(colcon_meta) discover
[0.172s] Level 1:colcon.colcon_core.package_discovery:discover_packages(recursive) discover
[0.172s] INFO:colcon.colcon_core.package_discovery:Crawling recursively for packages in '/home/bt/Desktop/leitunssatz-ROS2-conversion/ls_ros2_ws'
[0.172s] Level 1:colcon.colcon_core.package_identification:_identify(.) by extensions ['ignore', 'ignore_ament_install']
[0.172s] Level 1:colcon.colcon_core.package_identification:_identify(.) by extension 'ignore'
[0.172s] Level 1:colcon.colcon_core.package_identification:_identify(.) by extension 'ignore_ament_install'
[0.172s] Level 1:colcon.colcon_core.package_identification:_identify(.) by extensions ['colcon_pkg']
[0.172s] Level 1:colcon.colcon_core.package_identification:_identify(.) by extension 'colcon_pkg'
[0.172s] Level 1:colcon.colcon_core.package_identification:_identify(.) by extensions ['colcon_meta']
[0.172s] Level 1:colcon.colcon_core.package_identification:_identify(.) by extension 'colcon_meta'
[0.172s] Level 1:colcon.colcon_core.package_identification:_identify(.) by extensions ['ros']
[0.172s] Level 1:colcon.colcon_core.package_identification:_identify(.) by extension 'ros'
[0.179s] Level 1:colcon.colcon_core.package_identification:_identify(.) by extensions ['cmake', 'python']
[0.179s] Level 1:colcon.colcon_core.package_identification:_identify(.) by extension 'cmake'
[0.179s] Level 1:colcon.colcon_core.package_identification:_identify(.) by extension 'python'
[0.179s] Level 1:colcon.colcon_core.package_identification:_identify(.) by extensions ['python_setup_py']
[0.179s] Level 1:colcon.colcon_core.package_identification:_identify(.) by extension 'python_setup_py'
[0.179s] Level 1:colcon.colcon_core.package_identification:_identify(build) by extensions ['ignore', 'ignore_ament_install']
[0.179s] Level 1:colcon.colcon_core.package_identification:_identify(build) by extension 'ignore'
[0.179s] Level 1:colcon.colcon_core.package_identification:_identify(build) ignored
[0.179s] Level 1:colcon.colcon_core.package_identification:_identify(install) by extensions ['ignore', 'ignore_ament_install']
[0.179s] Level 1:colcon.colcon_core.package_identification:_identify(install) by extension 'ignore'
[0.179s] Level 1:colcon.colcon_core.package_identification:_identify(install) ignored
[0.179s] Level 1:colcon.colcon_core.package_identification:_identify(log) by extensions ['ignore', 'ignore_ament_install']
[0.179s] Level 1:colcon.colcon_core.package_identification:_identify(log) by extension 'ignore'
[0.179s] Level 1:colcon.colcon_core.package_identification:_identify(log) ignored
[0.179s] Level 1:colcon.colcon_core.package_identification:_identify(src) by extensions ['ignore', 'ignore_ament_install']
[0.179s] Level 1:colcon.colcon_core.package_identification:_identify(src) by extension 'ignore'
[0.180s] Level 1:colcon.colcon_core.package_identification:_identify(src) by extension 'ignore_ament_install'
[0.180s] Level 1:colcon.colcon_core.package_identification:_identify(src) by extensions ['colcon_pkg']
[0.180s] Level 1:colcon.colcon_core.package_identification:_identify(src) by extension 'colcon_pkg'
[0.180s] Level 1:colcon.colcon_core.package_identification:_identify(src) by extensions ['colcon_meta']
[0.180s] Level 1:colcon.colcon_core.package_identification:_identify(src) by extension 'colcon_meta'
[0.180s] Level 1:colcon.colcon_core.package_identification:_identify(src) by extensions ['ros']
[0.180s] Level 1:colcon.colcon_core.package_identification:_identify(src) by extension 'ros'
[0.180s] Level 1:colcon.colcon_core.package_identification:_identify(src) by extensions ['cmake', 'python']
[0.180s] Level 1:colcon.colcon_core.package_identification:_identify(src) by extension 'cmake'
[0.180s] Level 1:colcon.colcon_core.package_identification:_identify(src) by extension 'python'
[0.180s] Level 1:colcon.colcon_core.package_identification:_identify(src) by extensions ['python_setup_py']
[0.180s] Level 1:colcon.colcon_core.package_identification:_identify(src) by extension 'python_setup_py'
[0.180s] Level 1:colcon.colcon_core.package_identification:_identify(src/Universal_Robots_ROS2_Description) by extensions ['ignore', 'ignore_ament_install']
[0.180s] Level 1:colcon.colcon_core.package_identification:_identify(src/Universal_Robots_ROS2_Description) by extension 'ignore'
[0.180s] Level 1:colcon.colcon_core.package_identification:_identify(src/Universal_Robots_ROS2_Description) by extension 'ignore_ament_install'
[0.180s] Level 1:colcon.colcon_core.package_identification:_identify(src/Universal_Robots_ROS2_Description) by extensions ['colcon_pkg']
[0.180s] Level 1:colcon.colcon_core.package_identification:_identify(src/Universal_Robots_ROS2_Description) by extension 'colcon_pkg'
[0.180s] Level 1:colcon.colcon_core.package_identification:_identify(src/Universal_Robots_ROS2_Description) by extensions ['colcon_meta']
[0.180s] Level 1:colcon.colcon_core.package_identification:_identify(src/Universal_Robots_ROS2_Description) by extension 'colcon_meta'
[0.180s] Level 1:colcon.colcon_core.package_identification:_identify(src/Universal_Robots_ROS2_Description) by extensions ['ros']
[0.180s] Level 1:colcon.colcon_core.package_identification:_identify(src/Universal_Robots_ROS2_Description) by extension 'ros'
[0.188s] DEBUG:colcon.colcon_core.package_identification:Package 'src/Universal_Robots_ROS2_Description' with type 'ros.ament_cmake' and name 'ur_description'
[0.188s] Level 1:colcon.colcon_core.package_identification:_identify(src/Universal_Robots_ROS2_Gazebo_Simulation) by extensions ['ignore', 'ignore_ament_install']
[0.188s] Level 1:colcon.colcon_core.package_identification:_identify(src/Universal_Robots_ROS2_Gazebo_Simulation) by extension 'ignore'
[0.189s] Level 1:colcon.colcon_core.package_identification:_identify(src/Universal_Robots_ROS2_Gazebo_Simulation) by extension 'ignore_ament_install'
[0.189s] Level 1:colcon.colcon_core.package_identification:_identify(src/Universal_Robots_ROS2_Gazebo_Simulation) by extensions ['colcon_pkg']
[0.189s] Level 1:colcon.colcon_core.package_identification:_identify(src/Universal_Robots_ROS2_Gazebo_Simulation) by extension 'colcon_pkg'
[0.189s] Level 1:colcon.colcon_core.package_identification:_identify(src/Universal_Robots_ROS2_Gazebo_Simulation) by extensions ['colcon_meta']
[0.189s] Level 1:colcon.colcon_core.package_identification:_identify(src/Universal_Robots_ROS2_Gazebo_Simulation) by extension 'colcon_meta'
[0.189s] Level 1:colcon.colcon_core.package_identification:_identify(src/Universal_Robots_ROS2_Gazebo_Simulation) by extensions ['ros']
[0.189s] Level 1:colcon.colcon_core.package_identification:_identify(src/Universal_Robots_ROS2_Gazebo_Simulation) by extension 'ros'
[0.189s] Level 1:colcon.colcon_core.package_identification:_identify(src/Universal_Robots_ROS2_Gazebo_Simulation) by extensions ['cmake', 'python']
[0.189s] Level 1:colcon.colcon_core.package_identification:_identify(src/Universal_Robots_ROS2_Gazebo_Simulation) by extension 'cmake'
[0.189s] Level 1:colcon.colcon_core.package_identification:_identify(src/Universal_Robots_ROS2_Gazebo_Simulation) by extension 'python'
[0.189s] Level 1:colcon.colcon_core.package_identification:_identify(src/Universal_Robots_ROS2_Gazebo_Simulation) by extensions ['python_setup_py']
[0.189s] Level 1:colcon.colcon_core.package_identification:_identify(src/Universal_Robots_ROS2_Gazebo_Simulation) by extension 'python_setup_py'
[0.189s] Level 1:colcon.colcon_core.package_identification:_identify(src/Universal_Robots_ROS2_Gazebo_Simulation/ur_simulation_gazebo) by extensions ['ignore', 'ignore_ament_install']
[0.189s] Level 1:colcon.colcon_core.package_identification:_identify(src/Universal_Robots_ROS2_Gazebo_Simulation/ur_simulation_gazebo) by extension 'ignore'
[0.189s] Level 1:colcon.colcon_core.package_identification:_identify(src/Universal_Robots_ROS2_Gazebo_Simulation/ur_simulation_gazebo) by extension 'ignore_ament_install'
[0.189s] Level 1:colcon.colcon_core.package_identification:_identify(src/Universal_Robots_ROS2_Gazebo_Simulation/ur_simulation_gazebo) by extensions ['colcon_pkg']
[0.189s] Level 1:colcon.colcon_core.package_identification:_identify(src/Universal_Robots_ROS2_Gazebo_Simulation/ur_simulation_gazebo) by extension 'colcon_pkg'
[0.189s] Level 1:colcon.colcon_core.package_identification:_identify(src/Universal_Robots_ROS2_Gazebo_Simulation/ur_simulation_gazebo) by extensions ['colcon_meta']
[0.189s] Level 1:colcon.colcon_core.package_identification:_identify(src/Universal_Robots_ROS2_Gazebo_Simulation/ur_simulation_gazebo) by extension 'colcon_meta'
[0.189s] Level 1:colcon.colcon_core.package_identification:_identify(src/Universal_Robots_ROS2_Gazebo_Simulation/ur_simulation_gazebo) by extensions ['ros']
[0.189s] Level 1:colcon.colcon_core.package_identification:_identify(src/Universal_Robots_ROS2_Gazebo_Simulation/ur_simulation_gazebo) by extension 'ros'
[0.189s] DEBUG:colcon.colcon_core.package_identification:Package 'src/Universal_Robots_ROS2_Gazebo_Simulation/ur_simulation_gazebo' with type 'ros.ament_cmake' and name 'ur_simulation_gazebo'
[0.189s] Level 1:colcon.colcon_core.package_identification:_identify(src/leitungssatz) by extensions ['ignore', 'ignore_ament_install']
[0.190s] Level 1:colcon.colcon_core.package_identification:_identify(src/leitungssatz) by extension 'ignore'
[0.190s] Level 1:colcon.colcon_core.package_identification:_identify(src/leitungssatz) by extension 'ignore_ament_install'
[0.190s] Level 1:colcon.colcon_core.package_identification:_identify(src/leitungssatz) by extensions ['colcon_pkg']
[0.190s] Level 1:colcon.colcon_core.package_identification:_identify(src/leitungssatz) by extension 'colcon_pkg'
[0.190s] Level 1:colcon.colcon_core.package_identification:_identify(src/leitungssatz) by extensions ['colcon_meta']
[0.190s] Level 1:colcon.colcon_core.package_identification:_identify(src/leitungssatz) by extension 'colcon_meta'
[0.190s] Level 1:colcon.colcon_core.package_identification:_identify(src/leitungssatz) by extensions ['ros']
[0.190s] Level 1:colcon.colcon_core.package_identification:_identify(src/leitungssatz) by extension 'ros'
[0.190s] DEBUG:colcon.colcon_core.package_identification:Package 'src/leitungssatz' with type 'ros.ament_cmake' and name 'leitungssatz'
[0.190s] Level 1:colcon.colcon_core.package_identification:_identify(src/ros2_robotiq_gripper) by extensions ['ignore', 'ignore_ament_install']
[0.190s] Level 1:colcon.colcon_core.package_identification:_identify(src/ros2_robotiq_gripper) by extension 'ignore'
[0.190s] Level 1:colcon.colcon_core.package_identification:_identify(src/ros2_robotiq_gripper) by extension 'ignore_ament_install'
[0.190s] Level 1:colcon.colcon_core.package_identification:_identify(src/ros2_robotiq_gripper) by extensions ['colcon_pkg']
[0.190s] Level 1:colcon.colcon_core.package_identification:_identify(src/ros2_robotiq_gripper) by extension 'colcon_pkg'
[0.190s] Level 1:colcon.colcon_core.package_identification:_identify(src/ros2_robotiq_gripper) by extensions ['colcon_meta']
[0.190s] Level 1:colcon.colcon_core.package_identification:_identify(src/ros2_robotiq_gripper) by extension 'colcon_meta'
[0.190s] Level 1:colcon.colcon_core.package_identification:_identify(src/ros2_robotiq_gripper) by extensions ['ros']
[0.190s] Level 1:colcon.colcon_core.package_identification:_identify(src/ros2_robotiq_gripper) by extension 'ros'
[0.190s] Level 1:colcon.colcon_core.package_identification:_identify(src/ros2_robotiq_gripper) by extensions ['cmake', 'python']
[0.190s] Level 1:colcon.colcon_core.package_identification:_identify(src/ros2_robotiq_gripper) by extension 'cmake'
[0.190s] Level 1:colcon.colcon_core.package_identification:_identify(src/ros2_robotiq_gripper) by extension 'python'
[0.191s] Level 1:colcon.colcon_core.package_identification:_identify(src/ros2_robotiq_gripper) by extensions ['python_setup_py']
[0.191s] Level 1:colcon.colcon_core.package_identification:_identify(src/ros2_robotiq_gripper) by extension 'python_setup_py'
[0.191s] Level 1:colcon.colcon_core.package_identification:_identify(src/ros2_robotiq_gripper/robotiq_controllers) by extensions ['ignore', 'ignore_ament_install']
[0.191s] Level 1:colcon.colcon_core.package_identification:_identify(src/ros2_robotiq_gripper/robotiq_controllers) by extension 'ignore'
[0.191s] Level 1:colcon.colcon_core.package_identification:_identify(src/ros2_robotiq_gripper/robotiq_controllers) by extension 'ignore_ament_install'
[0.191s] Level 1:colcon.colcon_core.package_identification:_identify(src/ros2_robotiq_gripper/robotiq_controllers) by extensions ['colcon_pkg']
[0.191s] Level 1:colcon.colcon_core.package_identification:_identify(src/ros2_robotiq_gripper/robotiq_controllers) by extension 'colcon_pkg'
[0.191s] Level 1:colcon.colcon_core.package_identification:_identify(src/ros2_robotiq_gripper/robotiq_controllers) by extensions ['colcon_meta']
[0.191s] Level 1:colcon.colcon_core.package_identification:_identify(src/ros2_robotiq_gripper/robotiq_controllers) by extension 'colcon_meta'
[0.191s] Level 1:colcon.colcon_core.package_identification:_identify(src/ros2_robotiq_gripper/robotiq_controllers) by extensions ['ros']
[0.191s] Level 1:colcon.colcon_core.package_identification:_identify(src/ros2_robotiq_gripper/robotiq_controllers) by extension 'ros'
[0.191s] DEBUG:colcon.colcon_core.package_identification:Package 'src/ros2_robotiq_gripper/robotiq_controllers' with type 'ros.ament_cmake' and name 'robotiq_controllers'
[0.191s] Level 1:colcon.colcon_core.package_identification:_identify(src/ros2_robotiq_gripper/robotiq_description) by extensions ['ignore', 'ignore_ament_install']
[0.191s] Level 1:colcon.colcon_core.package_identification:_identify(src/ros2_robotiq_gripper/robotiq_description) by extension 'ignore'
[0.191s] Level 1:colcon.colcon_core.package_identification:_identify(src/ros2_robotiq_gripper/robotiq_description) by extension 'ignore_ament_install'
[0.191s] Level 1:colcon.colcon_core.package_identification:_identify(src/ros2_robotiq_gripper/robotiq_description) by extensions ['colcon_pkg']
[0.191s] Level 1:colcon.colcon_core.package_identification:_identify(src/ros2_robotiq_gripper/robotiq_description) by extension 'colcon_pkg'
[0.191s] Level 1:colcon.colcon_core.package_identification:_identify(src/ros2_robotiq_gripper/robotiq_description) by extensions ['colcon_meta']
[0.191s] Level 1:colcon.colcon_core.package_identification:_identify(src/ros2_robotiq_gripper/robotiq_description) by extension 'colcon_meta'
[0.191s] Level 1:colcon.colcon_core.package_identification:_identify(src/ros2_robotiq_gripper/robotiq_description) by extensions ['ros']
[0.191s] Level 1:colcon.colcon_core.package_identification:_identify(src/ros2_robotiq_gripper/robotiq_description) by extension 'ros'
[0.192s] DEBUG:colcon.colcon_core.package_identification:Package 'src/ros2_robotiq_gripper/robotiq_description' with type 'ros.ament_cmake' and name 'robotiq_description'
[0.192s] Level 1:colcon.colcon_core.package_identification:_identify(src/ur5e_gripper_moveit_config) by extensions ['ignore', 'ignore_ament_install']
[0.192s] Level 1:colcon.colcon_core.package_identification:_identify(src/ur5e_gripper_moveit_config) by extension 'ignore'
[0.192s] Level 1:colcon.colcon_core.package_identification:_identify(src/ur5e_gripper_moveit_config) by extension 'ignore_ament_install'
[0.192s] Level 1:colcon.colcon_core.package_identification:_identify(src/ur5e_gripper_moveit_config) by extensions ['colcon_pkg']
[0.192s] Level 1:colcon.colcon_core.package_identification:_identify(src/ur5e_gripper_moveit_config) by extension 'colcon_pkg'
[0.192s] Level 1:colcon.colcon_core.package_identification:_identify(src/ur5e_gripper_moveit_config) by extensions ['colcon_meta']
[0.192s] Level 1:colcon.colcon_core.package_identification:_identify(src/ur5e_gripper_moveit_config) by extension 'colcon_meta'
[0.192s] Level 1:colcon.colcon_core.package_identification:_identify(src/ur5e_gripper_moveit_config) by extensions ['ros']
[0.192s] Level 1:colcon.colcon_core.package_identification:_identify(src/ur5e_gripper_moveit_config) by extension 'ros'
[0.192s] DEBUG:colcon.colcon_core.package_identification:Package 'src/ur5e_gripper_moveit_config' with type 'ros.ament_cmake' and name 'ur5e_gripper_moveit_config'
[0.192s] Level 1:colcon.colcon_core.package_identification:_identify(src/ur5e_leitungssatz_moveit_config) by extensions ['ignore', 'ignore_ament_install']
[0.193s] Level 1:colcon.colcon_core.package_identification:_identify(src/ur5e_leitungssatz_moveit_config) by extension 'ignore'
[0.193s] Level 1:colcon.colcon_core.package_identification:_identify(src/ur5e_leitungssatz_moveit_config) by extension 'ignore_ament_install'
[0.193s] Level 1:colcon.colcon_core.package_identification:_identify(src/ur5e_leitungssatz_moveit_config) by extensions ['colcon_pkg']
[0.193s] Level 1:colcon.colcon_core.package_identification:_identify(src/ur5e_leitungssatz_moveit_config) by extension 'colcon_pkg'
[0.193s] Level 1:colcon.colcon_core.package_identification:_identify(src/ur5e_leitungssatz_moveit_config) by extensions ['colcon_meta']
[0.193s] Level 1:colcon.colcon_core.package_identification:_identify(src/ur5e_leitungssatz_moveit_config) by extension 'colcon_meta'
[0.193s] Level 1:colcon.colcon_core.package_identification:_identify(src/ur5e_leitungssatz_moveit_config) by extensions ['ros']
[0.193s] Level 1:colcon.colcon_core.package_identification:_identify(src/ur5e_leitungssatz_moveit_config) by extension 'ros'
[0.193s] DEBUG:colcon.colcon_core.package_identification:Package 'src/ur5e_leitungssatz_moveit_config' with type 'ros.ament_cmake' and name 'ur5e_leitungssatz_moveit_config'
[0.193s] Level 1:colcon.colcon_core.package_identification:_identify(src/ur5e_leitungssatz_sim) by extensions ['ignore', 'ignore_ament_install']
[0.193s] Level 1:colcon.colcon_core.package_identification:_identify(src/ur5e_leitungssatz_sim) by extension 'ignore'
[0.193s] Level 1:colcon.colcon_core.package_identification:_identify(src/ur5e_leitungssatz_sim) by extension 'ignore_ament_install'
[0.193s] Level 1:colcon.colcon_core.package_identification:_identify(src/ur5e_leitungssatz_sim) by extensions ['colcon_pkg']
[0.193s] Level 1:colcon.colcon_core.package_identification:_identify(src/ur5e_leitungssatz_sim) by extension 'colcon_pkg'
[0.193s] Level 1:colcon.colcon_core.package_identification:_identify(src/ur5e_leitungssatz_sim) by extensions ['colcon_meta']
[0.193s] Level 1:colcon.colcon_core.package_identification:_identify(src/ur5e_leitungssatz_sim) by extension 'colcon_meta'
[0.193s] Level 1:colcon.colcon_core.package_identification:_identify(src/ur5e_leitungssatz_sim) by extensions ['ros']
[0.193s] Level 1:colcon.colcon_core.package_identification:_identify(src/ur5e_leitungssatz_sim) by extension 'ros'
[0.194s] DEBUG:colcon.colcon_core.package_identification:Package 'src/ur5e_leitungssatz_sim' with type 'ros.ament_cmake' and name 'ur5e_leitungssatz_sim'
[0.194s] Level 1:colcon.colcon_core.package_identification:_identify(src/ur_ros2_driver) by extensions ['ignore', 'ignore_ament_install']
[0.194s] Level 1:colcon.colcon_core.package_identification:_identify(src/ur_ros2_driver) by extension 'ignore'
[0.194s] Level 1:colcon.colcon_core.package_identification:_identify(src/ur_ros2_driver) by extension 'ignore_ament_install'
[0.194s] Level 1:colcon.colcon_core.package_identification:_identify(src/ur_ros2_driver) by extensions ['colcon_pkg']
[0.194s] Level 1:colcon.colcon_core.package_identification:_identify(src/ur_ros2_driver) by extension 'colcon_pkg'
[0.194s] Level 1:colcon.colcon_core.package_identification:_identify(src/ur_ros2_driver) by extensions ['colcon_meta']
[0.194s] Level 1:colcon.colcon_core.package_identification:_identify(src/ur_ros2_driver) by extension 'colcon_meta'
[0.194s] Level 1:colcon.colcon_core.package_identification:_identify(src/ur_ros2_driver) by extensions ['ros']
[0.194s] Level 1:colcon.colcon_core.package_identification:_identify(src/ur_ros2_driver) by extension 'ros'
[0.194s] DEBUG:colcon.colcon_core.package_identification:Package 'src/ur_ros2_driver' with type 'ros.ament_cmake' and name 'ur_ros2_driver'
[0.194s] Level 1:colcon.colcon_core.package_discovery:discover_packages(recursive) using defaults
[0.194s] Level 1:colcon.colcon_core.package_discovery:discover_packages(ignore) discover
[0.194s] Level 1:colcon.colcon_core.package_discovery:discover_packages(ignore) using defaults
[0.194s] Level 1:colcon.colcon_core.package_discovery:discover_packages(path) discover
[0.194s] Level 1:colcon.colcon_core.package_discovery:discover_packages(path) using defaults
[0.208s] INFO:colcon.colcon_core.package_selection:Skipping not selected package 'robotiq_controllers' in 'src/ros2_robotiq_gripper/robotiq_controllers'
[0.208s] INFO:colcon.colcon_core.package_selection:Skipping not selected package 'robotiq_description' in 'src/ros2_robotiq_gripper/robotiq_description'
[0.208s] INFO:colcon.colcon_core.package_selection:Skipping not selected package 'ur5e_leitungssatz_sim' in 'src/ur5e_leitungssatz_sim'
[0.208s] INFO:colcon.colcon_core.package_selection:Skipping not selected package 'ur_description' in 'src/Universal_Robots_ROS2_Description'
[0.208s] INFO:colcon.colcon_core.package_selection:Skipping not selected package 'ur_ros2_driver' in 'src/ur_ros2_driver'
[0.208s] INFO:colcon.colcon_core.package_selection:Skipping not selected package 'ur5e_gripper_moveit_config' in 'src/ur5e_gripper_moveit_config'
[0.208s] INFO:colcon.colcon_core.package_selection:Skipping not selected package 'ur5e_leitungssatz_moveit_config' in 'src/ur5e_leitungssatz_moveit_config'
[0.208s] INFO:colcon.colcon_core.package_selection:Skipping not selected package 'ur_simulation_gazebo' in 'src/Universal_Robots_ROS2_Gazebo_Simulation/ur_simulation_gazebo'
[0.208s] Level 1:colcon.colcon_core.package_discovery:discover_packages(prefix_path) check parameters
[0.208s] Level 1:colcon.colcon_core.package_discovery:discover_packages(prefix_path) discover
[0.208s] WARNING:colcon.colcon_ros.prefix_path.ament:The path '/home/bt/Desktop/leitunssatz-ROS2-conversion/ls_ros2_ws/install/ur_simulation_gazebo' in the environment variable AMENT_PREFIX_PATH doesn't exist
[0.208s] WARNING:colcon.colcon_ros.prefix_path.ament:The path '/home/bt/Desktop/leitunssatz-ROS2-conversion/ls_ros2_ws/install/ur5e_leitungssatz_moveit_config' in the environment variable AMENT_PREFIX_PATH doesn't exist
[0.209s] WARNING:colcon.colcon_ros.prefix_path.ament:The path '/home/bt/Desktop/leitunssatz-ROS2-conversion/ls_ros2_ws/install/ur5e_gripper_moveit_config' in the environment variable AMENT_PREFIX_PATH doesn't exist
[0.209s] WARNING:colcon.colcon_ros.prefix_path.ament:The path '/home/bt/Desktop/leitunssatz-ROS2-conversion/ls_ros2_ws/install/ur5e_leitungssatz_sim' in the environment variable AMENT_PREFIX_PATH doesn't exist
[0.209s] WARNING:colcon.colcon_ros.prefix_path.ament:The path '/home/bt/Desktop/leitunssatz-ROS2-conversion/ls_ros2_ws/install/robotiq_controllers' in the environment variable AMENT_PREFIX_PATH doesn't exist
[0.209s] WARNING:colcon.colcon_ros.prefix_path.ament:The path '/home/bt/Desktop/leitunssatz-ROS2-conversion/ls_ros2_ws/install/leitungssatz' in the environment variable AMENT_PREFIX_PATH doesn't exist
[0.211s] WARNING:colcon.colcon_ros.prefix_path.catkin:The path '/home/bt/Desktop/leitunssatz-ROS2-conversion/ls_ros2_ws/install/ur_simulation_gazebo' in the environment variable CMAKE_PREFIX_PATH doesn't exist
[0.211s] WARNING:colcon.colcon_ros.prefix_path.catkin:The path '/home/bt/Desktop/leitunssatz-ROS2-conversion/ls_ros2_ws/install/ur5e_leitungssatz_moveit_config' in the environment variable CMAKE_PREFIX_PATH doesn't exist
[0.211s] WARNING:colcon.colcon_ros.prefix_path.catkin:The path '/home/bt/Desktop/leitunssatz-ROS2-conversion/ls_ros2_ws/install/ur5e_gripper_moveit_config' in the environment variable CMAKE_PREFIX_PATH doesn't exist
[0.211s] WARNING:colcon.colcon_ros.prefix_path.catkin:The path '/home/bt/Desktop/leitunssatz-ROS2-conversion/ls_ros2_ws/install/ur5e_leitungssatz_sim' in the environment variable CMAKE_PREFIX_PATH doesn't exist
[0.211s] WARNING:colcon.colcon_ros.prefix_path.catkin:The path '/home/bt/Desktop/leitunssatz-ROS2-conversion/ls_ros2_ws/install/robotiq_controllers' in the environment variable CMAKE_PREFIX_PATH doesn't exist
[0.211s] WARNING:colcon.colcon_ros.prefix_path.catkin:The path '/home/bt/Desktop/leitunssatz-ROS2-conversion/ls_ros2_ws/install/leitungssatz' in the environment variable CMAKE_PREFIX_PATH doesn't exist
[0.212s] DEBUG:colcon.colcon_installed_package_information.package_discovery:Found 3 installed packages in /home/bt/Desktop/leitunssatz-ROS2-conversion/ls_ros2_ws/install
[0.213s] DEBUG:colcon.colcon_installed_package_information.package_discovery:Found 50 installed packages in /home/bt/workspace/install
[0.214s] DEBUG:colcon.colcon_installed_package_information.package_discovery:Found 50 installed packages in /home/bt/workspace/ros_ur_driver/install
[0.217s] DEBUG:colcon.colcon_installed_package_information.package_discovery:Found 385 installed packages in /opt/ros/humble
[0.220s] Level 1:colcon.colcon_core.package_discovery:discover_packages(prefix_path) using defaults
[0.255s] Level 5:colcon.colcon_core.verb:set package 'leitungssatz' build argument 'cmake_args' from command line to 'None'
[0.255s] Level 5:colcon.colcon_core.verb:set package 'leitungssatz' build argument 'cmake_target' from command line to 'None'
[0.255s] Level 5:colcon.colcon_core.verb:set package 'leitungssatz' build argument 'cmake_target_skip_unavailable' from command line to 'False'
[0.255s] Level 5:colcon.colcon_core.verb:set package 'leitungssatz' build argument 'cmake_clean_cache' from command line to 'False'
[0.255s] Level 5:colcon.colcon_core.verb:set package 'leitungssatz' build argument 'cmake_clean_first' from command line to 'False'
[0.255s] Level 5:colcon.colcon_core.verb:set package 'leitungssatz' build argument 'cmake_force_configure' from command line to 'False'
[0.255s] Level 5:colcon.colcon_core.verb:set package 'leitungssatz' build argument 'ament_cmake_args' from command line to 'None'
[0.255s] Level 5:colcon.colcon_core.verb:set package 'leitungssatz' build argument 'catkin_cmake_args' from command line to 'None'
[0.255s] Level 5:colcon.colcon_core.verb:set package 'leitungssatz' build argument 'catkin_skip_building_tests' from command line to 'False'
[0.255s] DEBUG:colcon.colcon_core.verb:Building package 'leitungssatz' with the following arguments: {'ament_cmake_args': None, 'build_base': '/home/bt/Desktop/leitunssatz-ROS2-conversion/ls_ros2_ws/build/leitungssatz', 'catkin_cmake_args': None, 'catkin_skip_building_tests': False, 'cmake_args': None, 'cmake_clean_cache': False, 'cmake_clean_first': False, 'cmake_force_configure': False, 'cmake_target': None, 'cmake_target_skip_unavailable': False, 'install_base': '/home/bt/Desktop/leitunssatz-ROS2-conversion/ls_ros2_ws/install/leitungssatz', 'merge_install': False, 'path': '/home/bt/Desktop/leitunssatz-ROS2-conversion/ls_ros2_ws/src/leitungssatz', 'symlink_install': False, 'test_result_base': None}
[0.255s] INFO:colcon.colcon_core.executor:Executing jobs using 'parallel' executor
[0.256s] DEBUG:colcon.colcon_parallel_executor.executor.parallel:run_until_complete
[0.256s] INFO:colcon.colcon_ros.task.ament_cmake.build:Building ROS package in '/home/bt/Desktop/leitunssatz-ROS2-conversion/ls_ros2_ws/src/leitungssatz' with build type 'ament_cmake'
[0.256s] INFO:colcon.colcon_cmake.task.cmake.build:Building CMake package in '/home/bt/Desktop/leitunssatz-ROS2-conversion/ls_ros2_ws/src/leitungssatz'
[0.258s] INFO:colcon.colcon_core.plugin_system:Skipping extension 'colcon_core.shell.bat': Not used on non-Windows systems
[0.258s] INFO:colcon.colcon_core.shell:Skip shell extension 'powershell' for command environment: Not usable outside of PowerShell
[0.258s] DEBUG:colcon.colcon_core.shell:Skip shell extension 'dsv' for command environment
[0.276s] DEBUG:colcon.colcon_core.event_handler.log_command:Invoking command in '/home/bt/Desktop/leitunssatz-ROS2-conversion/ls_ros2_ws/build/leitungssatz': CMAKE_PREFIX_PATH=${CMAKE_PREFIX_PATH}:/home/bt/workspace/install/rqt_joint_trajectory_controller:/home/bt/workspace/install/rqt_controller_manager:/home/bt/workspace/install/ros2controlcli:/home/bt/workspace/install/ros2_controllers_test_nodes:/home/bt/workspace/ros_ur_driver/install/rqt_joint_trajectory_controller:/home/bt/workspace/ros_ur_driver/install/rqt_controller_manager:/home/bt/workspace/ros_ur_driver/install/ros2controlcli:/home/bt/workspace/ros_ur_driver/install/ros2_controllers_test_nodes:/opt/ros/humble /usr/bin/cmake --build /home/bt/Desktop/leitunssatz-ROS2-conversion/ls_ros2_ws/build/leitungssatz -- -j16 -l16
[9.682s] DEBUG:colcon.colcon_core.event_handler.log_command:Invoked command in '/home/bt/Desktop/leitunssatz-ROS2-conversion/ls_ros2_ws/build/leitungssatz' returned '0': CMAKE_PREFIX_PATH=${CMAKE_PREFIX_PATH}:/home/bt/workspace/install/rqt_joint_trajectory_controller:/home/bt/workspace/install/rqt_controller_manager:/home/bt/workspace/install/ros2controlcli:/home/bt/workspace/install/ros2_controllers_test_nodes:/home/bt/workspace/ros_ur_driver/install/rqt_joint_trajectory_controller:/home/bt/workspace/ros_ur_driver/install/rqt_controller_manager:/home/bt/workspace/ros_ur_driver/install/ros2controlcli:/home/bt/workspace/ros_ur_driver/install/ros2_controllers_test_nodes:/opt/ros/humble /usr/bin/cmake --build /home/bt/Desktop/leitunssatz-ROS2-conversion/ls_ros2_ws/build/leitungssatz -- -j16 -l16
[9.698s] DEBUG:colcon.colcon_core.event_handler.log_command:Invoking command in '/home/bt/Desktop/leitunssatz-ROS2-conversion/ls_ros2_ws/build/leitungssatz': CMAKE_PREFIX_PATH=${CMAKE_PREFIX_PATH}:/home/bt/workspace/install/rqt_joint_trajectory_controller:/home/bt/workspace/install/rqt_controller_manager:/home/bt/workspace/install/ros2controlcli:/home/bt/workspace/install/ros2_controllers_test_nodes:/home/bt/workspace/ros_ur_driver/install/rqt_joint_trajectory_controller:/home/bt/workspace/ros_ur_driver/install/rqt_controller_manager:/home/bt/workspace/ros_ur_driver/install/ros2controlcli:/home/bt/workspace/ros_ur_driver/install/ros2_controllers_test_nodes:/opt/ros/humble /usr/bin/cmake --install /home/bt/Desktop/leitunssatz-ROS2-conversion/ls_ros2_ws/build/leitungssatz
[9.872s] Level 1:colcon.colcon_core.environment:create_environment_scripts_only(leitungssatz)
[9.874s] DEBUG:colcon.colcon_core.event_handler.log_command:Invoked command in '/home/bt/Desktop/leitunssatz-ROS2-conversion/ls_ros2_ws/build/leitungssatz' returned '0': CMAKE_PREFIX_PATH=${CMAKE_PREFIX_PATH}:/home/bt/workspace/install/rqt_joint_trajectory_controller:/home/bt/workspace/install/rqt_controller_manager:/home/bt/workspace/install/ros2controlcli:/home/bt/workspace/install/ros2_controllers_test_nodes:/home/bt/workspace/ros_ur_driver/install/rqt_joint_trajectory_controller:/home/bt/workspace/ros_ur_driver/install/rqt_controller_manager:/home/bt/workspace/ros_ur_driver/install/ros2controlcli:/home/bt/workspace/ros_ur_driver/install/ros2_controllers_test_nodes:/opt/ros/humble /usr/bin/cmake --install /home/bt/Desktop/leitunssatz-ROS2-conversion/ls_ros2_ws/build/leitungssatz
[9.876s] Level 1:colcon.colcon_core.environment:checking '/home/bt/Desktop/leitunssatz-ROS2-conversion/ls_ros2_ws/install/leitungssatz' for CMake module files
[9.877s] Level 1:colcon.colcon_core.environment:checking '/home/bt/Desktop/leitunssatz-ROS2-conversion/ls_ros2_ws/install/leitungssatz' for CMake config files
[9.879s] Level 1:colcon.colcon_core.shell:create_environment_hook('leitungssatz', 'cmake_prefix_path')
[9.879s] INFO:colcon.colcon_core.shell:Creating environment hook '/home/bt/Desktop/leitunssatz-ROS2-conversion/ls_ros2_ws/install/leitungssatz/share/leitungssatz/hook/cmake_prefix_path.ps1'
[9.880s] INFO:colcon.colcon_core.shell:Creating environment descriptor '/home/bt/Desktop/leitunssatz-ROS2-conversion/ls_ros2_ws/install/leitungssatz/share/leitungssatz/hook/cmake_prefix_path.dsv'
[9.880s] INFO:colcon.colcon_core.shell:Creating environment hook '/home/bt/Desktop/leitunssatz-ROS2-conversion/ls_ros2_ws/install/leitungssatz/share/leitungssatz/hook/cmake_prefix_path.sh'
[9.881s] Level 1:colcon.colcon_core.environment:checking '/home/bt/Desktop/leitunssatz-ROS2-conversion/ls_ros2_ws/install/leitungssatz/lib'
[9.881s] Level 1:colcon.colcon_core.shell:create_environment_hook('leitungssatz', 'ld_library_path_lib')
[9.882s] INFO:colcon.colcon_core.shell:Creating environment hook '/home/bt/Desktop/leitunssatz-ROS2-conversion/ls_ros2_ws/install/leitungssatz/share/leitungssatz/hook/ld_library_path_lib.ps1'
[9.882s] INFO:colcon.colcon_core.shell:Creating environment descriptor '/home/bt/Desktop/leitunssatz-ROS2-conversion/ls_ros2_ws/install/leitungssatz/share/leitungssatz/hook/ld_library_path_lib.dsv'
[9.882s] INFO:colcon.colcon_core.shell:Creating environment hook '/home/bt/Desktop/leitunssatz-ROS2-conversion/ls_ros2_ws/install/leitungssatz/share/leitungssatz/hook/ld_library_path_lib.sh'
[9.883s] Level 1:colcon.colcon_core.environment:checking '/home/bt/Desktop/leitunssatz-ROS2-conversion/ls_ros2_ws/install/leitungssatz/bin'
[9.883s] Level 1:colcon.colcon_core.environment:checking '/home/bt/Desktop/leitunssatz-ROS2-conversion/ls_ros2_ws/install/leitungssatz/lib/pkgconfig/leitungssatz.pc'
[9.883s] Level 1:colcon.colcon_core.environment:checking '/home/bt/Desktop/leitunssatz-ROS2-conversion/ls_ros2_ws/install/leitungssatz/lib/python3.10/site-packages'
[9.884s] Level 1:colcon.colcon_core.environment:checking '/home/bt/Desktop/leitunssatz-ROS2-conversion/ls_ros2_ws/install/leitungssatz/bin'
[9.884s] INFO:colcon.colcon_core.shell:Creating package script '/home/bt/Desktop/leitunssatz-ROS2-conversion/ls_ros2_ws/install/leitungssatz/share/leitungssatz/package.ps1'
[9.885s] INFO:colcon.colcon_core.shell:Creating package descriptor '/home/bt/Desktop/leitunssatz-ROS2-conversion/ls_ros2_ws/install/leitungssatz/share/leitungssatz/package.dsv'
[10.058s] INFO:colcon.colcon_core.shell:Creating package script '/home/bt/Desktop/leitunssatz-ROS2-conversion/ls_ros2_ws/install/leitungssatz/share/leitungssatz/package.sh'
[10.329s] INFO:colcon.colcon_core.shell:Creating package script '/home/bt/Desktop/leitunssatz-ROS2-conversion/ls_ros2_ws/install/leitungssatz/share/leitungssatz/package.bash'
[10.331s] INFO:colcon.colcon_core.shell:Creating package script '/home/bt/Desktop/leitunssatz-ROS2-conversion/ls_ros2_ws/install/leitungssatz/share/leitungssatz/package.zsh'
[10.332s] Level 1:colcon.colcon_core.environment:create_file_with_runtime_dependencies(/home/bt/Desktop/leitunssatz-ROS2-conversion/ls_ros2_ws/install/leitungssatz/share/colcon-core/packages/leitungssatz)
[10.334s] Level 1:colcon.colcon_core.environment:create_environment_scripts_only(leitungssatz)
[10.334s] Level 1:colcon.colcon_core.environment:checking '/home/bt/Desktop/leitunssatz-ROS2-conversion/ls_ros2_ws/install/leitungssatz' for CMake module files
[10.335s] Level 1:colcon.colcon_core.environment:checking '/home/bt/Desktop/leitunssatz-ROS2-conversion/ls_ros2_ws/install/leitungssatz' for CMake config files
[10.337s] Level 1:colcon.colcon_core.shell:create_environment_hook('leitungssatz', 'cmake_prefix_path')
[10.337s] INFO:colcon.colcon_core.shell:Creating environment hook '/home/bt/Desktop/leitunssatz-ROS2-conversion/ls_ros2_ws/install/leitungssatz/share/leitungssatz/hook/cmake_prefix_path.ps1'
[10.799s] INFO:colcon.colcon_core.shell:Creating environment descriptor '/home/bt/Desktop/leitunssatz-ROS2-conversion/ls_ros2_ws/install/leitungssatz/share/leitungssatz/hook/cmake_prefix_path.dsv'
[11.661s] INFO:colcon.colcon_core.shell:Creating environment hook '/home/bt/Desktop/leitunssatz-ROS2-conversion/ls_ros2_ws/install/leitungssatz/share/leitungssatz/hook/cmake_prefix_path.sh'
[12.228s] Level 1:colcon.colcon_core.environment:checking '/home/bt/Desktop/leitunssatz-ROS2-conversion/ls_ros2_ws/install/leitungssatz/lib'
[12.288s] Level 1:colcon.colcon_core.shell:create_environment_hook('leitungssatz', 'ld_library_path_lib')
[12.288s] INFO:colcon.colcon_core.shell:Creating environment hook '/home/bt/Desktop/leitunssatz-ROS2-conversion/ls_ros2_ws/install/leitungssatz/share/leitungssatz/hook/ld_library_path_lib.ps1'
[12.302s] INFO:colcon.colcon_core.shell:Creating environment descriptor '/home/bt/Desktop/leitunssatz-ROS2-conversion/ls_ros2_ws/install/leitungssatz/share/leitungssatz/hook/ld_library_path_lib.dsv'
[12.308s] INFO:colcon.colcon_core.shell:Creating environment hook '/home/bt/Desktop/leitunssatz-ROS2-conversion/ls_ros2_ws/install/leitungssatz/share/leitungssatz/hook/ld_library_path_lib.sh'
[12.323s] Level 1:colcon.colcon_core.environment:checking '/home/bt/Desktop/leitunssatz-ROS2-conversion/ls_ros2_ws/install/leitungssatz/bin'
[12.323s] Level 1:colcon.colcon_core.environment:checking '/home/bt/Desktop/leitunssatz-ROS2-conversion/ls_ros2_ws/install/leitungssatz/lib/pkgconfig/leitungssatz.pc'
[12.324s] Level 1:colcon.colcon_core.environment:checking '/home/bt/Desktop/leitunssatz-ROS2-conversion/ls_ros2_ws/install/leitungssatz/lib/python3.10/site-packages'
[12.324s] Level 1:colcon.colcon_core.environment:checking '/home/bt/Desktop/leitunssatz-ROS2-conversion/ls_ros2_ws/install/leitungssatz/bin'
[12.325s] INFO:colcon.colcon_core.shell:Creating package script '/home/bt/Desktop/leitunssatz-ROS2-conversion/ls_ros2_ws/install/leitungssatz/share/leitungssatz/package.ps1'
[12.328s] INFO:colcon.colcon_core.shell:Creating package descriptor '/home/bt/Desktop/leitunssatz-ROS2-conversion/ls_ros2_ws/install/leitungssatz/share/leitungssatz/package.dsv'
[12.332s] INFO:colcon.colcon_core.shell:Creating package script '/home/bt/Desktop/leitunssatz-ROS2-conversion/ls_ros2_ws/install/leitungssatz/share/leitungssatz/package.sh'
[12.334s] INFO:colcon.colcon_core.shell:Creating package script '/home/bt/Desktop/leitunssatz-ROS2-conversion/ls_ros2_ws/install/leitungssatz/share/leitungssatz/package.bash'
[12.336s] INFO:colcon.colcon_core.shell:Creating package script '/home/bt/Desktop/leitunssatz-ROS2-conversion/ls_ros2_ws/install/leitungssatz/share/leitungssatz/package.zsh'
[12.338s] Level 1:colcon.colcon_core.environment:create_file_with_runtime_dependencies(/home/bt/Desktop/leitunssatz-ROS2-conversion/ls_ros2_ws/install/leitungssatz/share/colcon-core/packages/leitungssatz)
[12.342s] DEBUG:colcon.colcon_parallel_executor.executor.parallel:closing loop
[12.343s] DEBUG:colcon.colcon_parallel_executor.executor.parallel:loop closed
[12.343s] DEBUG:colcon.colcon_parallel_executor.executor.parallel:run_until_complete finished with '0'
[12.343s] DEBUG:colcon.colcon_core.event_reactor:joining thread
[12.366s] INFO:colcon.colcon_core.plugin_system:Skipping extension 'colcon_notification.desktop_notification.terminal_notifier': Not used on non-Darwin systems
[12.366s] INFO:colcon.colcon_core.plugin_system:Skipping extension 'colcon_notification.desktop_notification.win32': Not used on non-Windows systems
[12.366s] INFO:colcon.colcon_notification.desktop_notification:Sending desktop notification using 'notify2'
[12.384s] DEBUG:colcon.colcon_core.event_reactor:joined thread
[12.385s] INFO:colcon.colcon_core.shell:Creating prefix script '/home/bt/Desktop/leitunssatz-ROS2-conversion/ls_ros2_ws/install/local_setup.ps1'
[12.399s] INFO:colcon.colcon_core.shell:Creating prefix util module '/home/bt/Desktop/leitunssatz-ROS2-conversion/ls_ros2_ws/install/_local_setup_util_ps1.py'
[12.412s] INFO:colcon.colcon_core.shell:Creating prefix chain script '/home/bt/Desktop/leitunssatz-ROS2-conversion/ls_ros2_ws/install/setup.ps1'
[12.434s] INFO:colcon.colcon_core.shell:Creating prefix script '/home/bt/Desktop/leitunssatz-ROS2-conversion/ls_ros2_ws/install/local_setup.sh'
[12.453s] INFO:colcon.colcon_core.shell:Creating prefix util module '/home/bt/Desktop/leitunssatz-ROS2-conversion/ls_ros2_ws/install/_local_setup_util_sh.py'
[12.456s] INFO:colcon.colcon_core.shell:Creating prefix chain script '/home/bt/Desktop/leitunssatz-ROS2-conversion/ls_ros2_ws/install/setup.sh'
[12.466s] INFO:colcon.colcon_core.shell:Creating prefix script '/home/bt/Desktop/leitunssatz-ROS2-conversion/ls_ros2_ws/install/local_setup.bash'
[12.468s] INFO:colcon.colcon_core.shell:Creating prefix chain script '/home/bt/Desktop/leitunssatz-ROS2-conversion/ls_ros2_ws/install/setup.bash'
[12.478s] INFO:colcon.colcon_core.shell:Creating prefix script '/home/bt/Desktop/leitunssatz-ROS2-conversion/ls_ros2_ws/install/local_setup.zsh'
[12.482s] INFO:colcon.colcon_core.shell:Creating prefix chain script '/home/bt/Desktop/leitunssatz-ROS2-conversion/ls_ros2_ws/install/setup.zsh'
