-- Found ament_cmake: 1.3.11 (/opt/ros/humble/share/ament_cmake/cmake)
-- Found rclcpp: 16.0.12 (/opt/ros/humble/share/rclcpp/cmake)
-- Found rosidl_generator_c: 3.1.6 (/opt/ros/humble/share/rosidl_generator_c/cmake)
-- Found rosidl_adapter: 3.1.6 (/opt/ros/humble/share/rosidl_adapter/cmake)
-- Found rosidl_generator_cpp: 3.1.6 (/opt/ros/humble/share/rosidl_generator_cpp/cmake)
-- Using all available rosidl_typesupport_c: rosidl_typesupport_fastrtps_c;rosidl_typesupport_introspection_c
-- Using all available rosidl_typesupport_cpp: rosidl_typesupport_fastrtps_cpp;rosidl_typesupport_introspection_cpp
-- Found rmw_implementation_cmake: 6.1.2 (/opt/ros/humble/share/rmw_implementation_cmake/cmake)
-- Found rmw_fastrtps_cpp: 6.2.7 (/opt/ros/humble/share/rmw_fastrtps_cpp/cmake)
-- Using RMW implementation 'rmw_fastrtps_cpp' as default
-- Found rosidl_default_generators: 1.2.0 (/opt/ros/humble/share/rosidl_default_generators/cmake)
[31mCMake Error at /opt/ros/humble/share/rosidl_adapter/cmake/rosidl_adapt_interfaces.cmake:59 (message):
  execute_process(/usr/bin/python3 -m rosidl_adapter --package-name
  ur_ros2_driver --arguments-file
  /home/bt/Desktop/leitunssatz-ROS2-conversion/ls_ros2_ws/build/ur_ros2_driver/rosidl_adapter__arguments__ur_ros2_driver.json
  --output-dir
  /home/bt/Desktop/leitunssatz-ROS2-conversion/ls_ros2_ws/build/ur_ros2_driver/rosidl_adapter/ur_ros2_driver
  --output-file
  /home/bt/Desktop/leitunssatz-ROS2-conversion/ls_ros2_ws/build/ur_ros2_driver/rosidl_adapter/ur_ros2_driver.idls)
  returned error code 1:

  KeyError processing template 'struct.idl.em': 'time'

Call Stack (most recent call first):
  /opt/ros/humble/share/rosidl_cmake/cmake/rosidl_generate_interfaces.cmake:130 (rosidl_adapt_interfaces)
  CMakeLists.txt:15 (rosidl_generate_interfaces)

[0m
-- Configuring incomplete, errors occurred!
See also "/home/bt/Desktop/leitunssatz-ROS2-conversion/ls_ros2_ws/build/ur_ros2_driver/CMakeFiles/CMakeOutput.log".
