[0.023s] Invoking command in '/home/bt/Desktop/leitunssatz-ROS2-conversion/ls_ros2_ws/build/ur_ros2_driver': CMAKE_PREFIX_PATH=${CMAKE_PREFIX_PATH}:/home/bt/workspace/install/rqt_joint_trajectory_controller:/home/bt/workspace/install/rqt_controller_manager:/home/bt/workspace/install/ros2controlcli:/home/bt/workspace/install/ros2_controllers_test_nodes:/home/bt/workspace/ros_ur_driver/install/rqt_joint_trajectory_controller:/home/bt/workspace/ros_ur_driver/install/rqt_controller_manager:/home/bt/workspace/ros_ur_driver/install/ros2controlcli:/home/bt/workspace/ros_ur_driver/install/ros2_controllers_test_nodes:/opt/ros/humble /usr/bin/cmake /home/bt/Desktop/leitunssatz-ROS2-conversion/ls_ros2_ws/src/ur_ros2_driver -DCMAKE_INSTALL_PREFIX=/home/bt/Desktop/leitunssatz-ROS2-conversion/ls_ros2_ws/install/ur_ros2_driver
[0.040s] -- Found ament_cmake: 1.3.11 (/opt/ros/humble/share/ament_cmake/cmake)
[0.158s] -- Found rclcpp: 16.0.12 (/opt/ros/humble/share/rclcpp/cmake)
[0.178s] -- Found rosidl_generator_c: 3.1.6 (/opt/ros/humble/share/rosidl_generator_c/cmake)
[0.179s] -- Found rosidl_adapter: 3.1.6 (/opt/ros/humble/share/rosidl_adapter/cmake)
[0.183s] -- Found rosidl_generator_cpp: 3.1.6 (/opt/ros/humble/share/rosidl_generator_cpp/cmake)
[0.190s] -- Using all available rosidl_typesupport_c: rosidl_typesupport_fastrtps_c;rosidl_typesupport_introspection_c
[0.200s] -- Using all available rosidl_typesupport_cpp: rosidl_typesupport_fastrtps_cpp;rosidl_typesupport_introspection_cpp
[0.221s] -- Found rmw_implementation_cmake: 6.1.2 (/opt/ros/humble/share/rmw_implementation_cmake/cmake)
[0.225s] -- Found rmw_fastrtps_cpp: 6.2.7 (/opt/ros/humble/share/rmw_fastrtps_cpp/cmake)
[0.358s] -- Using RMW implementation 'rmw_fastrtps_cpp' as default
[0.386s] -- Found rosidl_default_generators: 1.2.0 (/opt/ros/humble/share/rosidl_default_generators/cmake)
[0.505s] [31mCMake Error at /opt/ros/humble/share/rosidl_adapter/cmake/rosidl_adapt_interfaces.cmake:59 (message):
[0.505s]   execute_process(/usr/bin/python3 -m rosidl_adapter --package-name
[0.505s]   ur_ros2_driver --arguments-file
[0.505s]   /home/bt/Desktop/leitunssatz-ROS2-conversion/ls_ros2_ws/build/ur_ros2_driver/rosidl_adapter__arguments__ur_ros2_driver.json
[0.505s]   --output-dir
[0.505s]   /home/bt/Desktop/leitunssatz-ROS2-conversion/ls_ros2_ws/build/ur_ros2_driver/rosidl_adapter/ur_ros2_driver
[0.505s]   --output-file
[0.505s]   /home/bt/Desktop/leitunssatz-ROS2-conversion/ls_ros2_ws/build/ur_ros2_driver/rosidl_adapter/ur_ros2_driver.idls)
[0.505s]   returned error code 1:
[0.505s] 
[0.506s]   KeyError processing template 'struct.idl.em': 'time'
[0.506s] 
[0.506s] Call Stack (most recent call first):
[0.506s]   /opt/ros/humble/share/rosidl_cmake/cmake/rosidl_generate_interfaces.cmake:130 (rosidl_adapt_interfaces)
[0.506s]   CMakeLists.txt:15 (rosidl_generate_interfaces)
[0.506s] 
[0.506s] [0m
[0.506s] -- Configuring incomplete, errors occurred!
[0.506s] See also "/home/bt/Desktop/leitunssatz-ROS2-conversion/ls_ros2_ws/build/ur_ros2_driver/CMakeFiles/CMakeOutput.log".
[0.513s] Invoked command in '/home/bt/Desktop/leitunssatz-ROS2-conversion/ls_ros2_ws/build/ur_ros2_driver' returned '1': CMAKE_PREFIX_PATH=${CMAKE_PREFIX_PATH}:/home/bt/workspace/install/rqt_joint_trajectory_controller:/home/bt/workspace/install/rqt_controller_manager:/home/bt/workspace/install/ros2controlcli:/home/bt/workspace/install/ros2_controllers_test_nodes:/home/bt/workspace/ros_ur_driver/install/rqt_joint_trajectory_controller:/home/bt/workspace/ros_ur_driver/install/rqt_controller_manager:/home/bt/workspace/ros_ur_driver/install/ros2controlcli:/home/bt/workspace/ros_ur_driver/install/ros2_controllers_test_nodes:/opt/ros/humble /usr/bin/cmake /home/bt/Desktop/leitunssatz-ROS2-conversion/ls_ros2_ws/src/ur_ros2_driver -DCMAKE_INSTALL_PREFIX=/home/bt/Desktop/leitunssatz-ROS2-conversion/ls_ros2_ws/install/ur_ros2_driver
